#
# A fatal error has been detected by the Java Runtime Environment:
#
#  SIGSEGV (0xb) at pc=0x00007f145d16ab2a, pid=1416, tid=0x00007f13dacce700
#
# JRE version: Java(TM) SE Runtime Environment (8.0_111-b14) (build 1.8.0_111-b14)
# Java VM: Java HotSpot(TM) 64-Bit Server VM (25.111-b14 mixed mode linux-amd64 compressed oops)
# Problematic frame:
# C  [ld-linux-x86-64.so.2+0x1ab2a]
#
# Failed to write core dump. Core dumps have been disabled. To enable core dumping, try "ulimit -c unlimited" before starting Java again
#
# If you would like to submit a bug report, please visit:
#   http://bugreport.java.com/bugreport/crash.jsp
# The crash happened outside the Java Virtual Machine in native code.
# See problematic frame for where to report the bug.
#

---------------  T H R E A D  ---------------

Current thread (0x00007f145517e800):  JavaThread "Server thread" [_thread_in_native, id=1565, stack(0x00007f13dabce000,0x00007f13daccf000)]

siginfo: si_signo: 11 (SIGSEGV), si_code: 1 (SEGV_MAPERR), si_addr: 0x0000000000005566

Registers:
RAX=0x0000000000000020, RBX=0x00007f13d21f48a0, RCX=0x0000000000000026, RDX=0x00007f13b9b06220
RSP=0x00007f13dacca1d8, RBP=0x0000000000000000, RSI=0x0000000000005566, RDI=0x00007f13d21f48a0
R8 =0x0000000000000000, R9 =0x0000000000000001, R10=0x00007f145d16b500, R11=0x0000000000000206
R12=0x000000000184a9a0, R13=0x0000000090000001, R14=0x00007f145d178060, R15=0x00007f13d1f48fe0
RIP=0x00007f145d16ab2a, EFLAGS=0x0000000000010287, CSGSFS=0x002b000000000033, ERR=0x0000000000000004
  TRAPNO=0x000000000000000e

Top of Stack: (sp=0x00007f13dacca1d8)
0x00007f13dacca1d8:   00007f145d158977 00000002636e6176
0x00007f13dacca1e8:   65725f3730764655 656c626100000000
0x00007f13dacca1f8:   3076465548003458 0000000641c1b1f8
0x00007f13dacca208:   0034583473736572 6974706f5f465548
0x00007f13dacca218:   656c6261546c616d 4655425a00676f4c
0x00007f13dacca228:   6572665f37307646 000000067a6f8458
0x00007f13dacca238:   00007f14466d5b32 6f72466800000066
0x00007f13dacca248:   000000067a6f5d80 0000002200000000
0x00007f13dacca258:   0000000641c1b1d8 000000067a6f83e0
0x00007f13dacca268:   656c62615444676e 6f635f6176614a00
0x00007f13dacca278:   6275687469675f6d 7a5f6e6562756c5f
0x00007f13dacca288:   6474735a5f647473 00007f13dacca350
0x00007f13dacca298:   00007f144671966c 006d616572745344
0x00007f13dacca2a8:   373076464655425a 446574616572635f
0x00007f13dacca2b8:   4655425a00787443 00007f13dacca350
0x00007f13dacca2c8:   00007f14450004e7 675f6d6f635f6176
0x00007f13dacca2d8:   00007f14450004e7 000000064001e368
0x00007f13dacca2e8:   000000067a6f5d68 6d61657200001fa2
0x00007f13dacca2f8:   00007f1455217920 00007f145517e800
0x00007f13dacca308:   00007f13dacca3d0 000000067a6f5d68
0x00007f13dacca318:   00007f13dacca390 00007f13dacca390
0x00007f13dacca328:   00007f13dacca708 00007f13dacca390
0x00007f13dacca338:   00007f13dacca700 00007f13dacca3d0
0x00007f13dacca348:   00007f145517e800 00007f13dacca4c0
0x00007f13dacca358:   00007f145c3e5385 7568746900000002
0x00007f13dacca368:   00007f145517e800 00007f13dacca530
0x00007f13dacca378:   00007f13dacca700 00007f14450467a0
0x00007f13dacca388:   016165720000000c 00007f145517e800
0x00007f13dacca398:   00007f13d2412240 00007f1424c043d8
0x00007f13dacca3a8:   000000067a6f5d68 00007f13dacca930
0x00007f13dacca3b8:   00007f14454d918c 0000000000000000
0x00007f13dacca3c8:   00007f13dacca700 00007f145517e800 

Instructions: (pc=0x00007f145d16ab2a)
0x00007f145d16ab0a:   00 0f 1f 44 00 00 89 f1 89 f8 48 83 e1 3f 48 83
0x00007f145d16ab1a:   e0 3f 83 f9 30 77 3f 83 f8 30 77 3a 66 0f 12 0f
0x00007f145d16ab2a:   66 0f 12 16 66 0f 16 4f 08 66 0f 16 56 08 66 0f
0x00007f145d16ab3a:   ef c0 66 0f 74 c1 66 0f 74 ca 66 0f f8 c8 66 0f 

Register to memory mapping:

RAX=0x0000000000000020 is an unknown value
RBX=0x00007f13d21f48a0 is an unknown value
RCX=0x0000000000000026 is an unknown value
RDX=
[error occurred during error reporting (printing register info), id 0xb]

Stack: [0x00007f13dabce000,0x00007f13daccf000],  sp=0x00007f13dacca1d8,  free space=1008k
Native frames: (J=compiled Java code, j=interpreted, Vv=VM code, C=native code)
C  [ld-linux-x86-64.so.2+0x1ab2a]

Java frames: (J=compiled Java code, j=interpreted, Vv=VM code)
j  java.lang.ClassLoader$NativeLibrary.load(Ljava/lang/String;Z)V+0
j  java.lang.ClassLoader.loadLibrary0(Ljava/lang/Class;Ljava/io/File;)Z+328
j  java.lang.ClassLoader.loadLibrary(Ljava/lang/Class;Ljava/lang/String;Z)V+48
j  java.lang.Runtime.load0(Ljava/lang/Class;Ljava/lang/String;)V+57
j  java.lang.System.load(Ljava/lang/String;)V+7
j  com.github.luben.zstd.util.Native.load()V+141
j  com.boydti.fawe.Fawe.setupInjector()V+692
j  com.boydti.fawe.forge.FaweForge.setupInjector()V+0
j  com.boydti.fawe.forge.FaweForge.<init>(Lcom/boydti/fawe/forge/ForgeMain;Lorg/apache/logging/log4j/Logger;Lnet/minecraftforge/fml/common/ModMetadata;Ljava/io/File;)V+41
j  com.boydti.fawe.forge.ForgeMain.preInit(Lnet/minecraftforge/fml/common/event/FMLPreInitializationEvent;)V+77
v  ~StubRoutines::call_stub
J 4549  sun.reflect.NativeMethodAccessorImpl.invoke0(Ljava/lang/reflect/Method;Ljava/lang/Object;[Ljava/lang/Object;)Ljava/lang/Object; (0 bytes) @ 0x00007f1445dc8077 [0x00007f1445dc8000+0x77]
J 4548 C1 sun.reflect.NativeMethodAccessorImpl.invoke(Ljava/lang/Object;[Ljava/lang/Object;)Ljava/lang/Object; (104 bytes) @ 0x00007f1445dc770c [0x00007f1445dc7300+0x40c]
J 1946 C1 sun.reflect.DelegatingMethodAccessorImpl.invoke(Ljava/lang/Object;[Ljava/lang/Object;)Ljava/lang/Object; (10 bytes) @ 0x00007f14456912cc [0x00007f14456911c0+0x10c]
J 11338 C1 java.lang.reflect.Method.invoke(Ljava/lang/Object;[Ljava/lang/Object;)Ljava/lang/Object; (62 bytes) @ 0x00007f1446dfe49c [0x00007f1446dfe0a0+0x3fc]
J 8686 C1 net.minecraftforge.fml.common.FMLModContainer.handleModStateEvent(Lnet/minecraftforge/fml/common/event/FMLEvent;)V (89 bytes) @ 0x00007f144672e654 [0x00007f144672de60+0x7f4]
J 8696 C1 sun.reflect.GeneratedMethodAccessor9.invoke(Ljava/lang/Object;[Ljava/lang/Object;)Ljava/lang/Object; (66 bytes) @ 0x00007f144673189c [0x00007f14467315c0+0x2dc]
J 1946 C1 sun.reflect.DelegatingMethodAccessorImpl.invoke(Ljava/lang/Object;[Ljava/lang/Object;)Ljava/lang/Object; (10 bytes) @ 0x00007f14456912cc [0x00007f14456911c0+0x10c]
J 11338 C1 java.lang.reflect.Method.invoke(Ljava/lang/Object;[Ljava/lang/Object;)Ljava/lang/Object; (62 bytes) @ 0x00007f1446dfe49c [0x00007f1446dfe0a0+0x3fc]
J 8672 C1 com.google.common.eventbus.Subscriber.invokeSubscriberMethod(Ljava/lang/Object;)V (106 bytes) @ 0x00007f144670c6ac [0x00007f144670c360+0x34c]
J 8671 C1 com.google.common.eventbus.Subscriber$SynchronizedSubscriber.invokeSubscriberMethod(Ljava/lang/Object;)V (20 bytes) @ 0x00007f144670bd8c [0x00007f144670bc40+0x14c]
J 8670 C1 com.google.common.eventbus.Subscriber$1.run()V (41 bytes) @ 0x00007f144670b39c [0x00007f144670b280+0x11c]
J 8669 C1 com.google.common.util.concurrent.MoreExecutors$DirectExecutor.execute(Ljava/lang/Runnable;)V (7 bytes) @ 0x00007f144670aec4 [0x00007f144670adc0+0x104]
J 8674 C1 com.google.common.eventbus.Dispatcher$PerThreadQueuedDispatcher.dispatch(Ljava/lang/Object;Ljava/util/Iterator;)V (154 bytes) @ 0x00007f144671be8c [0x00007f144671aec0+0xfcc]
J 8594 C1 com.google.common.eventbus.EventBus.post(Ljava/lang/Object;)V (51 bytes) @ 0x00007f14466bb374 [0x00007f14466baca0+0x6d4]
j  net.minecraftforge.fml.common.LoadController.sendEventToModContainer(Lnet/minecraftforge/fml/common/event/FMLEvent;Lnet/minecraftforge/fml/common/ModContainer;)V+216
j  net.minecraftforge.fml.common.LoadController.propogateStateMessage(Lnet/minecraftforge/fml/common/event/FMLEvent;)V+78
v  ~StubRoutines::call_stub
J 4549  sun.reflect.NativeMethodAccessorImpl.invoke0(Ljava/lang/reflect/Method;Ljava/lang/Object;[Ljava/lang/Object;)Ljava/lang/Object; (0 bytes) @ 0x00007f1445dc8077 [0x00007f1445dc8000+0x77]
J 4548 C1 sun.reflect.NativeMethodAccessorImpl.invoke(Ljava/lang/Object;[Ljava/lang/Object;)Ljava/lang/Object; (104 bytes) @ 0x00007f1445dc770c [0x00007f1445dc7300+0x40c]
J 1946 C1 sun.reflect.DelegatingMethodAccessorImpl.invoke(Ljava/lang/Object;[Ljava/lang/Object;)Ljava/lang/Object; (10 bytes) @ 0x00007f14456912cc [0x00007f14456911c0+0x10c]
J 1945 C1 java.lang.reflect.Method.invoke(Ljava/lang/Object;[Ljava/lang/Object;)Ljava/lang/Object; (62 bytes) @ 0x00007f1445691a9c [0x00007f14456916a0+0x3fc]
J 8672 C1 com.google.common.eventbus.Subscriber.invokeSubscriberMethod(Ljava/lang/Object;)V (106 bytes) @ 0x00007f144670c6ac [0x00007f144670c360+0x34c]
J 8671 C1 com.google.common.eventbus.Subscriber$SynchronizedSubscriber.invokeSubscriberMethod(Ljava/lang/Object;)V (20 bytes) @ 0x00007f144670bd8c [0x00007f144670bc40+0x14c]
J 8670 C1 com.google.common.eventbus.Subscriber$1.run()V (41 bytes) @ 0x00007f144670b39c [0x00007f144670b280+0x11c]
J 8669 C1 com.google.common.util.concurrent.MoreExecutors$DirectExecutor.execute(Ljava/lang/Runnable;)V (7 bytes) @ 0x00007f144670aec4 [0x00007f144670adc0+0x104]
J 8674 C1 com.google.common.eventbus.Dispatcher$PerThreadQueuedDispatcher.dispatch(Ljava/lang/Object;Ljava/util/Iterator;)V (154 bytes) @ 0x00007f144671be8c [0x00007f144671aec0+0xfcc]
J 8594 C1 com.google.common.eventbus.EventBus.post(Ljava/lang/Object;)V (51 bytes) @ 0x00007f14466bb374 [0x00007f14466baca0+0x6d4]
j  net.minecraftforge.fml.common.LoadController.distributeStateMessage(Lnet/minecraftforge/fml/common/LoaderState;[Ljava/lang/Object;)V+16
j  net.minecraftforge.fml.common.Loader.preinitializeMods()V+95
j  net.minecraftforge.fml.server.FMLServerHandler.beginServerLoading(Lnet/minecraft/server/MinecraftServer;)V+18
j  net.minecraftforge.fml.common.FMLCommonHandler.onServerStart(Lnet/minecraft/server/MinecraftServer;)V+9
j  net.minecraft.server.dedicated.DedicatedServer.func_71197_b()Z+65
j  net.minecraft.server.MinecraftServer.run()V+1
j  java.lang.Thread.run()V+11
v  ~StubRoutines::call_stub

---------------  P R O C E S S  ---------------

Java Threads: ( => current thread )
  0x00007f13d24c6800 JavaThread "pool-5-thread-3" [_thread_blocked, id=1756, stack(0x00007f13b840a000,0x00007f13b850b000)]
  0x00007f13d24c4800 JavaThread "pool-5-thread-2" [_thread_in_native, id=1755, stack(0x00007f13b850b000,0x00007f13b860c000)]
  0x00007f13d24bd800 JavaThread "pool-5-thread-1" [_thread_blocked, id=1754, stack(0x00007f13b860c000,0x00007f13b870d000)]
  0x00007f13d1ebe000 JavaThread "Thread-8" daemon [_thread_blocked, id=1749, stack(0x00007f13bb158000,0x00007f13bb259000)]
  0x00007f13d20bb800 JavaThread "Timer-1" daemon [_thread_blocked, id=1743, stack(0x00007f13bb259000,0x00007f13bb35a000)]
  0x00007f13f8003000 JavaThread "Keep-Alive-SocketCleaner" daemon [_thread_blocked, id=1678, stack(0x00007f13d9646000,0x00007f13d9747000)]
  0x00007f13d1495800 JavaThread "Sampler sampling thread 0" daemon [_thread_blocked, id=1661, stack(0x00007f13d9747000,0x00007f13d9848000)]
  0x00007f13d0e6b800 JavaThread "Timer-0" [_thread_blocked, id=1628, stack(0x00007f13d9545000,0x00007f13d9646000)]
  0x00007f13d0011000 JavaThread "Server console handler" daemon [_thread_in_native, id=1566, stack(0x00007f13d9a48000,0x00007f13d9b49000)]
  0x00007f1454009000 JavaThread "DestroyJavaVM" [_thread_blocked, id=1428, stack(0x00007f145bad2000,0x00007f145bbd2000)]
=>0x00007f145517e800 JavaThread "Server thread" [_thread_in_native, id=1565, stack(0x00007f13dabce000,0x00007f13daccf000)]
  0x00007f145517d800 JavaThread "Server Infinisleeper" daemon [_thread_blocked, id=1564, stack(0x00007f13dad35000,0x00007f13dae36000)]
  0x00007f14551de000 JavaThread "Snooper Timer" daemon [_thread_blocked, id=1563, stack(0x00007f13ec019000,0x00007f13ec11a000)]
  0x00007f145428f000 JavaThread "Service Thread" daemon [_thread_blocked, id=1509, stack(0x00007f13efdfe000,0x00007f13efeff000)]
  0x00007f1454281800 JavaThread "C1 CompilerThread2" daemon [_thread_blocked, id=1496, stack(0x00007f13eff00000,0x00007f13f0000000)]
  0x00007f145427f800 JavaThread "C2 CompilerThread1" daemon [_thread_blocked, id=1495, stack(0x00007f142403d000,0x00007f142413d000)]
  0x00007f145427d800 JavaThread "C2 CompilerThread0" daemon [_thread_in_native, id=1491, stack(0x00007f142413e000,0x00007f142423e000)]
  0x00007f145427b000 JavaThread "Signal Dispatcher" daemon [_thread_blocked, id=1490, stack(0x00007f142423e000,0x00007f142433f000)]
  0x00007f145427a000 JavaThread "Surrogate Locker Thread (Concurrent GC)" daemon [_thread_blocked, id=1489, stack(0x00007f142433f000,0x00007f1424440000)]
  0x00007f1454246000 JavaThread "Finalizer" daemon [_thread_blocked, id=1481, stack(0x00007f1424725000,0x00007f1424826000)]
  0x00007f1454241800 JavaThread "Reference Handler" daemon [_thread_blocked, id=1480, stack(0x00007f1424826000,0x00007f1424927000)]

Other Threads:
  0x00007f145423a000 VMThread [stack: 0x00007f1424928000,0x00007f1424a28000] [id=1475]
  0x00007f1454292000 WatcherThread [stack: 0x00007f13efcfe000,0x00007f13efdfe000] [id=1513]

VM state:not at safepoint (normal execution)

VM Mutex/Monitor currently owned by a thread: None

Heap:
 garbage-first heap   total 1048576K, used 735706K [0x0000000640000000, 0x0000000640800400, 0x00000007c0000000)
  region size 8192K, 14 young (114688K), 2 survivors (16384K)
 Metaspace       used 113333K, capacity 115372K, committed 115840K, reserved 1146880K
  class space    used 17768K, capacity 18524K, committed 18560K, reserved 1048576K

Heap Regions: (Y=young(eden), SU=young(survivor), HS=humongous(starts), HC=humongous(continues), CS=collection set, F=free, TS=gc time stamp, PTAMS=previous top-at-mark-start, NTAMS=next top-at-mark-start)
AC   0  O    TS     0 PTAMS 0x0000000640800000 NTAMS 0x0000000640800000 space 8192K, 100% used [0x0000000640000000, 0x0000000640800000)
AC   0  O    TS     0 PTAMS 0x0000000641000000 NTAMS 0x0000000641000000 space 8192K, 100% used [0x0000000640800000, 0x0000000641000000)
AC   0  O    TS     0 PTAMS 0x0000000641800000 NTAMS 0x0000000641800000 space 8192K, 100% used [0x0000000641000000, 0x0000000641800000)
AC   0  O    TS     0 PTAMS 0x0000000642000000 NTAMS 0x0000000642000000 space 8192K, 100% used [0x0000000641800000, 0x0000000642000000)
AC   0  O    TS     0 PTAMS 0x0000000642800000 NTAMS 0x0000000642800000 space 8192K, 100% used [0x0000000642000000, 0x0000000642800000)
AC   0  O    TS     0 PTAMS 0x0000000643000000 NTAMS 0x0000000643000000 space 8192K, 100% used [0x0000000642800000, 0x0000000643000000)
AC   0  O    TS     0 PTAMS 0x0000000643800000 NTAMS 0x0000000643800000 space 8192K, 100% used [0x0000000643000000, 0x0000000643800000)
AC   0  O    TS     0 PTAMS 0x0000000644000000 NTAMS 0x0000000644000000 space 8192K, 100% used [0x0000000643800000, 0x0000000644000000)
AC   0  O    TS     0 PTAMS 0x0000000644800000 NTAMS 0x0000000644800000 space 8192K, 100% used [0x0000000644000000, 0x0000000644800000)
AC   0  O    TS     0 PTAMS 0x0000000645000000 NTAMS 0x0000000645000000 space 8192K, 100% used [0x0000000644800000, 0x0000000645000000)
AC   0  O    TS     0 PTAMS 0x0000000645800000 NTAMS 0x0000000645800000 space 8192K, 100% used [0x0000000645000000, 0x0000000645800000)
AC   0  O    TS     0 PTAMS 0x0000000646000000 NTAMS 0x0000000646000000 space 8192K, 100% used [0x0000000645800000, 0x0000000646000000)
AC   0  O    TS     0 PTAMS 0x0000000646800000 NTAMS 0x0000000646800000 space 8192K, 100% used [0x0000000646000000, 0x0000000646800000)
AC   0  O    TS     0 PTAMS 0x0000000647000000 NTAMS 0x0000000647000000 space 8192K, 100% used [0x0000000646800000, 0x0000000647000000)
AC   0  O    TS     0 PTAMS 0x0000000647800000 NTAMS 0x0000000647800000 space 8192K, 100% used [0x0000000647000000, 0x0000000647800000)
AC   0  O    TS     0 PTAMS 0x0000000648000000 NTAMS 0x0000000648000000 space 8192K, 100% used [0x0000000647800000, 0x0000000648000000)
AC   0  O    TS     0 PTAMS 0x0000000648800000 NTAMS 0x0000000648800000 space 8192K, 100% used [0x0000000648000000, 0x0000000648800000)
AC   0  O    TS     0 PTAMS 0x0000000649000000 NTAMS 0x0000000649000000 space 8192K, 100% used [0x0000000648800000, 0x0000000649000000)
AC   0  O    TS     0 PTAMS 0x0000000649800000 NTAMS 0x0000000649800000 space 8192K, 100% used [0x0000000649000000, 0x0000000649800000)
AC   0  O    TS     0 PTAMS 0x000000064a000000 NTAMS 0x000000064a000000 space 8192K, 100% used [0x0000000649800000, 0x000000064a000000)
AC   0  O    TS     0 PTAMS 0x000000064a800000 NTAMS 0x000000064a800000 space 8192K, 100% used [0x000000064a000000, 0x000000064a800000)
AC   0  O    TS     0 PTAMS 0x000000064b000000 NTAMS 0x000000064b000000 space 8192K, 100% used [0x000000064a800000, 0x000000064b000000)
AC   0  O    TS     0 PTAMS 0x000000064b800000 NTAMS 0x000000064b800000 space 8192K, 100% used [0x000000064b000000, 0x000000064b800000)
AC   0  O    TS     0 PTAMS 0x000000064c000000 NTAMS 0x000000064c000000 space 8192K, 100% used [0x000000064b800000, 0x000000064c000000)
AC   0  O    TS     0 PTAMS 0x000000064c800000 NTAMS 0x000000064c800000 space 8192K, 100% used [0x000000064c000000, 0x000000064c800000)
AC   0  O    TS     0 PTAMS 0x000000064d000000 NTAMS 0x000000064d000000 space 8192K, 100% used [0x000000064c800000, 0x000000064d000000)
AC   0  O    TS     0 PTAMS 0x000000064d800000 NTAMS 0x000000064d800000 space 8192K, 100% used [0x000000064d000000, 0x000000064d800000)
AC   0  O    TS     0 PTAMS 0x000000064e000000 NTAMS 0x000000064e000000 space 8192K, 100% used [0x000000064d800000, 0x000000064e000000)
AC   0  O    TS     0 PTAMS 0x000000064e800000 NTAMS 0x000000064e800000 space 8192K, 100% used [0x000000064e000000, 0x000000064e800000)
AC   0  O    TS     0 PTAMS 0x000000064f000000 NTAMS 0x000000064f000000 space 8192K, 100% used [0x000000064e800000, 0x000000064f000000)
AC   0  O    TS     0 PTAMS 0x000000064f800000 NTAMS 0x000000064f800000 space 8192K, 100% used [0x000000064f000000, 0x000000064f800000)
AC   0  O    TS     0 PTAMS 0x0000000650000000 NTAMS 0x0000000650000000 space 8192K, 100% used [0x000000064f800000, 0x0000000650000000)
AC   0  O    TS     0 PTAMS 0x0000000650800000 NTAMS 0x0000000650800000 space 8192K, 100% used [0x0000000650000000, 0x0000000650800000)
AC   0  O    TS     0 PTAMS 0x0000000651000000 NTAMS 0x0000000651000000 space 8192K, 100% used [0x0000000650800000, 0x0000000651000000)
AC   0  O    TS     0 PTAMS 0x0000000651800000 NTAMS 0x0000000651800000 space 8192K, 100% used [0x0000000651000000, 0x0000000651800000)
AC   0  O    TS     0 PTAMS 0x0000000652000000 NTAMS 0x0000000652000000 space 8192K, 100% used [0x0000000651800000, 0x0000000652000000)
AC   0  O    TS     1 PTAMS 0x0000000652000000 NTAMS 0x0000000652000000 space 8192K,  25% used [0x0000000652000000, 0x0000000652800000)
AC   0  O    TS     0 PTAMS 0x0000000653000000 NTAMS 0x0000000653000000 space 8192K, 100% used [0x0000000652800000, 0x0000000653000000)
AC   0  O    TS     0 PTAMS 0x0000000653800000 NTAMS 0x0000000653800000 space 8192K, 100% used [0x0000000653000000, 0x0000000653800000)
AC   0  O    TS     0 PTAMS 0x0000000654000000 NTAMS 0x0000000654000000 space 8192K, 100% used [0x0000000653800000, 0x0000000654000000)
AC   0  O    TS     0 PTAMS 0x0000000654800000 NTAMS 0x0000000654800000 space 8192K, 100% used [0x0000000654000000, 0x0000000654800000)
AC   0  O    TS     0 PTAMS 0x0000000655000000 NTAMS 0x0000000655000000 space 8192K, 100% used [0x0000000654800000, 0x0000000655000000)
AC   0  O    TS     0 PTAMS 0x0000000655800000 NTAMS 0x0000000655800000 space 8192K, 100% used [0x0000000655000000, 0x0000000655800000)
AC   0  O    TS     0 PTAMS 0x0000000656000000 NTAMS 0x0000000656000000 space 8192K, 100% used [0x0000000655800000, 0x0000000656000000)
AC   0  O    TS     0 PTAMS 0x0000000656800000 NTAMS 0x0000000656800000 space 8192K, 100% used [0x0000000656000000, 0x0000000656800000)
AC   0  O    TS     0 PTAMS 0x0000000657000000 NTAMS 0x0000000657000000 space 8192K, 100% used [0x0000000656800000, 0x0000000657000000)
AC   0  O    TS     0 PTAMS 0x0000000657800000 NTAMS 0x0000000657800000 space 8192K, 100% used [0x0000000657000000, 0x0000000657800000)
AC   0  O    TS     0 PTAMS 0x0000000658000000 NTAMS 0x0000000658000000 space 8192K, 100% used [0x0000000657800000, 0x0000000658000000)
AC   0  O    TS     0 PTAMS 0x0000000658800000 NTAMS 0x0000000658800000 space 8192K, 100% used [0x0000000658000000, 0x0000000658800000)
AC   0  O    TS     0 PTAMS 0x0000000659000000 NTAMS 0x0000000659000000 space 8192K, 100% used [0x0000000658800000, 0x0000000659000000)
AC   0  O    TS     0 PTAMS 0x0000000659800000 NTAMS 0x0000000659800000 space 8192K, 100% used [0x0000000659000000, 0x0000000659800000)
AC   0  O    TS     0 PTAMS 0x000000065a000000 NTAMS 0x000000065a000000 space 8192K, 100% used [0x0000000659800000, 0x000000065a000000)
AC   0  O    TS     0 PTAMS 0x000000065a800000 NTAMS 0x000000065a800000 space 8192K, 100% used [0x000000065a000000, 0x000000065a800000)
AC   0  O    TS     0 PTAMS 0x000000065b000000 NTAMS 0x000000065b000000 space 8192K, 100% used [0x000000065a800000, 0x000000065b000000)
AC   0  O    TS     0 PTAMS 0x000000065b800000 NTAMS 0x000000065b800000 space 8192K, 100% used [0x000000065b000000, 0x000000065b800000)
AC   0  O    TS     0 PTAMS 0x000000065c000000 NTAMS 0x000000065c000000 space 8192K, 100% used [0x000000065b800000, 0x000000065c000000)
AC   0  O    TS     0 PTAMS 0x000000065c800000 NTAMS 0x000000065c800000 space 8192K, 100% used [0x000000065c000000, 0x000000065c800000)
AC   0  O    TS     0 PTAMS 0x000000065d000000 NTAMS 0x000000065d000000 space 8192K, 100% used [0x000000065c800000, 0x000000065d000000)
AC   0  O    TS     0 PTAMS 0x000000065d800000 NTAMS 0x000000065d800000 space 8192K, 100% used [0x000000065d000000, 0x000000065d800000)
AC   0  O    TS     0 PTAMS 0x000000065e000000 NTAMS 0x000000065e000000 space 8192K, 100% used [0x000000065d800000, 0x000000065e000000)
AC   0  O    TS     0 PTAMS 0x000000065e800000 NTAMS 0x000000065e800000 space 8192K, 100% used [0x000000065e000000, 0x000000065e800000)
AC   0  O    TS     0 PTAMS 0x000000065f000000 NTAMS 0x000000065f000000 space 8192K, 100% used [0x000000065e800000, 0x000000065f000000)
AC   0  O    TS     0 PTAMS 0x000000065f800000 NTAMS 0x000000065f800000 space 8192K, 100% used [0x000000065f000000, 0x000000065f800000)
AC   0  O    TS     0 PTAMS 0x0000000660000000 NTAMS 0x0000000660000000 space 8192K, 100% used [0x000000065f800000, 0x0000000660000000)
AC   0  O    TS     0 PTAMS 0x0000000660800000 NTAMS 0x0000000660800000 space 8192K, 100% used [0x0000000660000000, 0x0000000660800000)
AC   0  O    TS     0 PTAMS 0x0000000661000000 NTAMS 0x0000000661000000 space 8192K, 100% used [0x0000000660800000, 0x0000000661000000)
AC   0  O    TS     0 PTAMS 0x0000000661800000 NTAMS 0x0000000661800000 space 8192K, 100% used [0x0000000661000000, 0x0000000661800000)
AC   0  O    TS     0 PTAMS 0x0000000662000000 NTAMS 0x0000000662000000 space 8192K, 100% used [0x0000000661800000, 0x0000000662000000)
AC   0  O    TS     0 PTAMS 0x0000000662800000 NTAMS 0x0000000662800000 space 8192K, 100% used [0x0000000662000000, 0x0000000662800000)
AC   0  O    TS     0 PTAMS 0x0000000663000000 NTAMS 0x0000000663000000 space 8192K, 100% used [0x0000000662800000, 0x0000000663000000)
AC   0  O    TS     0 PTAMS 0x0000000663800000 NTAMS 0x0000000663800000 space 8192K, 100% used [0x0000000663000000, 0x0000000663800000)
AC   0  O    TS     0 PTAMS 0x0000000664000000 NTAMS 0x0000000664000000 space 8192K, 100% used [0x0000000663800000, 0x0000000664000000)
AC   0  O    TS     0 PTAMS 0x0000000664800000 NTAMS 0x0000000664800000 space 8192K, 100% used [0x0000000664000000, 0x0000000664800000)
AC   0  O    TS     0 PTAMS 0x0000000665000000 NTAMS 0x0000000665000000 space 8192K, 100% used [0x0000000664800000, 0x0000000665000000)
AC   0  O    TS     0 PTAMS 0x0000000665400008 NTAMS 0x0000000665400008 space 8192K, 100% used [0x0000000665000000, 0x0000000665800000)
AC   0  O    TS     0 PTAMS 0x0000000666000000 NTAMS 0x0000000666000000 space 8192K, 100% used [0x0000000665800000, 0x0000000666000000)
AC   0  F    TS     0 PTAMS 0x0000000666000000 NTAMS 0x0000000666000000 space 8192K,   0% used [0x0000000666000000, 0x0000000666800000)
AC   0  O    TS     0 PTAMS 0x0000000667000000 NTAMS 0x0000000667000000 space 8192K, 100% used [0x0000000666800000, 0x0000000667000000)
AC   0  O    TS     1 PTAMS 0x0000000667000000 NTAMS 0x0000000667000000 space 8192K, 100% used [0x0000000667000000, 0x0000000667800000)
AC   0  F    TS     0 PTAMS 0x0000000667800000 NTAMS 0x0000000667800000 space 8192K,   0% used [0x0000000667800000, 0x0000000668000000)
AC   0  F    TS     0 PTAMS 0x0000000668000000 NTAMS 0x0000000668000000 space 8192K,   0% used [0x0000000668000000, 0x0000000668800000)
AC   0  F    TS     0 PTAMS 0x0000000668800000 NTAMS 0x0000000668800000 space 8192K,   0% used [0x0000000668800000, 0x0000000669000000)
AC   0  F    TS     0 PTAMS 0x0000000669000000 NTAMS 0x0000000669000000 space 8192K,   0% used [0x0000000669000000, 0x0000000669800000)
AC   0  F    TS     0 PTAMS 0x0000000669800000 NTAMS 0x0000000669800000 space 8192K,   0% used [0x0000000669800000, 0x000000066a000000)
AC   0  F    TS     0 PTAMS 0x000000066a000000 NTAMS 0x000000066a000000 space 8192K,   0% used [0x000000066a000000, 0x000000066a800000)
AC   0  F    TS     0 PTAMS 0x000000066a800000 NTAMS 0x000000066a800000 space 8192K,   0% used [0x000000066a800000, 0x000000066b000000)
AC   0  F    TS     0 PTAMS 0x000000066b000000 NTAMS 0x000000066b000000 space 8192K,   0% used [0x000000066b000000, 0x000000066b800000)
AC   0  F    TS     0 PTAMS 0x000000066b800000 NTAMS 0x000000066b800000 space 8192K,   0% used [0x000000066b800000, 0x000000066c000000)
AC   0  S CS TS     1 PTAMS 0x000000066c000000 NTAMS 0x000000066c000000 space 8192K,  55% used [0x000000066c000000, 0x000000066c800000)
AC   0  S CS TS     1 PTAMS 0x000000066c800000 NTAMS 0x000000066c800000 space 8192K, 100% used [0x000000066c800000, 0x000000066d000000)
AC   0  F    TS     0 PTAMS 0x000000066d000000 NTAMS 0x000000066d000000 space 8192K,   0% used [0x000000066d000000, 0x000000066d800000)
AC   0  F    TS     0 PTAMS 0x000000066d800000 NTAMS 0x000000066d800000 space 8192K,   0% used [0x000000066d800000, 0x000000066e000000)
AC   0  F    TS     0 PTAMS 0x000000066e000000 NTAMS 0x000000066e000000 space 8192K,   0% used [0x000000066e000000, 0x000000066e800000)
AC   0  F    TS     0 PTAMS 0x000000066e800000 NTAMS 0x000000066e800000 space 8192K,   0% used [0x000000066e800000, 0x000000066f000000)
AC   0  F    TS     0 PTAMS 0x000000066f000000 NTAMS 0x000000066f000000 space 8192K,   0% used [0x000000066f000000, 0x000000066f800000)
AC   0  F    TS     0 PTAMS 0x000000066f800000 NTAMS 0x000000066f800000 space 8192K,   0% used [0x000000066f800000, 0x0000000670000000)
AC   0  F    TS     0 PTAMS 0x0000000670000000 NTAMS 0x0000000670000000 space 8192K,   0% used [0x0000000670000000, 0x0000000670800000)
AC   0  F    TS     0 PTAMS 0x0000000670800000 NTAMS 0x0000000670800000 space 8192K,   0% used [0x0000000670800000, 0x0000000671000000)
AC   0  F    TS     0 PTAMS 0x0000000671000000 NTAMS 0x0000000671000000 space 8192K,   0% used [0x0000000671000000, 0x0000000671800000)
AC   0  F    TS     0 PTAMS 0x0000000671800000 NTAMS 0x0000000671800000 space 8192K,   0% used [0x0000000671800000, 0x0000000672000000)
AC   0  F    TS     0 PTAMS 0x0000000672000000 NTAMS 0x0000000672000000 space 8192K,   0% used [0x0000000672000000, 0x0000000672800000)
AC   0  F    TS     0 PTAMS 0x0000000672800000 NTAMS 0x0000000672800000 space 8192K,   0% used [0x0000000672800000, 0x0000000673000000)
AC   0  F    TS     0 PTAMS 0x0000000673000000 NTAMS 0x0000000673000000 space 8192K,   0% used [0x0000000673000000, 0x0000000673800000)
AC   0  F    TS     0 PTAMS 0x0000000673800000 NTAMS 0x0000000673800000 space 8192K,   0% used [0x0000000673800000, 0x0000000674000000)
AC   0  F    TS     0 PTAMS 0x0000000674000000 NTAMS 0x0000000674000000 space 8192K,   0% used [0x0000000674000000, 0x0000000674800000)
AC   0  F    TS     0 PTAMS 0x0000000674800000 NTAMS 0x0000000674800000 space 8192K,   0% used [0x0000000674800000, 0x0000000675000000)
AC   0  F    TS     0 PTAMS 0x0000000675000000 NTAMS 0x0000000675000000 space 8192K,   0% used [0x0000000675000000, 0x0000000675800000)
AC   0  F    TS     0 PTAMS 0x0000000675800000 NTAMS 0x0000000675800000 space 8192K,   0% used [0x0000000675800000, 0x0000000676000000)
AC   0  F    TS     0 PTAMS 0x0000000676000000 NTAMS 0x0000000676000000 space 8192K,   0% used [0x0000000676000000, 0x0000000676800000)
AC   0  F    TS     0 PTAMS 0x0000000676800000 NTAMS 0x0000000676800000 space 8192K,   0% used [0x0000000676800000, 0x0000000677000000)
AC   0  F    TS     0 PTAMS 0x0000000677000000 NTAMS 0x0000000677000000 space 8192K,   0% used [0x0000000677000000, 0x0000000677800000)
AC   0  F    TS     0 PTAMS 0x0000000677800000 NTAMS 0x0000000677800000 space 8192K,   0% used [0x0000000677800000, 0x0000000678000000)
AC   0  F    TS     0 PTAMS 0x0000000678000000 NTAMS 0x0000000678000000 space 8192K,   0% used [0x0000000678000000, 0x0000000678800000)
AC   0  F    TS     0 PTAMS 0x0000000678800000 NTAMS 0x0000000678800000 space 8192K,   0% used [0x0000000678800000, 0x0000000679000000)
AC   0  F    TS     0 PTAMS 0x0000000679000000 NTAMS 0x0000000679000000 space 8192K,   0% used [0x0000000679000000, 0x0000000679800000)
AC   0  F    TS     0 PTAMS 0x0000000679800000 NTAMS 0x0000000679800000 space 8192K,   0% used [0x0000000679800000, 0x000000067a000000)
AC   0  E    TS     0 PTAMS 0x000000067a000000 NTAMS 0x000000067a000000 space 8192K, 100% used [0x000000067a000000, 0x000000067a800000)
AC   0  E CS TS     0 PTAMS 0x000000067a800000 NTAMS 0x000000067a800000 space 8192K, 100% used [0x000000067a800000, 0x000000067b000000)
AC   0  E CS TS     0 PTAMS 0x000000067b000000 NTAMS 0x000000067b000000 space 8192K, 100% used [0x000000067b000000, 0x000000067b800000)
AC   0  E CS TS     0 PTAMS 0x000000067b800000 NTAMS 0x000000067b800000 space 8192K, 100% used [0x000000067b800000, 0x000000067c000000)
AC   0  E CS TS     0 PTAMS 0x000000067c000000 NTAMS 0x000000067c000000 space 8192K, 100% used [0x000000067c000000, 0x000000067c800000)
AC   0  E CS TS     0 PTAMS 0x000000067c800000 NTAMS 0x000000067c800000 space 8192K, 100% used [0x000000067c800000, 0x000000067d000000)
AC   0  E CS TS     0 PTAMS 0x000000067d000000 NTAMS 0x000000067d000000 space 8192K, 100% used [0x000000067d000000, 0x000000067d800000)
AC   0  E CS TS     0 PTAMS 0x000000067d800000 NTAMS 0x000000067d800000 space 8192K, 100% used [0x000000067d800000, 0x000000067e000000)
AC   0  E CS TS     0 PTAMS 0x000000067e000000 NTAMS 0x000000067e000000 space 8192K, 100% used [0x000000067e000000, 0x000000067e800000)
AC   0  E CS TS     0 PTAMS 0x000000067e800000 NTAMS 0x000000067e800000 space 8192K, 100% used [0x000000067e800000, 0x000000067f000000)
AC   0  E CS TS     0 PTAMS 0x000000067f000000 NTAMS 0x000000067f000000 space 8192K, 100% used [0x000000067f000000, 0x000000067f800000)
AC   0  E CS TS     0 PTAMS 0x000000067f800000 NTAMS 0x000000067f800000 space 8192K, 100% used [0x000000067f800000, 0x0000000680000000)

Card table byte_map: [0x00007f1444400000,0x00007f1445000000] byte_map_base: 0x00007f1441200000

Marking Bits (Prev, Next): (CMBitMap*) 0x00007f1454066b18, (CMBitMap*) 0x00007f1454066b70
 Prev Bits: [0x00007f141a000000, 0x00007f1420000000)
 Next Bits: [0x00007f1414000000, 0x00007f141a000000)

Polling page: 0x00007f145d14f000

CodeCache: size=245760Kb used=32589Kb max_used=32600Kb free=213170Kb
 bounds [0x00007f1445000000, 0x00007f1447010000, 0x00007f1454000000]
 total_blobs=9135 nmethods=8271 adapters=777
 compilation: enabled

Compilation events (10 events):
Event: 325,917 Thread 0x00007f145427f800 nmethod 11836 0x00007f1446feccd0 code [0x00007f1446fecea0, 0x00007f1446fed870]
Event: 326,290 Thread 0x00007f145427d800 11837       4       org.objectweb.asm.ClassWriter::a (387 bytes)
Event: 326,290 Thread 0x00007f1454281800 11838       3       org.objectweb.asm.ClassWriter::newHandle (15 bytes)
Event: 326,290 Thread 0x00007f1454281800 nmethod 11838 0x00007f1446fe7d90 code [0x00007f1446fe7f00, 0x00007f1446fe8108]
Event: 326,439 Thread 0x00007f145427d800 nmethod 11837 0x00007f1447001110 code [0x00007f14470013e0, 0x00007f14470035b0]
Event: 326,452 Thread 0x00007f145427f800 11839       4       org.objectweb.asm.MethodWriter::visitTableSwitchInsn (120 bytes)
Event: 326,458 Thread 0x00007f145427d800 11840       4       org.objectweb.asm.MethodVisitor::visitTableSwitchInsn (20 bytes)
Event: 326,494 Thread 0x00007f145427d800 nmethod 11840 0x00007f1446ff6bd0 code [0x00007f1446ff6dc0, 0x00007f1446ff76b0]
Event: 326,495 Thread 0x00007f145427f800 nmethod 11839 0x00007f1446ff59d0 code [0x00007f1446ff5ba0, 0x00007f1446ff6470]
Event: 326,508 Thread 0x00007f145427d800 11841       4       java.net.URLStreamHandler::parseURL (1158 bytes)

GC Heap History (10 events):
Event: 312,618 GC heap before
{Heap before GC invocations=75 (full 0):
 garbage-first heap   total 1048576K, used 871780K [0x0000000640000000, 0x0000000640800400, 0x00000007c0000000)
  region size 8192K, 38 young (311296K), 2 survivors (16384K)
 Metaspace       used 107277K, capacity 109160K, committed 109568K, reserved 1140736K
  class space    used 16921K, capacity 17644K, committed 17664K, reserved 1048576K
Event: 313,042 GC heap after
Heap after GC invocations=76 (full 0):
 garbage-first heap   total 1048576K, used 591990K [0x0000000640000000, 0x0000000640800400, 0x00000007c0000000)
  region size 8192K, 2 young (16384K), 2 survivors (16384K)
 Metaspace       used 107277K, capacity 109160K, committed 109568K, reserved 1140736K
  class space    used 16921K, capacity 17644K, committed 17664K, reserved 1048576K
}
Event: 315,779 GC heap before
{Heap before GC invocations=76 (full 0):
 garbage-first heap   total 1048576K, used 886902K [0x0000000640000000, 0x0000000640800400, 0x00000007c0000000)
  region size 8192K, 38 young (311296K), 2 survivors (16384K)
 Metaspace       used 108624K, capacity 110590K, committed 110976K, reserved 1142784K
  class space    used 17190K, capacity 17937K, committed 18048K, reserved 1048576K
Event: 315,878 GC heap after
Heap after GC invocations=77 (full 0):
 garbage-first heap   total 1048576K, used 634880K [0x0000000640000000, 0x0000000640800400, 0x00000007c0000000)
  region size 8192K, 2 young (16384K), 2 survivors (16384K)
 Metaspace       used 108624K, capacity 110590K, committed 110976K, reserved 1142784K
  class space    used 17190K, capacity 17937K, committed 18048K, reserved 1048576K
}
Event: 318,208 GC heap before
{Heap before GC invocations=77 (full 0):
 garbage-first heap   total 1048576K, used 929792K [0x0000000640000000, 0x0000000640800400, 0x00000007c0000000)
  region size 8192K, 38 young (311296K), 2 survivors (16384K)
 Metaspace       used 109880K, capacity 111878K, committed 112128K, reserved 1142784K
  class space    used 17364K, capacity 18133K, committed 18176K, reserved 1048576K
Event: 318,315 GC heap after
Heap after GC invocations=78 (full 0):
 garbage-first heap   total 1048576K, used 646546K [0x0000000640000000, 0x0000000640800400, 0x00000007c0000000)
  region size 8192K, 2 young (16384K), 2 survivors (16384K)
 Metaspace       used 109880K, capacity 111878K, committed 112128K, reserved 1142784K
  class space    used 17364K, capacity 18133K, committed 18176K, reserved 1048576K
}
Event: 322,438 GC heap before
{Heap before GC invocations=78 (full 0):
 garbage-first heap   total 1048576K, used 941458K [0x0000000640000000, 0x0000000640800400, 0x00000007c0000000)
  region size 8192K, 38 young (311296K), 2 survivors (16384K)
 Metaspace       used 111428K, capacity 113482K, committed 113792K, reserved 1144832K
  class space    used 17534K, capacity 18299K, committed 18304K, reserved 1048576K
Event: 322,543 GC heap after
Heap after GC invocations=79 (full 0):
 garbage-first heap   total 1048576K, used 659278K [0x0000000640000000, 0x0000000640800400, 0x00000007c0000000)
  region size 8192K, 2 young (16384K), 2 survivors (16384K)
 Metaspace       used 111428K, capacity 113482K, committed 113792K, reserved 1144832K
  class space    used 17534K, capacity 18299K, committed 18304K, reserved 1048576K
}
Event: 325,922 GC heap before
{Heap before GC invocations=80 (full 0):
 garbage-first heap   total 1048576K, used 937806K [0x0000000640000000, 0x0000000640800400, 0x00000007c0000000)
  region size 8192K, 38 young (311296K), 2 survivors (16384K)
 Metaspace       used 112849K, capacity 114860K, committed 115328K, reserved 1146880K
  class space    used 17710K, capacity 18460K, committed 18560K, reserved 1048576K
Event: 325,978 GC heap after
Heap after GC invocations=81 (full 0):
 garbage-first heap   total 1048576K, used 645594K [0x0000000640000000, 0x0000000640800400, 0x00000007c0000000)
  region size 8192K, 2 young (16384K), 2 survivors (16384K)
 Metaspace       used 112849K, capacity 114860K, committed 115328K, reserved 1146880K
  class space    used 17710K, capacity 18460K, committed 18560K, reserved 1048576K
}

Deoptimization events (10 events):
Event: 320,596 Thread 0x00007f145517e800 Uncommon trap: reason=bimorphic action=maybe_recompile pc=0x00007f1446799bc4 method=java.util.regex.Pattern$7.isSatisfiedBy(I)Z @ 5
Event: 322,119 Thread 0x00007f13d24c4800 Uncommon trap: reason=unstable_if action=reinterpret pc=0x00007f144658dda4 method=java.net.URLStreamHandler.parseURL(Ljava/net/URL;Ljava/lang/String;II)V @ 84
Event: 323,846 Thread 0x00007f145517e800 Uncommon trap: reason=unstable_if action=reinterpret pc=0x00007f1446a90c2c method=com.boydti.fawe.yaml.scanner.ScannerImpl.stalePossibleSimpleKeys()V @ 57
Event: 323,860 Thread 0x00007f145517e800 Uncommon trap: reason=unstable_if action=reinterpret pc=0x00007f14469c9764 method=com.boydti.fawe.yaml.scanner.ScannerImpl.stalePossibleSimpleKeys()V @ 57
Event: 324,174 Thread 0x00007f145517e800 Uncommon trap: reason=unloaded action=reinterpret pc=0x00007f14454b8e00 method=org.objectweb.asm.ClassReader.a(I[CLjava/lang/String;Lorg/objectweb/asm/AnnotationVisitor;)I @ 462
Event: 324,175 Thread 0x00007f145517e800 Uncommon trap: reason=unstable_if action=reinterpret pc=0x00007f1445dc3bf4 method=org.objectweb.asm.AnnotationWriter.visit(Ljava/lang/String;Ljava/lang/Object;)V @ 152
Event: 326,006 Thread 0x00007f145517e800 Uncommon trap: reason=bimorphic action=maybe_recompile pc=0x00007f144661e964 method=org.objectweb.asm.ClassWriter.a(Ljava/lang/String;Ljava/lang/String;Lorg/objectweb/asm/Handle;[Ljava/lang/Object;)Lorg/objectweb/asm/Item; @ 102
Event: 326,006 Thread 0x00007f145517e800 Uncommon trap: reason=bimorphic action=maybe_recompile pc=0x00007f144661e964 method=org.objectweb.asm.ClassWriter.a(Ljava/lang/String;Ljava/lang/String;Lorg/objectweb/asm/Handle;[Ljava/lang/Object;)Lorg/objectweb/asm/Item; @ 102
Event: 326,006 Thread 0x00007f145517e800 Uncommon trap: reason=bimorphic action=maybe_recompile pc=0x00007f144661e964 method=org.objectweb.asm.ClassWriter.a(Ljava/lang/String;Ljava/lang/String;Lorg/objectweb/asm/Handle;[Ljava/lang/Object;)Lorg/objectweb/asm/Item; @ 102
Event: 326,007 Thread 0x00007f145517e800 Uncommon trap: reason=bimorphic action=maybe_recompile pc=0x00007f144661e964 method=org.objectweb.asm.ClassWriter.a(Ljava/lang/String;Ljava/lang/String;Lorg/objectweb/asm/Handle;[Ljava/lang/Object;)Lorg/objectweb/asm/Item; @ 102

Internal exceptions (10 events):
Event: 312,492 Thread 0x00007f145517e800 Exception <a 'java/lang/NullPointerException'> (0x000000066e0d0290) thrown at [/HUDSON3/workspace/8-2-build-linux-amd64/jdk8u111/7883/hotspot/src/share/vm/runtime/sharedRuntime.cpp, line 605]
Event: 312,493 Thread 0x00007f145517e800 Implicit null exception at 0x00007f1446da8594 to 0x00007f1446da8c98
Event: 312,493 Thread 0x00007f145517e800 Exception <a 'java/lang/NullPointerException'> (0x000000066e0e72b0) thrown at [/HUDSON3/workspace/8-2-build-linux-amd64/jdk8u111/7883/hotspot/src/share/vm/runtime/sharedRuntime.cpp, line 605]
Event: 312,494 Thread 0x00007f145517e800 Implicit null exception at 0x00007f1446da8594 to 0x00007f1446da8c98
Event: 312,495 Thread 0x00007f145517e800 Exception <a 'java/lang/NullPointerException'> (0x000000066e0fbf88) thrown at [/HUDSON3/workspace/8-2-build-linux-amd64/jdk8u111/7883/hotspot/src/share/vm/runtime/sharedRuntime.cpp, line 605]
Event: 312,495 Thread 0x00007f145517e800 Implicit null exception at 0x00007f1446da8594 to 0x00007f1446da8c98
Event: 312,495 Thread 0x00007f145517e800 Exception <a 'java/lang/NullPointerException'> (0x000000066e10fdd8) thrown at [/HUDSON3/workspace/8-2-build-linux-amd64/jdk8u111/7883/hotspot/src/share/vm/runtime/sharedRuntime.cpp, line 605]
Event: 312,496 Thread 0x00007f145517e800 Implicit null exception at 0x00007f1446da8594 to 0x00007f1446da8c98
Event: 312,496 Thread 0x00007f145517e800 Exception <a 'java/lang/NullPointerException'> (0x000000066e123bc8) thrown at [/HUDSON3/workspace/8-2-build-linux-amd64/jdk8u111/7883/hotspot/src/share/vm/runtime/sharedRuntime.cpp, line 605]
Event: 315,258 Thread 0x00007f145517e800 Exception <a 'java/lang/NoSuchMethodError': java.lang.Object.lambda$and$0(Ljava/util/function/Predicate;Ljava/lang/Object;)Z> (0x0000000672ca0ba8) thrown at [/HUDSON3/workspace/8-2-build-linux-amd64/jdk8u111/7883/hotspot/src/share/vm/interpreter/linkResol

Events (10 events):
Event: 326,722 loading class com/sk89q/worldedit/util/command/SimpleDispatcher
Event: 326,722 loading class com/sk89q/worldedit/util/command/SimpleDispatcher done
Event: 326,729 loading class com/sk89q/worldedit/util/command/CommandMapping
Event: 326,729 loading class com/sk89q/worldedit/util/command/CommandMapping done
Event: 326,732 loading class com/sk89q/worldedit/util/command/SimpleCommandMapping
Event: 326,732 loading class com/sk89q/worldedit/util/command/SimpleCommandMapping done
Event: 326,737 loading class com/github/luben/zstd/util/Native
Event: 326,737 loading class com/github/luben/zstd/util/Native done
Event: 326,743 Executing VM operation: RevokeBias
Event: 326,743 Executing VM operation: RevokeBias done


Dynamic libraries:
00400000-00401000 r-xp 00000000 08:02 1964420                            /opt/jre1.8.0_111/bin/java
00600000-00601000 rw-p 00000000 08:02 1964420                            /opt/jre1.8.0_111/bin/java
0184a000-0186b000 rw-p 00000000 00:00 0                                  [heap]
640000000-680000000 rw-p 00000000 00:00 0 
680000000-7c0000000 ---p 00000000 00:00 0 
7c0000000-7c1220000 rw-p 00000000 00:00 0 
7c1220000-800000000 ---p 00000000 00:00 0 
7f13ac000000-7f13ac021000 rw-p 00000000 00:00 0 
7f13ac021000-7f13b0000000 ---p 00000000 00:00 0 
7f13b4000000-7f13b4021000 rw-p 00000000 00:00 0 
7f13b4021000-7f13b8000000 ---p 00000000 00:00 0 
7f13b820a000-7f13b830a000 rw-p 00000000 00:00 0 
7f13b830a000-7f13b840a000 ---p 00000000 00:00 0 
7f13b840a000-7f13b840d000 ---p 00000000 00:00 0 
7f13b840d000-7f13b850b000 rw-p 00000000 00:00 0 
7f13b850b000-7f13b850e000 ---p 00000000 00:00 0 
7f13b850e000-7f13b860c000 rw-p 00000000 00:00 0 
7f13b860c000-7f13b860f000 ---p 00000000 00:00 0 
7f13b860f000-7f13b890d000 rw-p 00000000 00:00 0 
7f13b890d000-7f13b8b0d000 rw-p 00000000 00:00 0 
7f13b8b0d000-7f13b8d0d000 rw-p 00000000 00:00 0 
7f13b8d0d000-7f13b8f0d000 rw-p 00000000 00:00 0 
7f13b8f0d000-7f13b910d000 rw-p 00000000 00:00 0 
7f13b910d000-7f13b910f000 r--s 0012e000 00:28 11693719                   /data/poc/poc3/marytts/voice-cmu-slt-hsmm-5.2.jar
7f13b910f000-7f13b92ac000 r--s 01aea000 00:28 11693718                   /data/poc/poc3/marytts/marytts-runtime-5.2-jar-for-computronics.jar
7f13b92ac000-7f13b92ae000 r--s 00695000 00:28 11693717                   /data/poc/poc3/marytts/marytts-lang-en-5.2.jar
7f13b92ae000-7f13b94ae000 rw-p 00000000 00:00 0 
7f13b94ae000-7f13b96ae000 rw-p 00000000 00:00 0 
7f13b96ae000-7f13b98ae000 rw-p 00000000 00:00 0 
7f13b98ae000-7f13b9905000 r-xp 00000000 00:28 14590807                   /data/poc/poc3/OpenComputersMod-1.7.5.212-lua53-native.64.so
7f13b9905000-7f13b9b05000 ---p 00057000 00:28 14590807                   /data/poc/poc3/OpenComputersMod-1.7.5.212-lua53-native.64.so
7f13b9b05000-7f13b9b07000 rw-p 00057000 00:28 14590807                   /data/poc/poc3/OpenComputersMod-1.7.5.212-lua53-native.64.so
7f13b9b07000-7f13b9b57000 r-xp 00000000 00:28 14590806                   /data/poc/poc3/OpenComputersMod-1.7.5.212-lua52-native.64.so (deleted)
7f13b9b57000-7f13b9d56000 ---p 00050000 00:28 14590806                   /data/poc/poc3/OpenComputersMod-1.7.5.212-lua52-native.64.so (deleted)
7f13b9d56000-7f13b9d58000 rw-p 0004f000 00:28 14590806                   /data/poc/poc3/OpenComputersMod-1.7.5.212-lua52-native.64.so (deleted)
7f13b9d58000-7f13b9f58000 rw-p 00000000 00:00 0 
7f13b9f58000-7f13ba158000 rw-p 00000000 00:00 0 
7f13ba158000-7f13ba358000 rw-p 00000000 00:00 0 
7f13ba358000-7f13ba558000 rw-p 00000000 00:00 0 
7f13ba558000-7f13ba758000 rw-p 00000000 00:00 0 
7f13ba758000-7f13ba958000 rw-p 00000000 00:00 0 
7f13ba958000-7f13bab58000 rw-p 00000000 00:00 0 
7f13bab58000-7f13bad58000 rw-p 00000000 00:00 0 
7f13bad58000-7f13baf58000 rw-p 00000000 00:00 0 
7f13baf58000-7f13bb158000 rw-p 00000000 00:00 0 
7f13bb158000-7f13bb15b000 ---p 00000000 00:00 0 
7f13bb15b000-7f13bb259000 rw-p 00000000 00:00 0 
7f13bb259000-7f13bb25c000 ---p 00000000 00:00 0 
7f13bb25c000-7f13bb55a000 rw-p 00000000 00:00 0 
7f13bb55a000-7f13bb55d000 r--s 00031000 00:28 13571990                   /data/poc/poc3/mods/UniDict-1.12.2-3.0.3.jar
7f13bb55d000-7f13bb560000 r--s 00011000 00:28 11688450                   /data/poc/poc3/mods/ocsensors-1.0.4-b23.jar
7f13bb560000-7f13bb569000 r--s 00062000 00:28 11688455                   /data/poc/poc3/mods/OpenGlasses-MC1.12.2-2.2-50.jar
7f13bb569000-7f13bb576000 r--s 00084000 00:28 11688453                   /data/poc/poc3/mods/OpenEntity-1.0.0-alpha_20191016.jar
7f13bb576000-7f13bb57e000 r--s 00045000 00:28 13571968                   /data/poc/poc3/mods/Commons0815-1.12.2-1.3.8.jar
7f13bb57e000-7f13bb58d000 r--s 0016e000 00:28 11688504                   /data/poc/poc3/mods/zettaindustries-1.3-1.12.2-161.jar
7f13bb58d000-7f13bb591000 r--s 00038000 00:28 13571992                   /data/poc/poc3/mods/WirelessCraftingTerminal-1.12.2-3.12.97.jar
7f13bb591000-7f13bb593000 r--s 00015000 00:28 11688501                   /data/poc/poc3/mods/Wawla-1.12.2-2.6.275.jar
7f13bb593000-7f13bb597000 r--s 00028000 00:28 13571991                   /data/poc/poc3/mods/WanionLib-1.12.2-2.5.jar
7f13bb597000-7f13bb59a000 r--s 0001d000 00:28 11688498                   /data/poc/poc3/mods/VeinMiner-1.12-0.38.2.647+b31535a.jar
7f13bb59a000-7f13bb59c000 r--s 00016000 00:28 13055494                   /data/poc/poc3/mods/TinkerToolLeveling-1.12.2-1.1.0.jar
7f13bb59c000-7f13bb59f000 r--s 00014000 00:28 11688493                   /data/poc/poc3/mods/thuttech-1.12.2-6.1.6.jar
7f13bb59f000-7f13bb5a8000 r--s 00072000 00:28 11688492                   /data/poc/poc3/mods/thutcore-1.12.2-5.21.0.jar
7f13bb5a8000-7f13bb5b3000 r--s 000a7000 00:28 13571988                   /data/poc/poc3/mods/ThermalDynamics-1.12.2-2.5.6.1-universal.jar
7f13bb5b3000-7f13bb5c0000 r--s 00169000 00:28 13055495                   /data/poc/poc3/mods/taiga-1.12.2-1.3.4.jar
7f13bb5c0000-7f13bb5c3000 r--s 0000b000 00:28 11688488                   /data/poc/poc3/mods/starterkit-1.12.2-1.0.20.1.jar
7f13bb5c3000-7f13bb5d8000 r--s 0009f000 00:28 11688497                   /data/poc/poc3/mods/valkyrielib-1.12.2-2.0.20.1.jar
7f13bb5d8000-7f13bb5db000 r--s 00023000 00:28 11688486                   /data/poc/poc3/mods/simplefluidtanks-1.12.2-1.7.1.3.jar
7f13bb5db000-7f13bb5ef000 r--s 0077f000 00:28 13571986                   /data/poc/poc3/mods/SGCraft-2.0.5.jar
7f13bb5ef000-7f13bb608000 r--s 000c0000 00:28 13572007                   /data/poc/poc3/mods/rsgauges-1.12.2-1.2.5.jar
7f13bb608000-7f13bb614000 r--s 0009e000 00:28 11688481                   /data/poc/poc3/mods/retrocomputers-3.0.2.jar
7f13bb614000-7f13bb627000 r--s 000fe000 00:28 11688478                   /data/poc/poc3/mods/quacklib-2.2.5.jar
7f13bb627000-7f13bb630000 r--s 00072000 00:28 11688477                   /data/poc/poc3/mods/ProjectRed-1.12.2-4.9.4.120-world.jar
7f13bb630000-7f13bb653000 r--s 00257000 00:28 11688476                   /data/poc/poc3/mods/ProjectRed-1.12.2-4.9.4.120-mechanical.jar
7f13bb653000-7f13bb65d000 r--s 000a7000 00:28 11688475                   /data/poc/poc3/mods/ProjectRed-1.12.2-4.9.4.120-lighting.jar
7f13bb65d000-7f13bb677000 r--s 001b5000 00:28 11688473                   /data/poc/poc3/mods/ProjectRed-1.12.2-4.9.4.120-fabrication.jar
7f13bb677000-7f13bb68e000 r--s 003a7000 00:28 11688474                   /data/poc/poc3/mods/ProjectRed-1.12.2-4.9.4.120-integration.jar
7f13bb68e000-7f13bb690000 r--s 0000f000 00:28 11688472                   /data/poc/poc3/mods/ProjectRed-1.12.2-4.9.4.120-compat.jar
7f13bb690000-7f13bb699000 r--s 001e9000 00:28 11688471                   /data/poc/poc3/mods/ProjectRed-1.12.2-4.9.4.120-Base.jar
7f13bb699000-7f13bb899000 rw-p 00000000 00:00 0 
7f13bb899000-7f13bb8f0000 r--s 008c1000 00:28 13572006                   /data/poc/poc3/mods/pneumaticcraft-repressurized-1.12.2-0.11.15-398.jar
7f13bb8f0000-7f13bb8f6000 r--s 0006d000 00:28 13571985                   /data/poc/poc3/mods/Patchouli-1.0-22.jar
7f13bb8f6000-7f13bb98d000 r--s 00419000 00:28 11688468                   /data/poc/poc3/mods/Pam's HarvestCraft 1.12.2zg.jar
7f13bb98d000-7f13bb98f000 r--s 00000000 00:28 11743449                   /data/poc/poc3/mods/Oversaturation-1.12.2-1.0.jar
7f13bb98f000-7f13bb991000 r--s 000a7000 00:28 11688459                   /data/poc/poc3/mods/openscreens-1.12.2-1.0.1.jar
7f13bb991000-7f13bb99d000 r--s 000ad000 00:28 11688458                   /data/poc/poc3/mods/OpenPython-MC1.12.2-OC1.7-1.0.1.jar
7f13bb99d000-7f13bb9a2000 r--s 0003d000 00:28 11688457                   /data/poc/poc3/mods/OpenPrinter-1.12.2-0.1.0.9.jar
7f13bb9a2000-7f13bb9b3000 r--s 000db000 00:28 11688456                   /data/poc/poc3/mods/openmodularturrets-1.12.2-3.1.9-370.jar
7f13bb9b3000-7f13bb9b9000 r--s 0002f000 00:28 11688451                   /data/poc/poc3/mods/omlib-1.12.2-3.1.4-249.jar
7f13bb9b9000-7f13bba04000 r--s 0064b000 00:28 13571983                   /data/poc/poc3/mods/NuclearCraft-2.18y-1.12.2.jar
7f13bba04000-7f13bba06000 r--s 0000b000 00:28 13571982                   /data/poc/poc3/mods/NoMoreRecipeConflict-0.13(1.12.2).jar
7f13bba06000-7f13bba11000 r--s 000ba000 00:28 11688445                   /data/poc/poc3/mods/MrTJPCore-1.12.2-2.1.4.43-universal.jar
7f13bba11000-7f13bba15000 r--s 00015000 00:28 11688439                   /data/poc/poc3/mods/ModernLights-1.0.3_1.12.jar
7f13bba15000-7f13bba17000 r--s 00007000 00:28 11688438                   /data/poc/poc3/mods/MmmMmmMmmMmm-1.12-1.14.jar
7f13bba17000-7f13bba1b000 r--s 00027000 00:28 11688408                   /data/poc/poc3/mods/MCMultiPart-2.5.3.jar
7f13bba1b000-7f13bba28000 r--s 0019d000 00:28 11688407                   /data/poc/poc3/mods/malisisdoors-1.12.2-7.3.0.jar
7f13bba28000-7f13bbc28000 rw-p 00000000 00:00 0 
7f13bbc28000-7f13bbc31000 r--s 00059000 00:28 14230937                   /data/poc/poc3/mods/lazy-ae2-1.12.2-1.1.25.jar
7f13bbc31000-7f13bbc3c000 r--s 00054000 00:28 14230938                   /data/poc/poc3/mods/libnine-1.12.2-1.2.0.jar
7f13bbc3c000-7f13bbc40000 r--s 00022000 00:28 11688398                   /data/poc/poc3/mods/IronJetpacks-1.12-2-1.1.0.jar
7f13bbc40000-7f13bbc53000 r--s 000d7000 00:28 11688397                   /data/poc/poc3/mods/ironchest-1.12.2-7.0.72.847.jar
7f13bbc53000-7f13bbc56000 r--s 00023000 00:28 13571999                   /data/poc/poc3/mods/incontrol-1.12-3.9.18.jar
7f13bbc56000-7f13bbc59000 r--s 0001d000 00:28 11688393                   /data/poc/poc3/mods/gravestone-1.10.3.jar
7f13bbc59000-7f13bbc61000 r--s 00060000 00:28 13571979                   /data/poc/poc3/mods/FTBUtilities-5.4.1.130.jar
7f13bbc61000-7f13bbc63000 r--s 00009000 00:28 11688390                   /data/poc/poc3/mods/FTBBackups-1.1.0.1.jar
7f13bbc63000-7f13bbc77000 r--s 0012b000 00:28 11688389                   /data/poc/poc3/mods/ForgeMultipart-1.12.2-2.6.2.83-universal.jar
7f13bbc77000-7f13bbc93000 r--s 0014e000 00:28 11743934                   /data/poc/poc3/mods/worldedit-forge-mc1.12.2-6.1.10-dist.jar
7f13bbc93000-7f13bbcc4000 r--s 00527000 00:28 11688337                   /data/poc/poc3/mods/FastAsyncWorldEdit-forge112-19.05.02-d89cb44-1274-22.2.0.jar
7f13bbcc4000-7f13bbcca000 r--s 00037000 00:28 11688382                   /data/poc/poc3/mods/FarmingForBlockheads_1.12.2-3.1.28.jar
7f13bbcca000-7f13bbce4000 r--s 0024e000 00:28 14230936                   /data/poc/poc3/mods/ExtraCells-1.12.2-2.6.5.jar
7f13bbce4000-7f13bbd03000 r--s 00286000 00:28 13571977                   /data/poc/poc3/mods/EnderIO-machines-1.12.2-5.2.66.jar
7f13bbd03000-7f13bbf03000 rw-p 00000000 00:00 0 
7f13bbf03000-7f13bbf14000 r--s 000d4000 00:28 13571978                   /data/poc/poc3/mods/FTBLib-5.4.7.2.jar
7f13bbf14000-7f13bbf16000 r--s 00010000 00:28 13571976                   /data/poc/poc3/mods/EnderIO-conduits-opencomputers-1.12.2-5.2.66.jar
7f13bbf16000-7f13bbf18000 r--s 0000a000 00:28 13571975                   /data/poc/poc3/mods/EnderIO-conduits-appliedenergistics-1.12.2-5.2.66.jar
7f13bbf18000-7f13bbf24000 r--s 000b7000 00:28 13571974                   /data/poc/poc3/mods/EnderIO-conduits-1.12.2-5.2.66.jar
7f13bbf24000-7f13bbf27000 r--s 00020000 00:28 11688376                   /data/poc/poc3/mods/EnchantingPlus-1.12.2-5.0.176.jar
7f13bbf27000-7f13bbf33000 r--s 000b8000 00:28 13571971                   /data/poc/poc3/mods/DoggyTalents-1.12.2-1.15.1.6.jar
7f13bbf33000-7f13bbf40000 r--s 00085000 00:28 11688369                   /data/poc/poc3/mods/CookingForBlockheads_1.12.2-6.5.0.jar
7f13bbf40000-7f13bbf45000 r--s 00045000 00:28 13572008                   /data/poc/poc3/mods/theoneprobe-1.12-1.4.28.jar
7f13bbf45000-7f13bbfa4000 r--s 004ea000 00:28 11688479                   /data/poc/poc3/mods/railcraft-12.0.0.jar
7f13bbfa4000-7f13bbfc1000 r--s 0011f000 00:28 11688367                   /data/poc/poc3/mods/Computronics-1.12.2-1.6.6.jar
7f13bbfc1000-7f13bbfcb000 r--s 0004f000 00:28 13571967                   /data/poc/poc3/mods/CommonCapabilities-1.12.2-2.4.8.jar
7f13bbfcb000-7f13bbfe1000 r--s 000ee000 00:28 13571970                   /data/poc/poc3/mods/CyclopsCore-1.12.2-1.6.6.jar
7f13bbfe1000-7f13bbfe7000 r--s 00023000 00:28 13571997                   /data/poc/poc3/mods/comforts-1.12.2-1.4.1.3.jar
7f13bbfe7000-7f13bbff2000 r--s 00067000 00:28 11688485                   /data/poc/poc3/mods/ShadowMC-1.12-3.8.0.jar
7f13bbff2000-7f13bc000000 r--s 000a7000 00:28 11688359                   /data/poc/poc3/mods/chiselsandbits-14.33.jar
7f13bc000000-7f13bc0f2000 rw-p 00000000 00:00 0 
7f13bc0f2000-7f13c0000000 ---p 00000000 00:00 0 
7f13c0000000-7f13c00a2000 rw-p 00000000 00:00 0 
7f13c00a2000-7f13c4000000 ---p 00000000 00:00 0 
7f13c4000000-7f13c4021000 rw-p 00000000 00:00 0 
7f13c4021000-7f13c8000000 ---p 00000000 00:00 0 
7f13c8000000-7f13c8167000 rw-p 00000000 00:00 0 
7f13c8167000-7f13cc000000 ---p 00000000 00:00 0 
7f13cc000000-7f13cc021000 rw-p 00000000 00:00 0 
7f13cc021000-7f13d0000000 ---p 00000000 00:00 0 
7f13d0000000-7f13d250c000 rw-p 00000000 00:00 0 
7f13d250c000-7f13d4000000 ---p 00000000 00:00 0 
7f13d4000000-7f13d4021000 rw-p 00000000 00:00 0 
7f13d4021000-7f13d8000000 ---p 00000000 00:00 0 
7f13d8001000-7f13d8004000 r--s 0001c000 00:28 11688374                   /data/poc/poc3/mods/Cucumber-1.12.2-1.1.3.jar
7f13d8004000-7f13d8006000 r--s 00004000 00:28 11688442                   /data/poc/poc3/mods/Morpheus-1.12.2-3.5.106.jar
7f13d8006000-7f13d8009000 r--s 00012000 00:28 11688361                   /data/poc/poc3/mods/Clipboard-1.12-1.3.0.jar
7f13d8009000-7f13d801e000 r--s 00038000 00:28 11688357                   /data/poc/poc3/mods/ChestTransporter-1.12.2-2.8.8.jar
7f13d801e000-7f13d8023000 r--s 0003d000 00:28 11688356                   /data/poc/poc3/mods/Bookshelf-1.12.2-2.3.590.jar
7f13d8023000-7f13d8066000 r--s 00438000 00:28 11688355                   /data/poc/poc3/mods/BiomesOPlenty-1.12.2-7.0.1.2441-universal.jar
7f13d8066000-7f13d8083000 r--s 004c6000 00:28 11688354                   /data/poc/poc3/mods/BiblioCraft[v2.4.5][MC1.12.2].jar
7f13d8083000-7f13d80a9000 r--s 001ba000 00:28 11688352                   /data/poc/poc3/mods/bdlib-1.14.3.12-mc1.12.2.jar
7f13d80a9000-7f13d82a9000 rw-p 00000000 00:00 0 
7f13d82a9000-7f13d82b7000 r--s 000d4000 00:28 11688350                   /data/poc/poc3/mods/architecturecraft-1.12-3.98.jar
7f13d82b7000-7f13d82e6000 r--s 00ead000 00:28 13571995                   /data/poc/poc3/mods/aliensvspredator-6.0.0.62.jar
7f13d82e6000-7f13d82ed000 r-xp 00000000 08:02 1964958                    /opt/jre1.8.0_111/lib/amd64/libawt_headless.so
7f13d82ed000-7f13d84ec000 ---p 00007000 08:02 1964958                    /opt/jre1.8.0_111/lib/amd64/libawt_headless.so
7f13d84ec000-7f13d84ed000 rw-p 00006000 08:02 1964958                    /opt/jre1.8.0_111/lib/amd64/libawt_headless.so
7f13d84ed000-7f13d858f000 r-xp 00000000 08:02 1964947                    /opt/jre1.8.0_111/lib/amd64/libawt.so
7f13d858f000-7f13d878f000 ---p 000a2000 08:02 1964947                    /opt/jre1.8.0_111/lib/amd64/libawt.so
7f13d878f000-7f13d879b000 rw-p 000a2000 08:02 1964947                    /opt/jre1.8.0_111/lib/amd64/libawt.so
7f13d879b000-7f13d87bf000 rw-p 00000000 00:00 0 
7f13d87bf000-7f13d8815000 r--s 00381000 00:28 13055493                   /data/poc/poc3/mods/TConstruct-1.12.2-2.13.0.183.jar
7f13d8815000-7f13d8a15000 rw-p 00000000 00:00 0 
7f13d8a15000-7f13d8aa1000 r--s 003fd000 00:28 11688358                   /data/poc/poc3/mods/Chisel-MC1.12.2-1.0.2.45.jar
7f13d8aa1000-7f13d8aaf000 r--s 000c0000 00:28 13055492                   /data/poc/poc3/mods/Mantle-1.12-1.3.3.55.jar
7f13d8aaf000-7f13d8af3000 r--s 0046a000 00:28 13571973                   /data/poc/poc3/mods/EnderIO-base-1.12.2-5.2.66.jar
7f13d8af3000-7f13d8b11000 r--s 0021f000 00:28 11688490                   /data/poc/poc3/mods/ThermalExpansion-1.12.2-5.5.7.1-universal.jar
7f13d8b11000-7f13d8b2f000 r--s 00200000 00:28 11688491                   /data/poc/poc3/mods/ThermalFoundation-1.12.2-2.6.7.1-universal.jar
7f13d8b2f000-7f13d8b38000 r--s 00073000 00:28 11688364                   /data/poc/poc3/mods/CoFHWorld-1.12.2-1.4.0.1-universal.jar
7f13d8b38000-7f13d8b45000 r--s 000c3000 00:28 11688363                   /data/poc/poc3/mods/CoFHCore-1.12.2-4.6.6.1-universal.jar
7f13d8b45000-7f13d8d45000 rw-p 00000000 00:00 0 
7f13d8d45000-7f13d8f45000 rw-p 00000000 00:00 0 
7f13d8f45000-7f13d9145000 rw-p 00000000 00:00 0 
7f13d9145000-7f13d9345000 rw-p 00000000 00:00 0 
7f13d9345000-7f13d9545000 rw-p 00000000 00:00 0 
7f13d9545000-7f13d9548000 ---p 00000000 00:00 0 
7f13d9548000-7f13d9646000 rw-p 00000000 00:00 0 
7f13d9646000-7f13d9649000 ---p 00000000 00:00 0 
7f13d9649000-7f13d9747000 rw-p 00000000 00:00 0 
7f13d9747000-7f13d974a000 ---p 00000000 00:00 0 
7f13d974a000-7f13d9a48000 rw-p 00000000 00:00 0 
7f13d9a48000-7f13d9a4b000 ---p 00000000 00:00 0 
7f13d9a4b000-7f13d9d49000 rw-p 00000000 00:00 0 
7f13d9d49000-7f13d9f49000 rw-p 00000000 00:00 0 
7f13d9f49000-7f13da149000 rw-p 00000000 00:00 0 
7f13da149000-7f13da349000 rw-p 00000000 00:00 0 
7f13da349000-7f13da549000 rw-p 00000000 00:00 0 
7f13da549000-7f13da749000 rw-p 00000000 00:00 0 
7f13da749000-7f13da768000 r-xp 00000000 08:02 1964908                    /opt/jre1.8.0_111/lib/amd64/libunpack.so
7f13da768000-7f13da968000 ---p 0001f000 08:02 1964908                    /opt/jre1.8.0_111/lib/amd64/libunpack.so
7f13da968000-7f13da96b000 rw-p 0001f000 08:02 1964908                    /opt/jre1.8.0_111/lib/amd64/libunpack.so
7f13da96b000-7f13da97c000 rw-p 00000000 00:00 0 
7f13da97c000-7f13da98f000 r--s 00345000 08:02 1964900                    /opt/jre1.8.0_111/lib/resources.jar
7f13da98f000-7f13dab8f000 rw-p 00000000 00:00 0 
7f13dab8f000-7f13dab91000 r--s 00008000 00:28 13572003                   /data/poc/poc3/mods/memory_repo/com/enderio/core/EnderCore/1.12.2-0.5.76/EnderCore-1.12.2-0.5.76-core.jar
7f13dab91000-7f13dab92000 r--s 0001a000 00:28 13571981                   /data/poc/poc3/mods/NetherPortalFix_1.12.1-5.3.13.jar
7f13dab92000-7f13dab94000 r--s 00001000 00:28 13836137                   /data/poc/poc3/mods/chunkgenlimiter-1.1.jar
7f13dab94000-7f13dab97000 r--s 00018000 00:28 11688351                   /data/poc/poc3/mods/AutoRegLib-1.3-32.jar
7f13dab97000-7f13dab99000 r--s 00006000 00:28 11688441                   /data/poc/poc3/mods/Morph-o-Tool-1.2-21.jar
7f13dab99000-7f13daba4000 r--s 000a1000 00:28 11688362                   /data/poc/poc3/mods/CodeChickenLib-1.12.2-3.2.3.358-universal.jar
7f13daba4000-7f13dabb0000 r--s 00094000 00:28 11688401                   /data/poc/poc3/mods/jei_1.12.2-4.15.0.291.jar
7f13dabb0000-7f13dabc4000 r--s 00130000 00:28 11688345                   /data/poc/poc3/mods/alchemistry-1.12.2-41.jar
7f13dabc4000-7f13dabc7000 r--s 00018000 00:28 13647040                   /data/poc/poc3/mods/TickDynamic-1.12.2-1.0.2.jar
7f13dabc7000-7f13dabc9000 r--s 00007000 00:28 13571966                   /data/poc/poc3/mods/AppleSkin-mc1.12-1.0.14.jar
7f13dabc9000-7f13dabce000 r--s 00037000 00:28 13571964                   /data/poc/poc3/mods/AE2WTLib-1.12.2-1.0.34.jar
7f13dabce000-7f13dabd1000 ---p 00000000 00:00 0 
7f13dabd1000-7f13daccf000 rw-p 00000000 00:00 0 
7f13daccf000-7f13dacd6000 r--s 00091000 00:28 13571994                   /data/poc/poc3/mods/Xaeros_Minimap_20.29.1_Forge_1.12.jar
7f13dacd6000-7f13dacda000 r--s 0004a000 00:28 13571993                   /data/poc/poc3/mods/XaerosWorldMap_1.11.4_Forge_1.12.jar
7f13dacda000-7f13dacdb000 r--s 00006000 00:28 11688447                   /data/poc/poc3/mods/multihotbar-1.12.2-4.0.1-build-T116.jar
7f13dacdb000-7f13dace0000 r--s 0004c000 00:28 13572005                   /data/poc/poc3/mods/p455w0rdslib-1.12.2-2.3.161.jar
7f13dace0000-7f13daced000 r--s 0006b000 00:28 11688440                   /data/poc/poc3/mods/modtweaker-4.0.18.jar
7f13daced000-7f13dacf1000 r--p 00000000 08:02 1570490                    /usr/lib/x86_64-linux-gnu/libresolv-2.28.so
7f13dacf1000-7f13dacfe000 r-xp 00004000 08:02 1570490                    /usr/lib/x86_64-linux-gnu/libresolv-2.28.so
7f13dacfe000-7f13dad02000 r--p 00011000 08:02 1570490                    /usr/lib/x86_64-linux-gnu/libresolv-2.28.so
7f13dad02000-7f13dad03000 ---p 00015000 08:02 1570490                    /usr/lib/x86_64-linux-gnu/libresolv-2.28.so
7f13dad03000-7f13dad04000 r--p 00015000 08:02 1570490                    /usr/lib/x86_64-linux-gnu/libresolv-2.28.so
7f13dad04000-7f13dad05000 rw-p 00016000 08:02 1570490                    /usr/lib/x86_64-linux-gnu/libresolv-2.28.so
7f13dad05000-7f13dad07000 rw-p 00000000 00:00 0 
7f13dad07000-7f13dad08000 r--p 00000000 08:02 1570482                    /usr/lib/x86_64-linux-gnu/libnss_dns-2.28.so
7f13dad08000-7f13dad0c000 r-xp 00001000 08:02 1570482                    /usr/lib/x86_64-linux-gnu/libnss_dns-2.28.so
7f13dad0c000-7f13dad0d000 r--p 00005000 08:02 1570482                    /usr/lib/x86_64-linux-gnu/libnss_dns-2.28.so
7f13dad0d000-7f13dad0e000 r--p 00005000 08:02 1570482                    /usr/lib/x86_64-linux-gnu/libnss_dns-2.28.so
7f13dad0e000-7f13dad0f000 rw-p 00006000 08:02 1570482                    /usr/lib/x86_64-linux-gnu/libnss_dns-2.28.so
7f13dad0f000-7f13dad10000 r--s 00001000 00:28 11688383                   /data/poc/poc3/mods/FastLeafDecay-v14.jar
7f13dad10000-7f13dad12000 r--s 00009000 00:28 13055491                   /data/poc/poc3/mods/AkashicTome-1.2-12.jar
7f13dad12000-7f13dad13000 r--s 00001000 00:28 11688344                   /data/poc/poc3/mods/AIImprovements-1.12-0.0.1b3.jar
7f13dad13000-7f13dad19000 r--s 0003f000 08:02 1964656                    /opt/jre1.8.0_111/lib/ext/sunjce_provider.jar
7f13dad19000-7f13dad35000 r--s 00393000 08:02 1964652                    /opt/jre1.8.0_111/lib/ext/cldrdata.jar
7f13dad35000-7f13dad38000 ---p 00000000 00:00 0 
7f13dad38000-7f13dae36000 rw-p 00000000 00:00 0 
7f13dae36000-7f13dae47000 r--s 000f8000 00:28 13118465                   /data/poc/poc3/mods/phosphor-1.12.2-0.2.6+build50-universal.jar
7f13dae47000-7f13dae48000 r--s 00007000 00:28 11688480                   /data/poc/poc3/mods/RedstoneFlux-1.12-2.1.1.1-universal.jar
7f13dae48000-7f13dae4a000 r--s 00006000 00:28 11688446                   /data/poc/poc3/mods/MTLib-3.0.6.jar
7f13dae4a000-7f13dae66000 r--s 00142000 00:28 11688371                   /data/poc/poc3/mods/CraftTweaker2-1.12-4.1.20.574.jar
7f13dae66000-7f13dae68000 r--s 00011000 00:28 11688346                   /data/poc/poc3/mods/alib-1.0.12.jar
7f13dae68000-7f13dae73000 r--s 00094000 00:28 13571972                   /data/poc/poc3/mods/EnderCore-1.12.2-0.5.76.jar
7f13dae73000-7f13daec7000 r--s 00343000 00:28 13571996                   /data/poc/poc3/mods/appliedenergistics2-rv6-stable-7.jar
7f13daec7000-7f13daed1000 r--s 00048000 00:28 13571965                   /data/poc/poc3/mods/Additional-Compression-1.12.2-3.4.jar
7f13daed1000-7f13daed3000 r--s 0000e000 00:28 11688424                   /data/poc/poc3/mods/memory_repo/com/github/mcjty/mcjtytools/0.0.21/mcjtytools-0.0.21.jar
7f13daed3000-7f13daed6000 r--s 00010000 00:28 11688431                   /data/poc/poc3/mods/memory_repo/info/loenwind/autoconfig/AutoConfig/1.12.2-1.0.2/AutoConfig-1.12.2-1.0.2.jar
7f13daed6000-7f13daed9000 r--s 00014000 00:28 11688436                   /data/poc/poc3/mods/memory_repo/info/loenwind/autosave/AutoSave/1.12.2-1.0.11/AutoSave-1.12.2-1.0.11.jar
7f13daed9000-7f13daeda000 r--s 00004000 00:28 14254616                   /data/poc/poc3/mods/vorbisspi-1.0.3-1.jar
7f13daeda000-7f13daedc000 r--s 00009000 00:28 13571987                   /data/poc/poc3/mods/SoundFilters-0.12.1_for_1.12.jar
7f13daedc000-7f13daede000 r--s 00007000 00:28 14254615                   /data/poc/poc3/mods/mp3spi-1.9.5-1.jar
7f13daede000-7f13daee0000 r--s 00011000 00:28 11688443                   /data/poc/poc3/mods/MouseTweaks-2.10-mc1.12.2.jar
7f13daee0000-7f13daee2000 r--s 00003000 00:28 11688404                   /data/poc/poc3/mods/LLOverlayReloaded-1.1.6-mc1.12.2.jar
7f13daee2000-7f13daee4000 r--s 00005000 00:28 13572000                   /data/poc/poc3/mods/jeiintegration_1.12.2-1.6.0.jar
7f13daee4000-7f13daee6000 r--s 00006000 00:28 11688368                   /data/poc/poc3/mods/Controlling-3.0.10.jar
7f13daee6000-7f13db0e6000 rw-p 00000000 00:00 0 
7f13db0e6000-7f13db0e8000 r--s 00005000 00:28 11689500                   /data/poc/poc3/ForgeEssentials/lib/slf4j-api-1.7.5.jar
7f13db0e8000-7f13db161000 r--s 005a3000 00:28 11689490                   /data/poc/poc3/ForgeEssentials/lib/hibernate-core-5.2.2.Final.jar
7f13db161000-7f13db165000 r--s 00029000 00:28 11688402                   /data/poc/poc3/mods/LagGoggles-1.12.2-5.8-132.jar
7f13db165000-7f13db166000 r--s 00010000 08:02 1964660                    /opt/jre1.8.0_111/lib/ext/zipfs.jar
7f13db166000-7f13db16b000 r--s 0003d000 00:28 11689499                   /data/poc/poc3/ForgeEssentials/lib/pircbotx-2.0.1.jar
7f13db16b000-7f13db173000 r--s 000c4000 00:28 11689498                   /data/poc/poc3/ForgeEssentials/lib/mysql-connector-java-5.1.22.jar
7f13db173000-7f13db174000 r--s 00001000 00:28 11689497                   /data/poc/poc3/ForgeEssentials/lib/jsr250-api-1.0.jar
7f13db174000-7f13db176000 r--s 0000f000 00:28 11689496                   /data/poc/poc3/ForgeEssentials/lib/jboss-logging-3.3.0.Final.jar
7f13db176000-7f13db177000 r--s 00001000 00:28 11689495                   /data/poc/poc3/ForgeEssentials/lib/jboss-interceptors-api_1.1_spec-1.0.0.Beta1.jar
7f13db177000-7f13db178000 r--s 00000000 00:28 11689494                   /data/poc/poc3/ForgeEssentials/lib/javax.inject-1.jar
7f13db178000-7f13db182000 r--s 000ae000 00:28 11689493                   /data/poc/poc3/ForgeEssentials/lib/javassist-3.20.0-GA.jar
7f13db182000-7f13db185000 r--s 0002b000 00:28 11689492                   /data/poc/poc3/ForgeEssentials/lib/jandex-2.0.0.Final.jar
7f13db185000-7f13db18a000 r--s 00017000 00:28 11689491                   /data/poc/poc3/ForgeEssentials/lib/hibernate-jpa-2.1-api-1.0.0.Final.jar
7f13db18a000-7f13db18d000 r--s 00010000 00:28 11689489                   /data/poc/poc3/ForgeEssentials/lib/hibernate-commons-annotations-5.0.1.Final.jar
7f13db18d000-7f13db19a000 r--s 00183000 00:28 11689488                   /data/poc/poc3/ForgeEssentials/lib/h2-1.3.175.jar
7f13db19a000-7f13db19c000 r--s 00007000 00:28 11689486                   /data/poc/poc3/ForgeEssentials/lib/el-api-2.2.jar
7f13db19c000-7f13db1a1000 r--s 00048000 00:28 11689485                   /data/poc/poc3/ForgeEssentials/lib/dom4j-1.6.1.jar
7f13db1a1000-7f13db1a3000 r--s 0000e000 00:28 11689484                   /data/poc/poc3/ForgeEssentials/lib/classmate-1.3.0.jar
7f13db1a3000-7f13db1a7000 r--s 0000e000 00:28 11689483                   /data/poc/poc3/ForgeEssentials/lib/cdi-api-1.1.jar
7f13db1a7000-7f13db1ac000 r--s 00068000 00:28 11689482                   /data/poc/poc3/ForgeEssentials/lib/antlr-2.7.7.jar
7f13db1ac000-7f13db3ac000 rw-p 00000000 00:00 0 
7f13db3ac000-7f13db3bd000 r--s 000ee000 00:28 11688489                   /data/poc/poc3/mods/Surge-1.12.2-2.0.77.jar
7f13db3bd000-7f13db3c2000 r--s 00047000 00:28 11688483                   /data/poc/poc3/mods/sampler-1.84.jar
7f13db3c2000-7f13db3cd000 r--s 00085000 00:28 13571984                   /data/poc/poc3/mods/OpenSecurity-1.12.2-1.0-62.jar
7f13db3cd000-7f13db3db000 r--s 000d5000 00:28 11688454                   /data/poc/poc3/mods/OpenFM-1.12.2-0.1.0.19.jar
7f13db3db000-7f13db485000 r--s 00e5f000 00:28 11688452                   /data/poc/poc3/mods/OpenComputers-MC1.12.2-1.7.5.212.jar
7f13db485000-7f13db4a4000 r--s 001bb000 00:28 11688405                   /data/poc/poc3/mods/malisiscore-1.12.2-6.5.1.jar
7f13db4a4000-7f13db4cf000 r--s 00167000 00:28 11688403                   /data/poc/poc3/mods/LittleTiles_v1.5.0-pre199_26_mc1.12.2.jar
7f13db4cf000-7f13db4d2000 r--p 00000000 08:02 1569806                    /usr/lib/x86_64-linux-gnu/libgcc_s.so.1
7f13db4d2000-7f13db4e3000 r-xp 00003000 08:02 1569806                    /usr/lib/x86_64-linux-gnu/libgcc_s.so.1
7f13db4e3000-7f13db4e6000 r--p 00014000 08:02 1569806                    /usr/lib/x86_64-linux-gnu/libgcc_s.so.1
7f13db4e6000-7f13db4e7000 ---p 00017000 08:02 1569806                    /usr/lib/x86_64-linux-gnu/libgcc_s.so.1
7f13db4e7000-7f13db4e8000 r--p 00017000 08:02 1569806                    /usr/lib/x86_64-linux-gnu/libgcc_s.so.1
7f13db4e8000-7f13db4e9000 rw-p 00018000 08:02 1569806                    /usr/lib/x86_64-linux-gnu/libgcc_s.so.1
7f13db4e9000-7f13db4eb000 r--s 0000c000 00:28 13571989                   /data/poc/poc3/mods/TickCentral-3.2.jar
7f13db4eb000-7f13db4f3000 r--s 00060000 00:28 13572001                   /data/poc/poc3/mods/mdxlib-3.0.0.26.jar
7f13db4f3000-7f13db525000 r-xp 00000000 08:02 1964919                    /opt/jre1.8.0_111/lib/amd64/libsunec.so
7f13db525000-7f13db724000 ---p 00032000 08:02 1964919                    /opt/jre1.8.0_111/lib/amd64/libsunec.so
7f13db724000-7f13db72a000 rw-p 00031000 08:02 1964919                    /opt/jre1.8.0_111/lib/amd64/libsunec.so
7f13db72a000-7f13db73a000 rw-p 00000000 00:00 0 
7f13db73a000-7f13db73e000 r--s 0003d000 00:28 11688396                   /data/poc/poc3/mods/InventoryTweaks-1.63.jar
7f13db73e000-7f13db7a3000 r--s 00598000 00:28 11688388                   /data/poc/poc3/mods/Forgelin-1.8.4.jar
7f13db7a3000-7f13db7c9000 r--s 00c0d000 00:28 11777560                   /data/poc/poc3/mods/forgeessentials-1.12.2-12.3.82-server.jar
7f13db7c9000-7f13db7d2000 r--s 000de000 00:28 13571980                   /data/poc/poc3/mods/ForgeEndertech-1.12.2-4.5.5.0-build.0561.jar
7f13db7d2000-7f13db7e7000 r--s 0010b000 00:28 13571969                   /data/poc/poc3/mods/CreativeCore_v1.10.34_mc1.12.2.jar
7f13db7e7000-7f13db9e7000 rw-p 00000000 00:00 0 
7f13db9e7000-7f13dbbe7000 rw-p 00000000 00:00 0 
7f13dbbe7000-7f13dbde7000 rw-p 00000000 00:00 0 
7f13dbde7000-7f13dbdff000 r-xp 00000000 08:02 915746                     /tmp/jna-3478/jna3722426523241916640.tmp (deleted)
7f13dbdff000-7f13dbffe000 ---p 00018000 08:02 915746                     /tmp/jna-3478/jna3722426523241916640.tmp (deleted)
7f13dbffe000-7f13dc000000 rw-p 00017000 08:02 915746                     /tmp/jna-3478/jna3722426523241916640.tmp (deleted)
7f13dc000000-7f13dc021000 rw-p 00000000 00:00 0 
7f13dc021000-7f13e0000000 ---p 00000000 00:00 0 
7f13e0000000-7f13e0021000 rw-p 00000000 00:00 0 
7f13e0021000-7f13e4000000 ---p 00000000 00:00 0 
7f13e4000000-7f13e4f00000 rw-p 00000000 00:00 0 
7f13e4f00000-7f13e8000000 ---p 00000000 00:00 0 
7f13e8000000-7f13e9af7000 rw-p 00000000 00:00 0 
7f13e9af7000-7f13ec000000 ---p 00000000 00:00 0 
7f13ec000000-7f13ec001000 r--s 00003000 00:28 11689487                   /data/poc/poc3/ForgeEssentials/lib/geronimo-jta_1.1_spec-1.1.1.jar
7f13ec001000-7f13ec002000 r--s 00002000 00:28 11688448                   /data/poc/poc3/mods/multihotbarcore-1.12.2-1.0.1-build-T22.jar
7f13ec002000-7f13ec005000 r--s 0001a000 08:02 1964882                    /opt/jre1.8.0_111/lib/jce.jar
7f13ec005000-7f13ec007000 r--s 00009000 08:02 1964650                    /opt/jre1.8.0_111/lib/ext/sunec.jar
7f13ec007000-7f13ec008000 r--s 0000b000 00:28 13110203                   /data/poc/poc3/mods/gottagofast-1.1.jar
7f13ec008000-7f13ec00d000 r--s 0002f000 00:28 13571998                   /data/poc/poc3/mods/foamfix-0.10.11-1.12.2.jar
7f13ec00d000-7f13ec011000 r--s 0002d000 00:28 11688373                   /data/poc/poc3/mods/CTM-MC1.12.2-1.0.2.31.jar
7f13ec011000-7f13ec012000 r--s 00005000 00:28 14230935                   /data/poc/poc3/mods/CrashToMainMenu-client-1.12.2-1.0.0.jar
7f13ec012000-7f13ec014000 r--s 00005000 00:28 11688360                   /data/poc/poc3/mods/ChunkAnimator-MC1.12-1.2.jar
7f13ec014000-7f13ec016000 r--s 0000c000 00:28 11688342                   /data/poc/poc3/mods/1.12.2/ChickenASM-1.12-1.0.2.7.jar
7f13ec016000-7f13ec019000 r--s 00023000 00:28 11688353                   /data/poc/poc3/mods/BetterFps-1.4.8.jar
7f13ec019000-7f13ec01c000 ---p 00000000 00:00 0 
7f13ec01c000-7f13ec11a000 rw-p 00000000 00:00 0 
7f13ec11a000-7f13ec121000 r--s 00000000 08:02 1572818                    /usr/lib/x86_64-linux-gnu/gconv/gconv-modules.cache
7f13ec121000-7f13ec147000 r--p 00000000 08:02 1575657                    /usr/share/locale/de/LC_MESSAGES/libc.mo
7f13ec147000-7f13ec14a000 ---p 00000000 00:00 0 
7f13ec14a000-7f13ec180000 rw-p 00000000 00:00 0 
7f13ec180000-7f13ec184000 r--s 00097000 08:02 1964802                    /opt/jre1.8.0_111/lib/jsse.jar
7f13ec184000-7f13ec195000 r-xp 00000000 08:02 1964966                    /opt/jre1.8.0_111/lib/amd64/libnio.so
7f13ec195000-7f13ec394000 ---p 00011000 08:02 1964966                    /opt/jre1.8.0_111/lib/amd64/libnio.so
7f13ec394000-7f13ec395000 rw-p 00010000 08:02 1964966                    /opt/jre1.8.0_111/lib/amd64/libnio.so
7f13ec395000-7f13ef396000 rw-p 00000000 00:00 0 
7f13ef396000-7f13ef3ac000 r-xp 00000000 08:02 1964952                    /opt/jre1.8.0_111/lib/amd64/libnet.so
7f13ef3ac000-7f13ef5ac000 ---p 00016000 08:02 1964952                    /opt/jre1.8.0_111/lib/amd64/libnet.so
7f13ef5ac000-7f13ef5ad000 rw-p 00016000 08:02 1964952                    /opt/jre1.8.0_111/lib/amd64/libnet.so
7f13ef5ad000-7f13ef7ad000 rw-p 00000000 00:00 0 
7f13ef7ad000-7f13ef7b7000 r--s 00116000 08:02 1964655                    /opt/jre1.8.0_111/lib/ext/localedata.jar
7f13ef7b7000-7f13ef7c0000 r-xp 00000000 08:02 1964917                    /opt/jre1.8.0_111/lib/amd64/libmanagement.so
7f13ef7c0000-7f13ef9bf000 ---p 00009000 08:02 1964917                    /opt/jre1.8.0_111/lib/amd64/libmanagement.so
7f13ef9bf000-7f13ef9c0000 rw-p 00008000 08:02 1964917                    /opt/jre1.8.0_111/lib/amd64/libmanagement.so
7f13ef9c0000-7f13efbc2000 r--s 01ad1000 00:28 11688239                   /data/poc/poc3/minecraft_server.1.12.2.jar
7f13efbc2000-7f13efc0d000 r--s 003eb000 00:28 11688324                   /data/poc/poc3/libraries/org/scala-lang/scala-reflect/2.11.1/scala-reflect-2.11.1.jar
7f13efc0d000-7f13efcfd000 r--s 00c03000 00:28 11688315                   /data/poc/poc3/libraries/org/scala-lang/scala-compiler/2.11.1/scala-compiler-2.11.1.jar
7f13efcfd000-7f13efcfe000 ---p 00000000 00:00 0 
7f13efcfe000-7f13efdfe000 rw-p 00000000 00:00 0 
7f13efdfe000-7f13efe01000 ---p 00000000 00:00 0 
7f13efe01000-7f13efeff000 rw-p 00000000 00:00 0 
7f13efeff000-7f13eff00000 ---p 00000000 00:00 0 
7f13eff00000-7f13eff03000 ---p 00000000 00:00 0 
7f13eff03000-7f13f0000000 rw-p 00000000 00:00 0 
7f13f0000000-7f13f0021000 rw-p 00000000 00:00 0 
7f13f0021000-7f13f4000000 ---p 00000000 00:00 0 
7f13f4000000-7f13f59f3000 rw-p 00000000 00:00 0 
7f13f59f3000-7f13f8000000 ---p 00000000 00:00 0 
7f13f8000000-7f13f80d6000 rw-p 00000000 00:00 0 
7f13f80d6000-7f13fc000000 ---p 00000000 00:00 0 
7f13fc000000-7f13fc021000 rw-p 00000000 00:00 0 
7f13fc021000-7f1400000000 ---p 00000000 00:00 0 
7f1400000000-7f1400038000 rw-p 00000000 00:00 0 
7f1400038000-7f1404000000 ---p 00000000 00:00 0 
7f1404000000-7f1404021000 rw-p 00000000 00:00 0 
7f1404021000-7f1408000000 ---p 00000000 00:00 0 
7f1408000000-7f1408021000 rw-p 00000000 00:00 0 
7f1408021000-7f140c000000 ---p 00000000 00:00 0 
7f140c000000-7f140c021000 rw-p 00000000 00:00 0 
7f140c021000-7f1410000000 ---p 00000000 00:00 0 
7f1410000000-7f14102a8000 rw-p 00000000 00:00 0 
7f14102a8000-7f1414000000 ---p 00000000 00:00 0 
7f1414000000-7f1415000000 rw-p 00000000 00:00 0 
7f1415000000-7f141a000000 ---p 00000000 00:00 0 
7f141a000000-7f141b000000 rw-p 00000000 00:00 0 
7f141b000000-7f1420000000 ---p 00000000 00:00 0 
7f1420000000-7f142015d000 rw-p 00000000 00:00 0 
7f142015d000-7f1424000000 ---p 00000000 00:00 0 
7f1424000000-7f1424001000 r--s 00001000 00:28 13844581                   /data/poc/poc3/mods/1.12.2/chunkgenlimiter-1.1-core.jar
7f1424001000-7f1424002000 r--p 00000000 00:00 0 
7f1424002000-7f1424004000 r--s 0000c000 00:28 11688292                   /data/poc/poc3/libraries/org/apache/maven/maven-artifact/3.5.3/maven-artifact-3.5.3.jar
7f1424004000-7f142402c000 r--s 00241000 00:28 11688286                   /data/poc/poc3/libraries/net/sf/trove4j/trove4j/3.0.3/trove4j-3.0.3.jar
7f142402c000-7f142402e000 r--s 0004c000 00:28 11688262                   /data/poc/poc3/libraries/java3d/vecmath/1.5.2/vecmath-1.5.2.jar
7f142402e000-7f1424031000 r--s 00011000 00:28 11688282                   /data/poc/poc3/libraries/net/sf/jopt-simple/jopt-simple/5.0.3/jopt-simple-5.0.3.jar
7f1424031000-7f142403c000 r--s 000a9000 00:28 11688327                   /data/poc/poc3/libraries/org/scala-lang/scala-swing_2.11/1.0.1/scala-swing_2.11-1.0.1.jar
7f142403c000-7f142403d000 ---p 00000000 00:00 0 
7f142403d000-7f1424040000 ---p 00000000 00:00 0 
7f1424040000-7f142413d000 rw-p 00000000 00:00 0 
7f142413d000-7f142413e000 ---p 00000000 00:00 0 
7f142413e000-7f1424141000 ---p 00000000 00:00 0 
7f1424141000-7f142423e000 rw-p 00000000 00:00 0 
7f142423e000-7f1424241000 ---p 00000000 00:00 0 
7f1424241000-7f142433f000 rw-p 00000000 00:00 0 
7f142433f000-7f1424342000 ---p 00000000 00:00 0 
7f1424342000-7f1424440000 rw-p 00000000 00:00 0 
7f1424440000-7f1424725000 r--p 00000000 08:02 1570239                    /usr/lib/locale/locale-archive
7f1424725000-7f1424728000 ---p 00000000 00:00 0 
7f1424728000-7f1424826000 rw-p 00000000 00:00 0 
7f1424826000-7f1424829000 ---p 00000000 00:00 0 
7f1424829000-7f1424927000 rw-p 00000000 00:00 0 
7f1424927000-7f1424928000 ---p 00000000 00:00 0 
7f1424928000-7f1424a28000 rw-p 00000000 00:00 0 
7f1424a28000-7f1424c00000 r--s 03d2a000 08:02 1969575                    /opt/jre1.8.0_111/lib/rt.jar
7f1424c00000-7f1425400000 rw-p 00000000 00:00 0 
7f1425400000-7f1427600000 rw-p 00000000 00:00 0 
7f1427600000-7f1428000000 ---p 00000000 00:00 0 
7f1428000000-7f14280dd000 rw-p 00000000 00:00 0 
7f14280dd000-7f142c000000 ---p 00000000 00:00 0 
7f142c000000-7f142c0f9000 rw-p 00000000 00:00 0 
7f142c0f9000-7f1430000000 ---p 00000000 00:00 0 
7f1430000000-7f1430094000 rw-p 00000000 00:00 0 
7f1430094000-7f1434000000 ---p 00000000 00:00 0 
7f1434000000-7f1434021000 rw-p 00000000 00:00 0 
7f1434021000-7f1438000000 ---p 00000000 00:00 0 
7f1438000000-7f1438095000 rw-p 00000000 00:00 0 
7f1438095000-7f143c000000 ---p 00000000 00:00 0 
7f143c000000-7f143c08f000 rw-p 00000000 00:00 0 
7f143c08f000-7f1440000000 ---p 00000000 00:00 0 
7f1440000000-7f1440064000 rw-p 00000000 00:00 0 
7f1440064000-7f1444000000 ---p 00000000 00:00 0 
7f1444000000-7f144400b000 r--s 0005f000 00:28 11688321                   /data/poc/poc3/libraries/org/scala-lang/scala-parser-combinators_2.11/1.0.1/scala-parser-combinators_2.11-1.0.1.jar
7f144400b000-7f1444064000 r--s 00502000 00:28 11688318                   /data/poc/poc3/libraries/org/scala-lang/scala-library/2.11.1/scala-library-2.11.1.jar
7f1444064000-7f1444089000 r--s 0024b000 00:28 11688255                   /data/poc/poc3/libraries/com/typesafe/akka/akka-actor_2.11/2.3.3/akka-actor_2.11-2.3.3.jar
7f1444089000-7f14440b9000 r--s 00479000 00:28 11688238                   /data/poc/poc3/forge-1.12.2-14.23.5.2847-universal.jar
7f14440b9000-7f1444600000 rw-p 00000000 00:00 0 
7f1444600000-7f1445000000 ---p 00000000 00:00 0 
7f1445000000-7f1447010000 rwxp 00000000 00:00 0 
7f1447010000-7f1454000000 ---p 00000000 00:00 0 
7f1454000000-7f145545e000 rw-p 00000000 00:00 0 
7f145545e000-7f1458000000 ---p 00000000 00:00 0 
7f1458000000-7f145800a000 r--s 00098000 00:28 11688330                   /data/poc/poc3/libraries/org/scala-lang/scala-xml_2.11/1.0.2/scala-xml_2.11-1.0.2.jar
7f145800a000-7f1458010000 r--s 0002e000 00:28 11688309                   /data/poc/poc3/libraries/org/scala-lang/plugins/scala-continuations-plugin_2.11.1/1.0.2/scala-continuations-plugin_2.11.1-1.0.2.jar
7f1458010000-7f1458012000 r--s 00005000 00:28 11688306                   /data/poc/poc3/libraries/org/scala-lang/plugins/scala-continuations-library_2.11/1.0.2/scala-continuations-library_2.11-1.0.2.jar
7f1458012000-7f1458016000 r--s 00032000 00:28 11688258                   /data/poc/poc3/libraries/com/typesafe/config/1.2.1/config-1.2.1.jar
7f1458016000-7f145801a000 r--s 00107000 00:28 11688273                   /data/poc/poc3/libraries/net/java/dev/jna/jna/4.4.0/jna-4.4.0.jar
7f145801a000-7f1458022000 r--s 0008f000 00:28 11688296                   /data/poc/poc3/libraries/org/jline/jline/3.5.1/jline-3.5.1.jar
7f1458022000-7f1458025000 r--p 00000000 08:02 1570483                    /usr/lib/x86_64-linux-gnu/libnss_files-2.28.so
7f1458025000-7f145802c000 r-xp 00003000 08:02 1570483                    /usr/lib/x86_64-linux-gnu/libnss_files-2.28.so
7f145802c000-7f145802e000 r--p 0000a000 08:02 1570483                    /usr/lib/x86_64-linux-gnu/libnss_files-2.28.so
7f145802e000-7f145802f000 ---p 0000c000 08:02 1570483                    /usr/lib/x86_64-linux-gnu/libnss_files-2.28.so
7f145802f000-7f1458030000 r--p 0000c000 08:02 1570483                    /usr/lib/x86_64-linux-gnu/libnss_files-2.28.so
7f1458030000-7f1458031000 rw-p 0000d000 08:02 1570483                    /usr/lib/x86_64-linux-gnu/libnss_files-2.28.so
7f1458031000-7f1458037000 rw-p 00000000 00:00 0 
7f1458037000-7f1458038000 r--s 00001000 00:28 11688266                   /data/poc/poc3/libraries/lzma/lzma/0.0.1/lzma-0.0.1.jar
7f1458038000-7f145803a000 r--s 0000d000 00:28 11688312                   /data/poc/poc3/libraries/org/scala-lang/scala-actors-migration_2.11/1.1.0/scala-actors-migration_2.11-1.1.0.jar
7f145803a000-7f145803f000 r--s 00038000 00:28 11688301                   /data/poc/poc3/libraries/org/ow2/asm/asm-all/5.2/asm-all-5.2.jar
7f145803f000-7f1458041000 r--s 00007000 00:28 11688277                   /data/poc/poc3/libraries/net/minecraft/launchwrapper/1.12/launchwrapper-1.12.jar
7f1458041000-7f1458822000 rw-p 00000000 00:00 0 
7f1458822000-7f1458823000 ---p 00000000 00:00 0 
7f1458823000-7f1458923000 rw-p 00000000 00:00 0 
7f1458923000-7f1458924000 ---p 00000000 00:00 0 
7f1458924000-7f1458ba5000 rw-p 00000000 00:00 0 
7f1458ba5000-7f14597a5000 ---p 00000000 00:00 0 
7f14597a5000-7f14599a5000 rw-p 00000000 00:00 0 
7f14599a5000-7f145a3a5000 ---p 00000000 00:00 0 
7f145a3a5000-7f145a3a6000 ---p 00000000 00:00 0 
7f145a3a6000-7f145a4a6000 rw-p 00000000 00:00 0 
7f145a4a6000-7f145a4a7000 ---p 00000000 00:00 0 
7f145a4a7000-7f145a5a7000 rw-p 00000000 00:00 0 
7f145a5a7000-7f145a5a8000 ---p 00000000 00:00 0 
7f145a5a8000-7f145a6a8000 rw-p 00000000 00:00 0 
7f145a6a8000-7f145a6a9000 ---p 00000000 00:00 0 
7f145a6a9000-7f145a7a9000 rw-p 00000000 00:00 0 
7f145a7a9000-7f145a7aa000 ---p 00000000 00:00 0 
7f145a7aa000-7f145acae000 rw-p 00000000 00:00 0 
7f145acae000-7f145acaf000 ---p 00000000 00:00 0 
7f145acaf000-7f145adaf000 rw-p 00000000 00:00 0 
7f145adaf000-7f145adb0000 ---p 00000000 00:00 0 
7f145adb0000-7f145aeb0000 rw-p 00000000 00:00 0 
7f145aeb0000-7f145aeb1000 ---p 00000000 00:00 0 
7f145aeb1000-7f145afb1000 rw-p 00000000 00:00 0 
7f145afb1000-7f145afb2000 ---p 00000000 00:00 0 
7f145afb2000-7f145b133000 rw-p 00000000 00:00 0 
7f145b133000-7f145b472000 ---p 00000000 00:00 0 
7f145b472000-7f145b48c000 r-xp 00000000 08:02 1964937                    /opt/jre1.8.0_111/lib/amd64/libzip.so
7f145b48c000-7f145b68c000 ---p 0001a000 08:02 1964937                    /opt/jre1.8.0_111/lib/amd64/libzip.so
7f145b68c000-7f145b68d000 rw-p 0001a000 08:02 1964937                    /opt/jre1.8.0_111/lib/amd64/libzip.so
7f145b68d000-7f145b6b8000 r-xp 00000000 08:02 1964932                    /opt/jre1.8.0_111/lib/amd64/libjava.so
7f145b6b8000-7f145b8b7000 ---p 0002b000 08:02 1964932                    /opt/jre1.8.0_111/lib/amd64/libjava.so
7f145b8b7000-7f145b8b9000 rw-p 0002a000 08:02 1964932                    /opt/jre1.8.0_111/lib/amd64/libjava.so
7f145b8b9000-7f145b8c6000 r-xp 00000000 08:02 1964948                    /opt/jre1.8.0_111/lib/amd64/libverify.so
7f145b8c6000-7f145bac5000 ---p 0000d000 08:02 1964948                    /opt/jre1.8.0_111/lib/amd64/libverify.so
7f145bac5000-7f145bac7000 rw-p 0000c000 08:02 1964948                    /opt/jre1.8.0_111/lib/amd64/libverify.so
7f145bac7000-7f145bac9000 r--p 00000000 08:02 1570491                    /usr/lib/x86_64-linux-gnu/librt-2.28.so
7f145bac9000-7f145bacd000 r-xp 00002000 08:02 1570491                    /usr/lib/x86_64-linux-gnu/librt-2.28.so
7f145bacd000-7f145bacf000 r--p 00006000 08:02 1570491                    /usr/lib/x86_64-linux-gnu/librt-2.28.so
7f145bacf000-7f145bad0000 r--p 00007000 08:02 1570491                    /usr/lib/x86_64-linux-gnu/librt-2.28.so
7f145bad0000-7f145bad1000 rw-p 00008000 08:02 1570491                    /usr/lib/x86_64-linux-gnu/librt-2.28.so
7f145bad1000-7f145bad2000 ---p 00000000 00:00 0 
7f145bad2000-7f145bad5000 ---p 00000000 00:00 0 
7f145bad5000-7f145bbd2000 rw-p 00000000 00:00 0 
7f145bbd2000-7f145bbdf000 r--p 00000000 08:02 1570474                    /usr/lib/x86_64-linux-gnu/libm-2.28.so
7f145bbdf000-7f145bc7e000 r-xp 0000d000 08:02 1570474                    /usr/lib/x86_64-linux-gnu/libm-2.28.so
7f145bc7e000-7f145bd53000 r--p 000ac000 08:02 1570474                    /usr/lib/x86_64-linux-gnu/libm-2.28.so
7f145bd53000-7f145bd54000 r--p 00180000 08:02 1570474                    /usr/lib/x86_64-linux-gnu/libm-2.28.so
7f145bd54000-7f145bd55000 rw-p 00181000 08:02 1570474                    /usr/lib/x86_64-linux-gnu/libm-2.28.so
7f145bd55000-7f145ca22000 r-xp 00000000 08:02 1964960                    /opt/jre1.8.0_111/lib/amd64/server/libjvm.so
7f145ca22000-7f145cc21000 ---p 00ccd000 08:02 1964960                    /opt/jre1.8.0_111/lib/amd64/server/libjvm.so
7f145cc21000-7f145ccfa000 rw-p 00ccc000 08:02 1964960                    /opt/jre1.8.0_111/lib/amd64/server/libjvm.so
7f145ccfa000-7f145cd47000 rw-p 00000000 00:00 0 
7f145cd47000-7f145cd69000 r--p 00000000 08:02 1570471                    /usr/lib/x86_64-linux-gnu/libc-2.28.so
7f145cd69000-7f145ceb1000 r-xp 00022000 08:02 1570471                    /usr/lib/x86_64-linux-gnu/libc-2.28.so
7f145ceb1000-7f145cefd000 r--p 0016a000 08:02 1570471                    /usr/lib/x86_64-linux-gnu/libc-2.28.so
7f145cefd000-7f145cefe000 ---p 001b6000 08:02 1570471                    /usr/lib/x86_64-linux-gnu/libc-2.28.so
7f145cefe000-7f145cf02000 r--p 001b6000 08:02 1570471                    /usr/lib/x86_64-linux-gnu/libc-2.28.so
7f145cf02000-7f145cf04000 rw-p 001ba000 08:02 1570471                    /usr/lib/x86_64-linux-gnu/libc-2.28.so
7f145cf04000-7f145cf08000 rw-p 00000000 00:00 0 
7f145cf08000-7f145cf09000 r--p 00000000 08:02 1570473                    /usr/lib/x86_64-linux-gnu/libdl-2.28.so
7f145cf09000-7f145cf0a000 r-xp 00001000 08:02 1570473                    /usr/lib/x86_64-linux-gnu/libdl-2.28.so
7f145cf0a000-7f145cf0b000 r--p 00002000 08:02 1570473                    /usr/lib/x86_64-linux-gnu/libdl-2.28.so
7f145cf0b000-7f145cf0c000 r--p 00002000 08:02 1570473                    /usr/lib/x86_64-linux-gnu/libdl-2.28.so
7f145cf0c000-7f145cf0d000 rw-p 00003000 08:02 1570473                    /usr/lib/x86_64-linux-gnu/libdl-2.28.so
7f145cf0d000-7f145cf22000 r-xp 00000000 08:02 1964473                    /opt/jre1.8.0_111/lib/amd64/jli/libjli.so
7f145cf22000-7f145d122000 ---p 00015000 08:02 1964473                    /opt/jre1.8.0_111/lib/amd64/jli/libjli.so
7f145d122000-7f145d123000 rw-p 00015000 08:02 1964473                    /opt/jre1.8.0_111/lib/amd64/jli/libjli.so
7f145d123000-7f145d129000 r--p 00000000 08:02 1570489                    /usr/lib/x86_64-linux-gnu/libpthread-2.28.so
7f145d129000-7f145d138000 r-xp 00006000 08:02 1570489                    /usr/lib/x86_64-linux-gnu/libpthread-2.28.so
7f145d138000-7f145d13e000 r--p 00015000 08:02 1570489                    /usr/lib/x86_64-linux-gnu/libpthread-2.28.so
7f145d13e000-7f145d13f000 r--p 0001a000 08:02 1570489                    /usr/lib/x86_64-linux-gnu/libpthread-2.28.so
7f145d13f000-7f145d140000 rw-p 0001b000 08:02 1570489                    /usr/lib/x86_64-linux-gnu/libpthread-2.28.so
7f145d140000-7f145d14f000 rw-p 00000000 00:00 0 
7f145d14f000-7f145d150000 r--p 00000000 00:00 0 
7f145d150000-7f145d151000 r--p 00000000 08:02 1569808                    /usr/lib/x86_64-linux-gnu/ld-2.28.so
7f145d151000-7f145d16f000 r-xp 00001000 08:02 1569808                    /usr/lib/x86_64-linux-gnu/ld-2.28.so
7f145d16f000-7f145d177000 r--p 0001f000 08:02 1569808                    /usr/lib/x86_64-linux-gnu/ld-2.28.so
7f145d177000-7f145d178000 r--p 00026000 08:02 1569808                    /usr/lib/x86_64-linux-gnu/ld-2.28.so
7f145d178000-7f145d179000 rw-p 00027000 08:02 1569808                    /usr/lib/x86_64-linux-gnu/ld-2.28.so
7f145d179000-7f145d17a000 rw-p 00000000 00:00 0 
7ffef43fe000-7ffef441f000 rw-p 00000000 00:00 0                          [stack]
7ffef4513000-7ffef4516000 r--p 00000000 00:00 0                          [vvar]
7ffef4516000-7ffef4518000 r-xp 00000000 00:00 0                          [vdso]

VM Arguments:
jvm_args: -Xms1024M -Xmx6144M -XX:+UseG1GC -XX:+ParallelRefProcEnabled -XX:MaxGCPauseMillis=200 -XX:+UnlockExperimentalVMOptions -XX:+DisableExplicitGC -XX:+AlwaysPreTouch -XX:G1NewSizePercent=30 -XX:G1MaxNewSizePercent=40 -XX:G1HeapRegionSize=8M -XX:G1ReservePercent=20 -XX:G1HeapWastePercent=5 -XX:G1MixedGCCountTarget=4 -XX:InitiatingHeapOccupancyPercent=15 -XX:G1MixedGCLiveThresholdPercent=90 -XX:G1RSetUpdatingPauseTimePercent=5 -XX:SurvivorRatio=32 -XX:+PerfDisableSharedMem -XX:MaxTenuringThreshold=1 -Dusing.aikars.flags=https://mcflags.emc.gs -Daikars.new.flags=true 
java_command: /data/poc/poc3/forge-1.12.2-14.23.5.2847-universal.jar nogui
java_class_path (initial): /data/poc/poc3/forge-1.12.2-14.23.5.2847-universal.jar
Launcher Type: SUN_STANDARD

Environment Variables:
PATH=/home/mc:/opt/jre/bin:/home/mc:/opt/jre/bin:/usr/local/sbin:/usr/local/bin:/usr/sbin:/usr/bin:/sbin:/bin
SHELL=/bin/bash

Signal Handlers:
SIGSEGV: [libjvm.so+0xac64b0], sa_mask[0]=11111111011111111101111111111110, sa_flags=SA_RESTART|SA_SIGINFO
SIGBUS: [libjvm.so+0xac64b0], sa_mask[0]=11111111011111111101111111111110, sa_flags=SA_RESTART|SA_SIGINFO
SIGFPE: [libjvm.so+0x91f950], sa_mask[0]=11111111011111111101111111111110, sa_flags=SA_RESTART|SA_SIGINFO
SIGPIPE: [libjvm.so+0x91f950], sa_mask[0]=11111111011111111101111111111110, sa_flags=SA_RESTART|SA_SIGINFO
SIGXFSZ: [libjvm.so+0x91f950], sa_mask[0]=11111111011111111101111111111110, sa_flags=SA_RESTART|SA_SIGINFO
SIGILL: [libjvm.so+0x91f950], sa_mask[0]=11111111011111111101111111111110, sa_flags=SA_RESTART|SA_SIGINFO
SIGUSR1: SIG_DFL, sa_mask[0]=00000000000000000000000000000000, sa_flags=none
SIGUSR2: [libjvm.so+0x920f80], sa_mask[0]=00000000000000000000000000000000, sa_flags=SA_RESTART|SA_SIGINFO
SIGHUP: [libjvm.so+0x922380], sa_mask[0]=11111111011111111101111111111110, sa_flags=SA_RESTART|SA_SIGINFO
SIGINT: [libjvm.so+0x922380], sa_mask[0]=11111111011111111101111111111110, sa_flags=SA_RESTART|SA_SIGINFO
SIGTERM: [libjvm.so+0x922380], sa_mask[0]=11111111011111111101111111111110, sa_flags=SA_RESTART|SA_SIGINFO
SIGQUIT: [libjvm.so+0x922380], sa_mask[0]=11111111011111111101111111111110, sa_flags=SA_RESTART|SA_SIGINFO


---------------  S Y S T E M  ---------------

OS:PRETTY_NAME="Debian GNU/Linux 10 (buster)"
NAME="Debian GNU/Linux"
VERSION_ID="10"
VERSION="10 (buster)"
VERSION_CODENAME=buster
ID=debian
HOME_URL="https://www.debian.org/"
SUPPORT_URL="https://www.debian.org/support"
BUG_REPORT_URL="https://bugs.debian.org/"

uname:Linux 4.19.0-13-amd64 #1 SMP Debian 4.19.160-2 (2020-11-28) x86_64
libc:glibc 2.28 NPTL 2.28 
rlimit: STACK 8192k, CORE 0k, NPROC 64035, NOFILE 1048576, AS infinity
load average:10,41 8,04 4,60

/proc/meminfo:
MemTotal:       16490372 kB
MemFree:          155620 kB
MemAvailable:    7617072 kB
Buffers:           20412 kB
Cached:          7605804 kB
SwapCached:        65228 kB
Active:         12627220 kB
Inactive:        3185284 kB
Active(anon):    6928352 kB
Inactive(anon):  1289428 kB
Active(file):    5698868 kB
Inactive(file):  1895856 kB
Unevictable:           0 kB
Mlocked:               0 kB
SwapTotal:       4882428 kB
SwapFree:        1269392 kB
Dirty:              1172 kB
Writeback:             0 kB
AnonPages:       8119180 kB
Mapped:           124656 kB
Shmem:             31500 kB
Slab:             402888 kB
SReclaimable:     260512 kB
SUnreclaim:       142376 kB
KernelStack:       16848 kB
PageTables:        31916 kB
NFS_Unstable:          0 kB
Bounce:                0 kB
WritebackTmp:          0 kB
CommitLimit:    13127612 kB
Committed_AS:   12884720 kB
VmallocTotal:   34359738367 kB
VmallocUsed:           0 kB
VmallocChunk:          0 kB
Percpu:             6432 kB
HardwareCorrupted:     0 kB
AnonHugePages:   3520512 kB
ShmemHugePages:        0 kB
ShmemPmdMapped:        0 kB
HugePages_Total:       0
HugePages_Free:        0
HugePages_Rsvd:        0
HugePages_Surp:        0
Hugepagesize:       2048 kB
Hugetlb:               0 kB
DirectMap4k:      524032 kB
DirectMap2M:    16318464 kB


CPU:total 4 (2 cores per cpu, 1 threads per core) family 15 model 65 stepping 3, cmov, cx8, fxsr, mmx, sse, sse2, sse3, mmxext, 3dnowpref, tsc

/proc/cpuinfo:
processor	: 0
vendor_id	: AuthenticAMD
cpu family	: 15
model		: 65
model name	: Dual-Core AMD Opteron(tm) Processor 2218
stepping	: 3
cpu MHz		: 2600.000
cache size	: 1024 KB
physical id	: 0
siblings	: 2
core id		: 0
cpu cores	: 2
apicid		: 0
initial apicid	: 0
fpu		: yes
fpu_exception	: yes
cpuid level	: 1
wp		: yes
flags		: fpu vme de pse tsc msr pae mce cx8 apic sep mtrr pge mca cmov pat pse36 clflush mmx fxsr sse sse2 ht syscall nx mmxext fxsr_opt rdtscp lm 3dnowext 3dnow rep_good nopl cpuid extd_apicid pni cx16 lahf_lm cmp_legacy svm extapic cr8_legacy 3dnowprefetch vmmcall
bugs		: fxsave_leak sysret_ss_attrs null_seg swapgs_fence amd_e400 spectre_v1 spectre_v2
bogomips	: 5226.48
TLB size	: 1024 4K pages
clflush size	: 64
cache_alignment	: 64
address sizes	: 40 bits physical, 48 bits virtual
power management: ts fid vid ttp tm stc

processor	: 1
vendor_id	: AuthenticAMD
cpu family	: 15
model		: 65
model name	: Dual-Core AMD Opteron(tm) Processor 2218
stepping	: 3
cpu MHz		: 2600.000
cache size	: 1024 KB
physical id	: 0
siblings	: 2
core id		: 1
cpu cores	: 2
apicid		: 1
initial apicid	: 1
fpu		: yes
fpu_exception	: yes
cpuid level	: 1
wp		: yes
flags		: fpu vme de pse tsc msr pae mce cx8 apic sep mtrr pge mca cmov pat pse36 clflush mmx fxsr sse sse2 ht syscall nx mmxext fxsr_opt rdtscp lm 3dnowext 3dnow rep_good nopl cpuid extd_apicid pni cx16 lahf_lm cmp_legacy svm extapic cr8_legacy 3dnowprefetch vmmcall
bugs		: fxsave_leak sysret_ss_attrs null_seg swapgs_fence amd_e400 spectre_v1 spectre_v2
bogomips	: 5226.48
TLB size	: 1024 4K pages
clflush size	: 64
cache_alignment	: 64
address sizes	: 40 bits physical, 48 bits virtual
power management: ts fid vid ttp tm stc

processor	: 2
vendor_id	: AuthenticAMD
cpu family	: 15
model		: 65
model name	: Dual-Core AMD Opteron(tm) Processor 2218
stepping	: 3
cpu MHz		: 2600.000
cache size	: 1024 KB
physical id	: 1
siblings	: 2
core id		: 0
cpu cores	: 2
apicid		: 2
initial apicid	: 2
fpu		: yes
fpu_exception	: yes
cpuid level	: 1
wp		: yes
flags		: fpu vme de pse tsc msr pae mce cx8 apic sep mtrr pge mca cmov pat pse36 clflush mmx fxsr sse sse2 ht syscall nx mmxext fxsr_opt rdtscp lm 3dnowext 3dnow rep_good nopl cpuid extd_apicid pni cx16 lahf_lm cmp_legacy svm extapic cr8_legacy 3dnowprefetch vmmcall
bugs		: fxsave_leak sysret_ss_attrs null_seg swapgs_fence amd_e400 spectre_v1 spectre_v2
bogomips	: 5226.48
TLB size	: 1024 4K pages
clflush size	: 64
cache_alignment	: 64
address sizes	: 40 bits physical, 48 bits virtual
power management: ts fid vid ttp tm stc

processor	: 3
vendor_id	: AuthenticAMD
cpu family	: 15
model		: 65
model name	: Dual-Core AMD Opteron(tm) Processor 2218
stepping	: 3
cpu MHz		: 2600.000
cache size	: 1024 KB
physical id	: 1
siblings	: 2
core id		: 1
cpu cores	: 2
apicid		: 3
initial apicid	: 3
fpu		: yes
fpu_exception	: yes
cpuid level	: 1
wp		: yes
flags		: fpu vme de pse tsc msr pae mce cx8 apic sep mtrr pge mca cmov pat pse36 clflush mmx fxsr sse sse2 ht syscall nx mmxext fxsr_opt rdtscp lm 3dnowext 3dnow rep_good nopl cpuid extd_apicid pni cx16 lahf_lm cmp_legacy svm extapic cr8_legacy 3dnowprefetch vmmcall
bugs		: fxsave_leak sysret_ss_attrs null_seg swapgs_fence amd_e400 spectre_v1 spectre_v2
bogomips	: 5226.48
TLB size	: 1024 4K pages
clflush size	: 64
cache_alignment	: 64
address sizes	: 40 bits physical, 48 bits virtual
power management: ts fid vid ttp tm stc



Memory: 4k page, physical 16490372k(155620k free), swap 4882428k(1269392k free)

vm_info: Java HotSpot(TM) 64-Bit Server VM (25.111-b14) for linux-amd64 JRE (1.8.0_111-b14), built on Sep 22 2016 16:14:03 by "java_re" with gcc 4.3.0 20080428 (Red Hat 4.3.0-8)

time: Sat Feb 13 16:38:09 2021
elapsed time: 326 seconds (0d 0h 5m 26s)

