#
# A fatal error has been detected by the Java Runtime Environment:
#
#  SIGSEGV (0xb) at pc=0x00007f0271882b2a, pid=1298, tid=0x00007f01ea361700
#
# JRE version: Java(TM) SE Runtime Environment (8.0_111-b14) (build 1.8.0_111-b14)
# Java VM: Java HotSpot(TM) 64-Bit Server VM (25.111-b14 mixed mode linux-amd64 compressed oops)
# Problematic frame:
# C  [ld-linux-x86-64.so.2+0x1ab2a]
#
# Failed to write core dump. Core dumps have been disabled. To enable core dumping, try "ulimit -c unlimited" before starting Java again
#
# If you would like to submit a bug report, please visit:
#   http://bugreport.java.com/bugreport/crash.jsp
# The crash happened outside the Java Virtual Machine in native code.
# See problematic frame for where to report the bug.
#

---------------  T H R E A D  ---------------

Current thread (0x00007f026d166000):  JavaThread "Server thread" [_thread_in_native, id=1460, stack(0x00007f01ea261000,0x00007f01ea362000)]

siginfo: si_signo: 11 (SIGSEGV), si_code: 1 (SEGV_MAPERR), si_addr: 0x0000000000005566

Registers:
RAX=0x0000000000000000, RBX=0x00007f01de45c680, RCX=0x0000000000000026, RDX=0x00007f01d221f220
RSP=0x00007f01ea35d258, RBP=0x0000000000000000, RSI=0x0000000000005566, RDI=0x00007f01de45c680
R8 =0x0000000000000000, R9 =0x0000000000000000, R10=0x00007f0271883500, R11=0x0000000000000206
R12=0x0000000000ac99a0, R13=0x0000000090000001, R14=0x00007f0271890060, R15=0x00007f01ddec9790
RIP=0x00007f0271882b2a, EFLAGS=0x0000000000010283, CSGSFS=0x002b000000000033, ERR=0x0000000000000004
  TRAPNO=0x000000000000000e

Top of Stack: (sp=0x00007f01ea35d258)
0x00007f01ea35d258:   00007f0271870977 00000002636e6176
0x00007f01ea35d268:   65725f3730764655 656c626100000000
0x00007f01ea35d278:   3076465548003458 706d6f6365645f35
0x00007f01ea35d288:   0034583473736572 000000064b7596f8
0x00007f01ea35d298:   656c6261546c616d 4655425a00676f4c
0x00007f01ea35d2a8:   6572665f37307646 535a007874434465
0x00007f01ea35d2b8:   32334858585f4454 0000000677245e48
0x00007f01ea35d2c8:   00007f025cd2e999 645f465500000066
0x00007f01ea35d2d8:   0000000677243770 0000002200000000
0x00007f01ea35d2e8:   000000064b7596d8 0000000677245dd0
0x00007f01ea35d2f8:   6275687469675f6d 7a5f6e6562756c5f
0x00007f01ea35d308:   6474735a5f647473 00007f01ea35d3d0
0x00007f01ea35d318:   00007f025d63e9ec 006d616572745344
0x00007f01ea35d328:   373076464655425a 446574616572635f
0x00007f01ea35d338:   4655425a00787443 00007f01ea35d3d0
0x00007f01ea35d348:   00007f025c9ab4e7 675f6d6f635f6176
0x00007f01ea35d358:   00007f025c9ab4e7 0000000647403408
0x00007f01ea35d368:   0000000677243758 6d61657200001fa2
0x00007f01ea35d378:   00007f026d1634e0 00007f026d166000
0x00007f01ea35d388:   00007f01ea35d450 0000000677243758
0x00007f01ea35d398:   00007f01ea35d410 00007f01ea35d410
0x00007f01ea35d3a8:   00007f01ea35d788 00007f01ea35d410
0x00007f01ea35d3b8:   00007f01ea35d780 00007f01ea35d450
0x00007f01ea35d3c8:   00007f026d166000 00007f01ea35d540
0x00007f01ea35d3d8:   00007f0270afc385 7568746900000002
0x00007f01ea35d3e8:   00007f026d166000 00007f01ea35d5b0
0x00007f01ea35d3f8:   00007f01ea35d780 00007f025c9f17a0
0x00007f01ea35d408:   016165720000000c 00007f026d166000
0x00007f01ea35d418:   00007f01de355850 00007f02213003d8
0x00007f01ea35d428:   0000000677243758 00007f01ea35d9b0
0x00007f01ea35d438:   00007f025cd7434c 0000000000000000
0x00007f01ea35d448:   00007f01ea35d780 00007f026d166000 

Instructions: (pc=0x00007f0271882b2a)
0x00007f0271882b0a:   00 0f 1f 44 00 00 89 f1 89 f8 48 83 e1 3f 48 83
0x00007f0271882b1a:   e0 3f 83 f9 30 77 3f 83 f8 30 77 3a 66 0f 12 0f
0x00007f0271882b2a:   66 0f 12 16 66 0f 16 4f 08 66 0f 16 56 08 66 0f
0x00007f0271882b3a:   ef c0 66 0f 74 c1 66 0f 74 ca 66 0f f8 c8 66 0f 

Register to memory mapping:

RAX=0x0000000000000000 is an unknown value
RBX=0x00007f01de45c680 is an unknown value
RCX=0x0000000000000026 is an unknown value
RDX=
[error occurred during error reporting (printing register info), id 0xb]

Stack: [0x00007f01ea261000,0x00007f01ea362000],  sp=0x00007f01ea35d258,  free space=1008k
Native frames: (J=compiled Java code, j=interpreted, Vv=VM code, C=native code)
C  [ld-linux-x86-64.so.2+0x1ab2a]

Java frames: (J=compiled Java code, j=interpreted, Vv=VM code)
j  java.lang.ClassLoader$NativeLibrary.load(Ljava/lang/String;Z)V+0
j  java.lang.ClassLoader.loadLibrary0(Ljava/lang/Class;Ljava/io/File;)Z+328
j  java.lang.ClassLoader.loadLibrary(Ljava/lang/Class;Ljava/lang/String;Z)V+48
j  java.lang.Runtime.load0(Ljava/lang/Class;Ljava/lang/String;)V+57
j  java.lang.System.load(Ljava/lang/String;)V+7
j  com.github.luben.zstd.util.Native.load()V+141
j  com.boydti.fawe.Fawe.setupInjector()V+692
j  com.boydti.fawe.forge.FaweForge.setupInjector()V+0
j  com.boydti.fawe.forge.FaweForge.<init>(Lcom/boydti/fawe/forge/ForgeMain;Lorg/apache/logging/log4j/Logger;Lnet/minecraftforge/fml/common/ModMetadata;Ljava/io/File;)V+41
j  com.boydti.fawe.forge.ForgeMain.preInit(Lnet/minecraftforge/fml/common/event/FMLPreInitializationEvent;)V+77
v  ~StubRoutines::call_stub
J 4468  sun.reflect.NativeMethodAccessorImpl.invoke0(Ljava/lang/reflect/Method;Ljava/lang/Object;[Ljava/lang/Object;)Ljava/lang/Object; (0 bytes) @ 0x00007f025d8bf237 [0x00007f025d8bf1c0+0x77]
J 4467 C1 sun.reflect.NativeMethodAccessorImpl.invoke(Ljava/lang/Object;[Ljava/lang/Object;)Ljava/lang/Object; (104 bytes) @ 0x00007f025d1caecc [0x00007f025d1caac0+0x40c]
J 10773 C2 sun.reflect.DelegatingMethodAccessorImpl.invoke(Ljava/lang/Object;[Ljava/lang/Object;)Ljava/lang/Object; (10 bytes) @ 0x00007f025e4165e8 [0x00007f025e4165a0+0x48]
J 11646 C1 java.lang.reflect.Method.invoke(Ljava/lang/Object;[Ljava/lang/Object;)Ljava/lang/Object; (62 bytes) @ 0x00007f025e8983dc [0x00007f025e897fe0+0x3fc]
J 8839 C1 net.minecraftforge.fml.common.FMLModContainer.handleModStateEvent(Lnet/minecraftforge/fml/common/event/FMLEvent;)V (89 bytes) @ 0x00007f025d8d9c54 [0x00007f025d8d9460+0x7f4]
J 8849 C1 sun.reflect.GeneratedMethodAccessor9.invoke(Ljava/lang/Object;[Ljava/lang/Object;)Ljava/lang/Object; (66 bytes) @ 0x00007f025d060adc [0x00007f025d060800+0x2dc]
J 10773 C2 sun.reflect.DelegatingMethodAccessorImpl.invoke(Ljava/lang/Object;[Ljava/lang/Object;)Ljava/lang/Object; (10 bytes) @ 0x00007f025e4165e8 [0x00007f025e4165a0+0x48]
J 11646 C1 java.lang.reflect.Method.invoke(Ljava/lang/Object;[Ljava/lang/Object;)Ljava/lang/Object; (62 bytes) @ 0x00007f025e8983dc [0x00007f025e897fe0+0x3fc]
j  com.google.common.eventbus.Subscriber.invokeSubscriberMethod(Ljava/lang/Object;)V+19
J 8821 C1 com.google.common.eventbus.Subscriber$SynchronizedSubscriber.invokeSubscriberMethod(Ljava/lang/Object;)V (20 bytes) @ 0x00007f025dea5c8c [0x00007f025dea5b40+0x14c]
J 8820 C1 com.google.common.eventbus.Subscriber$1.run()V (41 bytes) @ 0x00007f025caed01c [0x00007f025caecf00+0x11c]
J 8819 C1 com.google.common.util.concurrent.MoreExecutors$DirectExecutor.execute(Ljava/lang/Runnable;)V (7 bytes) @ 0x00007f025dea6284 [0x00007f025dea6180+0x104]
J 8825 C1 com.google.common.eventbus.Dispatcher$PerThreadQueuedDispatcher.dispatch(Ljava/lang/Object;Ljava/util/Iterator;)V (154 bytes) @ 0x00007f025cc16c0c [0x00007f025cc15c40+0xfcc]
J 8752 C1 com.google.common.eventbus.EventBus.post(Ljava/lang/Object;)V (51 bytes) @ 0x00007f025d3eb7f4 [0x00007f025d3eb120+0x6d4]
j  net.minecraftforge.fml.common.LoadController.sendEventToModContainer(Lnet/minecraftforge/fml/common/event/FMLEvent;Lnet/minecraftforge/fml/common/ModContainer;)V+216
j  net.minecraftforge.fml.common.LoadController.propogateStateMessage(Lnet/minecraftforge/fml/common/event/FMLEvent;)V+78
v  ~StubRoutines::call_stub
J 4468  sun.reflect.NativeMethodAccessorImpl.invoke0(Ljava/lang/reflect/Method;Ljava/lang/Object;[Ljava/lang/Object;)Ljava/lang/Object; (0 bytes) @ 0x00007f025d8bf237 [0x00007f025d8bf1c0+0x77]
J 4467 C1 sun.reflect.NativeMethodAccessorImpl.invoke(Ljava/lang/Object;[Ljava/lang/Object;)Ljava/lang/Object; (104 bytes) @ 0x00007f025d1caecc [0x00007f025d1caac0+0x40c]
J 1935 C1 sun.reflect.DelegatingMethodAccessorImpl.invoke(Ljava/lang/Object;[Ljava/lang/Object;)Ljava/lang/Object; (10 bytes) @ 0x00007f025d03f40c [0x00007f025d03f300+0x10c]
J 1934 C1 java.lang.reflect.Method.invoke(Ljava/lang/Object;[Ljava/lang/Object;)Ljava/lang/Object; (62 bytes) @ 0x00007f025d03e5dc [0x00007f025d03e1e0+0x3fc]
j  com.google.common.eventbus.Subscriber.invokeSubscriberMethod(Ljava/lang/Object;)V+19
J 8821 C1 com.google.common.eventbus.Subscriber$SynchronizedSubscriber.invokeSubscriberMethod(Ljava/lang/Object;)V (20 bytes) @ 0x00007f025dea5c8c [0x00007f025dea5b40+0x14c]
J 8820 C1 com.google.common.eventbus.Subscriber$1.run()V (41 bytes) @ 0x00007f025caed01c [0x00007f025caecf00+0x11c]
J 8819 C1 com.google.common.util.concurrent.MoreExecutors$DirectExecutor.execute(Ljava/lang/Runnable;)V (7 bytes) @ 0x00007f025dea6284 [0x00007f025dea6180+0x104]
J 8825 C1 com.google.common.eventbus.Dispatcher$PerThreadQueuedDispatcher.dispatch(Ljava/lang/Object;Ljava/util/Iterator;)V (154 bytes) @ 0x00007f025cc16c0c [0x00007f025cc15c40+0xfcc]
J 8752 C1 com.google.common.eventbus.EventBus.post(Ljava/lang/Object;)V (51 bytes) @ 0x00007f025d3eb7f4 [0x00007f025d3eb120+0x6d4]
j  net.minecraftforge.fml.common.LoadController.distributeStateMessage(Lnet/minecraftforge/fml/common/LoaderState;[Ljava/lang/Object;)V+16
j  net.minecraftforge.fml.common.Loader.preinitializeMods()V+95
j  net.minecraftforge.fml.server.FMLServerHandler.beginServerLoading(Lnet/minecraft/server/MinecraftServer;)V+18
j  net.minecraftforge.fml.common.FMLCommonHandler.onServerStart(Lnet/minecraft/server/MinecraftServer;)V+9
j  net.minecraft.server.dedicated.DedicatedServer.func_71197_b()Z+65
j  net.minecraft.server.MinecraftServer.run()V+1
j  java.lang.Thread.run()V+11
v  ~StubRoutines::call_stub

---------------  P R O C E S S  ---------------

Java Threads: ( => current thread )
  0x00007f01de1a6000 JavaThread "pool-5-thread-3" [_thread_blocked, id=1776, stack(0x00007f01d0b23000,0x00007f01d0c24000)]
  0x00007f01de1a3800 JavaThread "pool-5-thread-2" [_thread_in_native, id=1775, stack(0x00007f01d0c24000,0x00007f01d0d25000)]
  0x00007f01de1a2000 JavaThread "pool-5-thread-1" [_thread_blocked, id=1772, stack(0x00007f01d0d25000,0x00007f01d0e26000)]
  0x00007f01de040000 JavaThread "Thread-8" daemon [_thread_blocked, id=1759, stack(0x00007f01d3871000,0x00007f01d3972000)]
  0x00007f01de0f3800 JavaThread "Timer-1" daemon [_thread_blocked, id=1749, stack(0x00007f01d3972000,0x00007f01d3a73000)]
  0x00007f020c04c000 JavaThread "Keep-Alive-SocketCleaner" daemon [_thread_blocked, id=1643, stack(0x00007f01e9e5f000,0x00007f01e9f60000)]
  0x00007f01dd393800 JavaThread "Sampler sampling thread 0" daemon [_thread_blocked, id=1619, stack(0x00007f01e9d5e000,0x00007f01e9e5f000)]
  0x00007f01dc6e2000 JavaThread "Timer-0" [_thread_blocked, id=1533, stack(0x00007f01e9c5d000,0x00007f01e9d5e000)]
  0x00007f01dc001000 JavaThread "Server console handler" daemon [_thread_in_native, id=1461, stack(0x00007f01ea160000,0x00007f01ea261000)]
  0x00007f026c009000 JavaThread "DestroyJavaVM" [_thread_blocked, id=1310, stack(0x00007f02701e9000,0x00007f02702e9000)]
=>0x00007f026d166000 JavaThread "Server thread" [_thread_in_native, id=1460, stack(0x00007f01ea261000,0x00007f01ea362000)]
  0x00007f026d161800 JavaThread "Server Infinisleeper" daemon [_thread_blocked, id=1459, stack(0x00007f01eb3e7000,0x00007f01eb4e8000)]
  0x00007f026d25c000 JavaThread "Snooper Timer" daemon [_thread_blocked, id=1458, stack(0x00007f01eb54e000,0x00007f01eb64f000)]
  0x00007f026c2af000 JavaThread "Service Thread" daemon [_thread_blocked, id=1358, stack(0x00007f0220536000,0x00007f0220637000)]
  0x00007f026c281800 JavaThread "C1 CompilerThread2" daemon [_thread_blocked, id=1357, stack(0x00007f0220638000,0x00007f0220738000)]
  0x00007f026c27f800 JavaThread "C2 CompilerThread1" daemon [_thread_blocked, id=1353, stack(0x00007f0220739000,0x00007f0220839000)]
  0x00007f026c27d800 JavaThread "C2 CompilerThread0" daemon [_thread_in_native, id=1350, stack(0x00007f022083a000,0x00007f022093a000)]
  0x00007f026c27b000 JavaThread "Signal Dispatcher" daemon [_thread_blocked, id=1349, stack(0x00007f022093a000,0x00007f0220a3b000)]
  0x00007f026c27a000 JavaThread "Surrogate Locker Thread (Concurrent GC)" daemon [_thread_blocked, id=1348, stack(0x00007f0220a3b000,0x00007f0220b3c000)]
  0x00007f026c246000 JavaThread "Finalizer" daemon [_thread_blocked, id=1347, stack(0x00007f0220e21000,0x00007f0220f22000)]
  0x00007f026c241800 JavaThread "Reference Handler" daemon [_thread_blocked, id=1346, stack(0x00007f0220f22000,0x00007f0221023000)]

Other Threads:
  0x00007f026c23a000 VMThread [stack: 0x00007f0221024000,0x00007f0221124000] [id=1345]
  0x00007f026c2b2800 WatcherThread [stack: 0x00007f0220436000,0x00007f0220536000] [id=1361]

VM state:not at safepoint (normal execution)

VM Mutex/Monitor currently owned by a thread: None

Heap:
 garbage-first heap   total 1048576K, used 789120K [0x0000000640000000, 0x0000000640800400, 0x00000007c0000000)
  region size 8192K, 20 young (163840K), 2 survivors (16384K)
 Metaspace       used 113333K, capacity 115368K, committed 115840K, reserved 1146880K
  class space    used 17754K, capacity 18524K, committed 18560K, reserved 1048576K

Heap Regions: (Y=young(eden), SU=young(survivor), HS=humongous(starts), HC=humongous(continues), CS=collection set, F=free, TS=gc time stamp, PTAMS=previous top-at-mark-start, NTAMS=next top-at-mark-start)
AC   0  O    TS     0 PTAMS 0x0000000640800000 NTAMS 0x0000000640800000 space 8192K, 100% used [0x0000000640000000, 0x0000000640800000)
AC   0  O    TS     0 PTAMS 0x0000000641000000 NTAMS 0x0000000641000000 space 8192K, 100% used [0x0000000640800000, 0x0000000641000000)
AC   0  O    TS     0 PTAMS 0x0000000641800000 NTAMS 0x0000000641800000 space 8192K, 100% used [0x0000000641000000, 0x0000000641800000)
AC   0  O    TS     0 PTAMS 0x0000000642000000 NTAMS 0x0000000642000000 space 8192K, 100% used [0x0000000641800000, 0x0000000642000000)
AC   0  O    TS     0 PTAMS 0x0000000642800000 NTAMS 0x0000000642800000 space 8192K, 100% used [0x0000000642000000, 0x0000000642800000)
AC   0  O    TS     0 PTAMS 0x0000000643000000 NTAMS 0x0000000643000000 space 8192K, 100% used [0x0000000642800000, 0x0000000643000000)
AC   0  O    TS     0 PTAMS 0x0000000643800000 NTAMS 0x0000000643800000 space 8192K, 100% used [0x0000000643000000, 0x0000000643800000)
AC   0  O    TS     0 PTAMS 0x0000000644000000 NTAMS 0x0000000644000000 space 8192K, 100% used [0x0000000643800000, 0x0000000644000000)
AC   0  O    TS     0 PTAMS 0x0000000644800000 NTAMS 0x0000000644800000 space 8192K, 100% used [0x0000000644000000, 0x0000000644800000)
AC   0  O    TS     0 PTAMS 0x0000000645000000 NTAMS 0x0000000645000000 space 8192K, 100% used [0x0000000644800000, 0x0000000645000000)
AC   0  O    TS     0 PTAMS 0x0000000645800000 NTAMS 0x0000000645800000 space 8192K, 100% used [0x0000000645000000, 0x0000000645800000)
AC   0  O    TS     0 PTAMS 0x0000000646000000 NTAMS 0x0000000646000000 space 8192K, 100% used [0x0000000645800000, 0x0000000646000000)
AC   0  O    TS     0 PTAMS 0x0000000646800000 NTAMS 0x0000000646800000 space 8192K, 100% used [0x0000000646000000, 0x0000000646800000)
AC   0  O    TS     0 PTAMS 0x0000000647000000 NTAMS 0x0000000647000000 space 8192K, 100% used [0x0000000646800000, 0x0000000647000000)
AC   0  O    TS     0 PTAMS 0x0000000647800000 NTAMS 0x0000000647800000 space 8192K, 100% used [0x0000000647000000, 0x0000000647800000)
AC   0  O    TS     0 PTAMS 0x0000000648000000 NTAMS 0x0000000648000000 space 8192K, 100% used [0x0000000647800000, 0x0000000648000000)
AC   0  O    TS     0 PTAMS 0x0000000648800000 NTAMS 0x0000000648800000 space 8192K, 100% used [0x0000000648000000, 0x0000000648800000)
AC   0  O    TS     0 PTAMS 0x0000000649000000 NTAMS 0x0000000649000000 space 8192K, 100% used [0x0000000648800000, 0x0000000649000000)
AC   0  O    TS     0 PTAMS 0x0000000649800000 NTAMS 0x0000000649800000 space 8192K, 100% used [0x0000000649000000, 0x0000000649800000)
AC   0  O    TS     0 PTAMS 0x000000064a000000 NTAMS 0x000000064a000000 space 8192K, 100% used [0x0000000649800000, 0x000000064a000000)
AC   0  O    TS     0 PTAMS 0x000000064a800000 NTAMS 0x000000064a800000 space 8192K, 100% used [0x000000064a000000, 0x000000064a800000)
AC   0  O    TS     0 PTAMS 0x000000064b000000 NTAMS 0x000000064b000000 space 8192K, 100% used [0x000000064a800000, 0x000000064b000000)
AC   0  O    TS     0 PTAMS 0x000000064b800000 NTAMS 0x000000064b800000 space 8192K, 100% used [0x000000064b000000, 0x000000064b800000)
AC   0  O    TS     0 PTAMS 0x000000064c000000 NTAMS 0x000000064c000000 space 8192K, 100% used [0x000000064b800000, 0x000000064c000000)
AC   0  O    TS     0 PTAMS 0x000000064c800000 NTAMS 0x000000064c800000 space 8192K, 100% used [0x000000064c000000, 0x000000064c800000)
AC   0  O    TS     0 PTAMS 0x000000064d000000 NTAMS 0x000000064d000000 space 8192K, 100% used [0x000000064c800000, 0x000000064d000000)
AC   0  O    TS     0 PTAMS 0x000000064d800000 NTAMS 0x000000064d800000 space 8192K, 100% used [0x000000064d000000, 0x000000064d800000)
AC   0  O    TS     0 PTAMS 0x000000064e000000 NTAMS 0x000000064e000000 space 8192K, 100% used [0x000000064d800000, 0x000000064e000000)
AC   0  O    TS     0 PTAMS 0x000000064e800000 NTAMS 0x000000064e800000 space 8192K, 100% used [0x000000064e000000, 0x000000064e800000)
AC   0  O    TS     0 PTAMS 0x000000064f000000 NTAMS 0x000000064f000000 space 8192K, 100% used [0x000000064e800000, 0x000000064f000000)
AC   0  O    TS     0 PTAMS 0x000000064f800000 NTAMS 0x000000064f800000 space 8192K, 100% used [0x000000064f000000, 0x000000064f800000)
AC   0  O    TS     0 PTAMS 0x0000000650000000 NTAMS 0x0000000650000000 space 8192K, 100% used [0x000000064f800000, 0x0000000650000000)
AC   0  O    TS     0 PTAMS 0x0000000650800000 NTAMS 0x0000000650800000 space 8192K, 100% used [0x0000000650000000, 0x0000000650800000)
AC   0  O    TS     0 PTAMS 0x0000000651000000 NTAMS 0x0000000651000000 space 8192K, 100% used [0x0000000650800000, 0x0000000651000000)
AC   0  O    TS     0 PTAMS 0x0000000651800000 NTAMS 0x0000000651800000 space 8192K, 100% used [0x0000000651000000, 0x0000000651800000)
AC   0  O    TS     0 PTAMS 0x0000000652000000 NTAMS 0x0000000652000000 space 8192K, 100% used [0x0000000651800000, 0x0000000652000000)
AC   0  O    TS     0 PTAMS 0x0000000652800000 NTAMS 0x0000000652800000 space 8192K, 100% used [0x0000000652000000, 0x0000000652800000)
AC   0  O    TS     0 PTAMS 0x0000000653000000 NTAMS 0x0000000653000000 space 8192K, 100% used [0x0000000652800000, 0x0000000653000000)
AC   0  O    TS     0 PTAMS 0x0000000653800000 NTAMS 0x0000000653800000 space 8192K, 100% used [0x0000000653000000, 0x0000000653800000)
AC   0  O    TS     0 PTAMS 0x0000000654000000 NTAMS 0x0000000654000000 space 8192K, 100% used [0x0000000653800000, 0x0000000654000000)
AC   0  O    TS     0 PTAMS 0x0000000654800000 NTAMS 0x0000000654800000 space 8192K, 100% used [0x0000000654000000, 0x0000000654800000)
AC   0  O    TS     0 PTAMS 0x0000000655000000 NTAMS 0x0000000655000000 space 8192K, 100% used [0x0000000654800000, 0x0000000655000000)
AC   0  O    TS     0 PTAMS 0x0000000655800000 NTAMS 0x0000000655800000 space 8192K, 100% used [0x0000000655000000, 0x0000000655800000)
AC   0  O    TS     0 PTAMS 0x0000000656000000 NTAMS 0x0000000656000000 space 8192K, 100% used [0x0000000655800000, 0x0000000656000000)
AC   0  O    TS     0 PTAMS 0x0000000656800000 NTAMS 0x0000000656800000 space 8192K, 100% used [0x0000000656000000, 0x0000000656800000)
AC   0  O    TS     0 PTAMS 0x0000000657000000 NTAMS 0x0000000657000000 space 8192K, 100% used [0x0000000656800000, 0x0000000657000000)
AC   0  O    TS     0 PTAMS 0x0000000657800000 NTAMS 0x0000000657800000 space 8192K, 100% used [0x0000000657000000, 0x0000000657800000)
AC   0  O    TS     0 PTAMS 0x0000000658000000 NTAMS 0x0000000658000000 space 8192K, 100% used [0x0000000657800000, 0x0000000658000000)
AC   0  O    TS     0 PTAMS 0x0000000658800000 NTAMS 0x0000000658800000 space 8192K, 100% used [0x0000000658000000, 0x0000000658800000)
AC   0  O    TS     0 PTAMS 0x0000000659000000 NTAMS 0x0000000659000000 space 8192K, 100% used [0x0000000658800000, 0x0000000659000000)
AC   0  O    TS     0 PTAMS 0x0000000659800000 NTAMS 0x0000000659800000 space 8192K, 100% used [0x0000000659000000, 0x0000000659800000)
AC   0  O    TS     0 PTAMS 0x000000065a000000 NTAMS 0x000000065a000000 space 8192K, 100% used [0x0000000659800000, 0x000000065a000000)
AC   0  O    TS     0 PTAMS 0x000000065a800000 NTAMS 0x000000065a800000 space 8192K, 100% used [0x000000065a000000, 0x000000065a800000)
AC   0  O    TS     0 PTAMS 0x000000065b000000 NTAMS 0x000000065b000000 space 8192K, 100% used [0x000000065a800000, 0x000000065b000000)
AC   0  O    TS     0 PTAMS 0x000000065b800000 NTAMS 0x000000065b800000 space 8192K, 100% used [0x000000065b000000, 0x000000065b800000)
AC   0  O    TS     0 PTAMS 0x000000065c000000 NTAMS 0x000000065c000000 space 8192K, 100% used [0x000000065b800000, 0x000000065c000000)
AC   0  O    TS     0 PTAMS 0x000000065c800000 NTAMS 0x000000065c800000 space 8192K, 100% used [0x000000065c000000, 0x000000065c800000)
AC   0  O    TS     1 PTAMS 0x000000065c800000 NTAMS 0x000000065c800000 space 8192K,  43% used [0x000000065c800000, 0x000000065d000000)
AC   0  O    TS     0 PTAMS 0x000000065d800000 NTAMS 0x000000065d800000 space 8192K, 100% used [0x000000065d000000, 0x000000065d800000)
AC   0  O    TS     0 PTAMS 0x000000065e000000 NTAMS 0x000000065e000000 space 8192K, 100% used [0x000000065d800000, 0x000000065e000000)
AC   0  O    TS     0 PTAMS 0x000000065e800000 NTAMS 0x000000065e800000 space 8192K, 100% used [0x000000065e000000, 0x000000065e800000)
AC   0  O    TS     0 PTAMS 0x000000065f000000 NTAMS 0x000000065f000000 space 8192K, 100% used [0x000000065e800000, 0x000000065f000000)
AC   0  O    TS     0 PTAMS 0x000000065f800000 NTAMS 0x000000065f800000 space 8192K, 100% used [0x000000065f000000, 0x000000065f800000)
AC   0  O    TS     0 PTAMS 0x0000000660000000 NTAMS 0x0000000660000000 space 8192K, 100% used [0x000000065f800000, 0x0000000660000000)
AC   0  O    TS     0 PTAMS 0x0000000660800000 NTAMS 0x0000000660800000 space 8192K, 100% used [0x0000000660000000, 0x0000000660800000)
AC   0  O    TS     0 PTAMS 0x0000000661000000 NTAMS 0x0000000661000000 space 8192K, 100% used [0x0000000660800000, 0x0000000661000000)
AC   0  O    TS     0 PTAMS 0x0000000661800000 NTAMS 0x0000000661800000 space 8192K, 100% used [0x0000000661000000, 0x0000000661800000)
AC   0  O    TS     0 PTAMS 0x0000000662000000 NTAMS 0x0000000662000000 space 8192K, 100% used [0x0000000661800000, 0x0000000662000000)
AC   0  O    TS     0 PTAMS 0x0000000662800000 NTAMS 0x0000000662800000 space 8192K, 100% used [0x0000000662000000, 0x0000000662800000)
AC   0  O    TS     0 PTAMS 0x0000000663000000 NTAMS 0x0000000663000000 space 8192K, 100% used [0x0000000662800000, 0x0000000663000000)
AC   0  O    TS     0 PTAMS 0x0000000663800000 NTAMS 0x0000000663800000 space 8192K, 100% used [0x0000000663000000, 0x0000000663800000)
AC   0  O    TS     0 PTAMS 0x0000000664000000 NTAMS 0x0000000664000000 space 8192K, 100% used [0x0000000663800000, 0x0000000664000000)
AC   0  O    TS     0 PTAMS 0x0000000664800000 NTAMS 0x0000000664800000 space 8192K, 100% used [0x0000000664000000, 0x0000000664800000)
AC   0  F    TS     0 PTAMS 0x0000000664800000 NTAMS 0x0000000664800000 space 8192K,   0% used [0x0000000664800000, 0x0000000665000000)
AC   0  F    TS     0 PTAMS 0x0000000665000000 NTAMS 0x0000000665000000 space 8192K,   0% used [0x0000000665000000, 0x0000000665800000)
AC   0  O    TS     0 PTAMS 0x0000000666000000 NTAMS 0x0000000666000000 space 8192K, 100% used [0x0000000665800000, 0x0000000666000000)
AC   0  O    TS     0 PTAMS 0x0000000666800000 NTAMS 0x0000000666800000 space 8192K, 100% used [0x0000000666000000, 0x0000000666800000)
AC   0  O    TS     0 PTAMS 0x0000000667000000 NTAMS 0x0000000667000000 space 8192K, 100% used [0x0000000666800000, 0x0000000667000000)
AC   0  O    TS     0 PTAMS 0x00000006673c6e00 NTAMS 0x00000006673c6e00 space 8192K, 100% used [0x0000000667000000, 0x0000000667800000)
AC   0  O    TS     1 PTAMS 0x0000000667800000 NTAMS 0x0000000667800000 space 8192K, 100% used [0x0000000667800000, 0x0000000668000000)
AC   0  F    TS     0 PTAMS 0x0000000668000000 NTAMS 0x0000000668000000 space 8192K,   0% used [0x0000000668000000, 0x0000000668800000)
AC   0  F    TS     0 PTAMS 0x0000000668800000 NTAMS 0x0000000668800000 space 8192K,   0% used [0x0000000668800000, 0x0000000669000000)
AC   0  F    TS     0 PTAMS 0x0000000669000000 NTAMS 0x0000000669000000 space 8192K,   0% used [0x0000000669000000, 0x0000000669800000)
AC   0  F    TS     0 PTAMS 0x0000000669800000 NTAMS 0x0000000669800000 space 8192K,   0% used [0x0000000669800000, 0x000000066a000000)
AC   0  F    TS     0 PTAMS 0x000000066a000000 NTAMS 0x000000066a000000 space 8192K,   0% used [0x000000066a000000, 0x000000066a800000)
AC   0  F    TS     0 PTAMS 0x000000066a800000 NTAMS 0x000000066a800000 space 8192K,   0% used [0x000000066a800000, 0x000000066b000000)
AC   0  F    TS     0 PTAMS 0x000000066b000000 NTAMS 0x000000066b000000 space 8192K,   0% used [0x000000066b000000, 0x000000066b800000)
AC   0  F    TS     0 PTAMS 0x000000066b800000 NTAMS 0x000000066b800000 space 8192K,   0% used [0x000000066b800000, 0x000000066c000000)
AC   0  F    TS     0 PTAMS 0x000000066c000000 NTAMS 0x000000066c000000 space 8192K,   0% used [0x000000066c000000, 0x000000066c800000)
AC   0  F    TS     0 PTAMS 0x000000066c800000 NTAMS 0x000000066c800000 space 8192K,   0% used [0x000000066c800000, 0x000000066d000000)
AC   0  S CS TS     1 PTAMS 0x000000066d000000 NTAMS 0x000000066d000000 space 8192K,  89% used [0x000000066d000000, 0x000000066d800000)
AC   0  S CS TS     1 PTAMS 0x000000066d800000 NTAMS 0x000000066d800000 space 8192K, 100% used [0x000000066d800000, 0x000000066e000000)
AC   0  F    TS     0 PTAMS 0x000000066e000000 NTAMS 0x000000066e000000 space 8192K,   0% used [0x000000066e000000, 0x000000066e800000)
AC   0  F    TS     0 PTAMS 0x000000066e800000 NTAMS 0x000000066e800000 space 8192K,   0% used [0x000000066e800000, 0x000000066f000000)
AC   0  F    TS     0 PTAMS 0x000000066f000000 NTAMS 0x000000066f000000 space 8192K,   0% used [0x000000066f000000, 0x000000066f800000)
AC   0  F    TS     0 PTAMS 0x000000066f800000 NTAMS 0x000000066f800000 space 8192K,   0% used [0x000000066f800000, 0x0000000670000000)
AC   0  F    TS     0 PTAMS 0x0000000670000000 NTAMS 0x0000000670000000 space 8192K,   0% used [0x0000000670000000, 0x0000000670800000)
AC   0  F    TS     0 PTAMS 0x0000000670800000 NTAMS 0x0000000670800000 space 8192K,   0% used [0x0000000670800000, 0x0000000671000000)
AC   0  F    TS     0 PTAMS 0x0000000671000000 NTAMS 0x0000000671000000 space 8192K,   0% used [0x0000000671000000, 0x0000000671800000)
AC   0  F    TS     0 PTAMS 0x0000000671800000 NTAMS 0x0000000671800000 space 8192K,   0% used [0x0000000671800000, 0x0000000672000000)
AC   0  F    TS     0 PTAMS 0x0000000672000000 NTAMS 0x0000000672000000 space 8192K,   0% used [0x0000000672000000, 0x0000000672800000)
AC   0  F    TS     0 PTAMS 0x0000000672800000 NTAMS 0x0000000672800000 space 8192K,   0% used [0x0000000672800000, 0x0000000673000000)
AC   0  F    TS     0 PTAMS 0x0000000673000000 NTAMS 0x0000000673000000 space 8192K,   0% used [0x0000000673000000, 0x0000000673800000)
AC   0  F    TS     0 PTAMS 0x0000000673800000 NTAMS 0x0000000673800000 space 8192K,   0% used [0x0000000673800000, 0x0000000674000000)
AC   0  F    TS     0 PTAMS 0x0000000674000000 NTAMS 0x0000000674000000 space 8192K,   0% used [0x0000000674000000, 0x0000000674800000)
AC   0  F    TS     0 PTAMS 0x0000000674800000 NTAMS 0x0000000674800000 space 8192K,   0% used [0x0000000674800000, 0x0000000675000000)
AC   0  F    TS     0 PTAMS 0x0000000675000000 NTAMS 0x0000000675000000 space 8192K,   0% used [0x0000000675000000, 0x0000000675800000)
AC   0  F    TS     0 PTAMS 0x0000000675800000 NTAMS 0x0000000675800000 space 8192K,   0% used [0x0000000675800000, 0x0000000676000000)
AC   0  F    TS     0 PTAMS 0x0000000676000000 NTAMS 0x0000000676000000 space 8192K,   0% used [0x0000000676000000, 0x0000000676800000)
AC   0  F    TS     0 PTAMS 0x0000000676800000 NTAMS 0x0000000676800000 space 8192K,   0% used [0x0000000676800000, 0x0000000677000000)
AC   0  E    TS     0 PTAMS 0x0000000677000000 NTAMS 0x0000000677000000 space 8192K,  50% used [0x0000000677000000, 0x0000000677800000)
AC   0  E CS TS     0 PTAMS 0x0000000677800000 NTAMS 0x0000000677800000 space 8192K, 100% used [0x0000000677800000, 0x0000000678000000)
AC   0  E CS TS     0 PTAMS 0x0000000678000000 NTAMS 0x0000000678000000 space 8192K, 100% used [0x0000000678000000, 0x0000000678800000)
AC   0  E CS TS     0 PTAMS 0x0000000678800000 NTAMS 0x0000000678800000 space 8192K, 100% used [0x0000000678800000, 0x0000000679000000)
AC   0  E CS TS     0 PTAMS 0x0000000679000000 NTAMS 0x0000000679000000 space 8192K, 100% used [0x0000000679000000, 0x0000000679800000)
AC   0  E CS TS     0 PTAMS 0x0000000679800000 NTAMS 0x0000000679800000 space 8192K, 100% used [0x0000000679800000, 0x000000067a000000)
AC   0  E CS TS     0 PTAMS 0x000000067a000000 NTAMS 0x000000067a000000 space 8192K, 100% used [0x000000067a000000, 0x000000067a800000)
AC   0  E CS TS     0 PTAMS 0x000000067a800000 NTAMS 0x000000067a800000 space 8192K, 100% used [0x000000067a800000, 0x000000067b000000)
AC   0  E CS TS     0 PTAMS 0x000000067b000000 NTAMS 0x000000067b000000 space 8192K, 100% used [0x000000067b000000, 0x000000067b800000)
AC   0  E CS TS     0 PTAMS 0x000000067b800000 NTAMS 0x000000067b800000 space 8192K, 100% used [0x000000067b800000, 0x000000067c000000)
AC   0  E CS TS     0 PTAMS 0x000000067c000000 NTAMS 0x000000067c000000 space 8192K, 100% used [0x000000067c000000, 0x000000067c800000)
AC   0  E CS TS     0 PTAMS 0x000000067c800000 NTAMS 0x000000067c800000 space 8192K, 100% used [0x000000067c800000, 0x000000067d000000)
AC   0  E CS TS     0 PTAMS 0x000000067d000000 NTAMS 0x000000067d000000 space 8192K, 100% used [0x000000067d000000, 0x000000067d800000)
AC   0  E CS TS     0 PTAMS 0x000000067d800000 NTAMS 0x000000067d800000 space 8192K, 100% used [0x000000067d800000, 0x000000067e000000)
AC   0  E CS TS     0 PTAMS 0x000000067e000000 NTAMS 0x000000067e000000 space 8192K, 100% used [0x000000067e000000, 0x000000067e800000)
AC   0  E CS TS     0 PTAMS 0x000000067e800000 NTAMS 0x000000067e800000 space 8192K, 100% used [0x000000067e800000, 0x000000067f000000)
AC   0  E CS TS     0 PTAMS 0x000000067f000000 NTAMS 0x000000067f000000 space 8192K, 100% used [0x000000067f000000, 0x000000067f800000)
AC   0  E CS TS     0 PTAMS 0x000000067f800000 NTAMS 0x000000067f800000 space 8192K, 100% used [0x000000067f800000, 0x0000000680000000)

Card table byte_map: [0x00007f024d4f9000,0x00007f024e0f9000] byte_map_base: 0x00007f024a2f9000

Marking Bits (Prev, Next): (CMBitMap*) 0x00007f026c066b70, (CMBitMap*) 0x00007f026c066b18
 Prev Bits: [0x00007f022c000000, 0x00007f0232000000)
 Next Bits: [0x00007f0232000000, 0x00007f0238000000)

Polling page: 0x00007f0271867000

CodeCache: size=245760Kb used=33503Kb max_used=33537Kb free=212256Kb
 bounds [0x00007f025c9ab000, 0x00007f025eaab000, 0x00007f026b9ab000]
 total_blobs=9339 nmethods=8476 adapters=775
 compilation: enabled

Compilation events (10 events):
Event: 374,073 Thread 0x00007f026c281800 12222       3       com.sk89q.worldedit.MutableBlockVector::getZ (6 bytes)
Event: 374,073 Thread 0x00007f026c281800 nmethod 12222 0x00007f025ea604d0 code [0x00007f025ea60620, 0x00007f025ea60770]
Event: 374,470 Thread 0x00007f026c27f800 nmethod 12217 0x00007f025ea8b610 code [0x00007f025ea8bae0, 0x00007f025ea91b50]
Event: 374,798 Thread 0x00007f026c27d800 12223       4       org.objectweb.asm.ClassWriter::a (387 bytes)
Event: 374,854 Thread 0x00007f026c281800 12224       3       org.objectweb.asm.ClassWriter::newHandle (15 bytes)
Event: 374,854 Thread 0x00007f026c281800 nmethod 12224 0x00007f025ea60050 code [0x00007f025ea601c0, 0x00007f025ea603c8]
Event: 375,170 Thread 0x00007f026c27f800 12225       4       org.objectweb.asm.MethodWriter::visitTableSwitchInsn (120 bytes)
Event: 375,349 Thread 0x00007f026c27d800 nmethod 12223 0x00007f025ea95990 code [0x00007f025ea95ca0, 0x00007f025ea98eb0]
Event: 375,404 Thread 0x00007f026c27f800 nmethod 12225 0x00007f025ea88e10 code [0x00007f025ea89040, 0x00007f025ea8a8b0]
Event: 375,566 Thread 0x00007f026c27d800 12226       4       java.net.URLStreamHandler::parseURL (1158 bytes)

GC Heap History (10 events):
Event: 354,682 GC heap before
{Heap before GC invocations=78 (full 0):
 garbage-first heap   total 1048576K, used 859584K [0x0000000640000000, 0x0000000640800400, 0x00000007c0000000)
  region size 8192K, 38 young (311296K), 2 survivors (16384K)
 Metaspace       used 104998K, capacity 106724K, committed 107392K, reserved 1138688K
  class space    used 16490K, capacity 17164K, committed 17280K, reserved 1048576K
Event: 355,084 GC heap after
Heap after GC invocations=79 (full 0):
 garbage-first heap   total 1048576K, used 586039K [0x0000000640000000, 0x0000000640800400, 0x00000007c0000000)
  region size 8192K, 2 young (16384K), 2 survivors (16384K)
 Metaspace       used 104998K, capacity 106724K, committed 107392K, reserved 1138688K
  class space    used 16490K, capacity 17164K, committed 17280K, reserved 1048576K
}
Event: 361,258 GC heap before
{Heap before GC invocations=79 (full 0):
 garbage-first heap   total 1048576K, used 880951K [0x0000000640000000, 0x0000000640800400, 0x00000007c0000000)
  region size 8192K, 38 young (311296K), 2 survivors (16384K)
 Metaspace       used 108531K, capacity 110456K, committed 110976K, reserved 1142784K
  class space    used 17147K, capacity 17936K, committed 18048K, reserved 1048576K
Event: 361,391 GC heap after
Heap after GC invocations=80 (full 0):
 garbage-first heap   total 1048576K, used 630784K [0x0000000640000000, 0x0000000640800400, 0x00000007c0000000)
  region size 8192K, 2 young (16384K), 2 survivors (16384K)
 Metaspace       used 108531K, capacity 110456K, committed 110976K, reserved 1142784K
  class space    used 17147K, capacity 17936K, committed 18048K, reserved 1048576K
}
Event: 364,752 GC heap before
{Heap before GC invocations=80 (full 0):
 garbage-first heap   total 1048576K, used 925696K [0x0000000640000000, 0x0000000640800400, 0x00000007c0000000)
  region size 8192K, 38 young (311296K), 2 survivors (16384K)
 Metaspace       used 109676K, capacity 111650K, committed 112128K, reserved 1142784K
  class space    used 17323K, capacity 18101K, committed 18176K, reserved 1048576K
Event: 364,847 GC heap after
Heap after GC invocations=81 (full 0):
 garbage-first heap   total 1048576K, used 659227K [0x0000000640000000, 0x0000000640800400, 0x00000007c0000000)
  region size 8192K, 2 young (16384K), 2 survivors (16384K)
 Metaspace       used 109676K, capacity 111650K, committed 112128K, reserved 1142784K
  class space    used 17323K, capacity 18101K, committed 18176K, reserved 1048576K
}
Event: 369,418 GC heap before
{Heap before GC invocations=81 (full 0):
 garbage-first heap   total 1048576K, used 954139K [0x0000000640000000, 0x0000000640800400, 0x00000007c0000000)
  region size 8192K, 38 young (311296K), 2 survivors (16384K)
 Metaspace       used 111230K, capacity 113230K, committed 113536K, reserved 1144832K
  class space    used 17503K, capacity 18263K, committed 18304K, reserved 1048576K
Event: 369,487 GC heap after
Heap after GC invocations=82 (full 0):
 garbage-first heap   total 1048576K, used 663974K [0x0000000640000000, 0x0000000640800400, 0x00000007c0000000)
  region size 8192K, 2 young (16384K), 2 survivors (16384K)
 Metaspace       used 111230K, capacity 113230K, committed 113536K, reserved 1144832K
  class space    used 17503K, capacity 18263K, committed 18304K, reserved 1048576K
}
Event: 373,850 GC heap before
{Heap before GC invocations=83 (full 0):
 garbage-first heap   total 1048576K, used 934310K [0x0000000640000000, 0x0000000640800400, 0x00000007c0000000)
  region size 8192K, 38 young (311296K), 2 survivors (16384K)
 Metaspace       used 112596K, capacity 114632K, committed 114944K, reserved 1146880K
  class space    used 17670K, capacity 18428K, committed 18432K, reserved 1048576K
Event: 373,915 GC heap after
Heap after GC invocations=84 (full 0):
 garbage-first heap   total 1048576K, used 649856K [0x0000000640000000, 0x0000000640800400, 0x00000007c0000000)
  region size 8192K, 2 young (16384K), 2 survivors (16384K)
 Metaspace       used 112596K, capacity 114632K, committed 114944K, reserved 1146880K
  class space    used 17670K, capacity 18428K, committed 18432K, reserved 1048576K
}

Deoptimization events (10 events):
Event: 368,394 Thread 0x00007f026d166000 Uncommon trap: reason=bimorphic action=maybe_recompile pc=0x00007f025e7754bc method=java.util.regex.Pattern$Ques.match(Ljava/util/regex/Matcher;ILjava/lang/CharSequence;)Z @ 55
Event: 369,634 Thread 0x00007f01de1a3800 Uncommon trap: reason=unstable_if action=reinterpret pc=0x00007f025d2cf0cc method=java.net.URLStreamHandler.parseURL(Ljava/net/URL;Ljava/lang/String;II)V @ 84
Event: 371,542 Thread 0x00007f026d166000 Uncommon trap: reason=unstable_if action=reinterpret pc=0x00007f025e5097ac method=com.boydti.fawe.yaml.scanner.ScannerImpl.stalePossibleSimpleKeys()V @ 57
Event: 371,543 Thread 0x00007f026d166000 Uncommon trap: reason=unstable_if action=reinterpret pc=0x00007f025e4b9be4 method=com.boydti.fawe.yaml.scanner.ScannerImpl.stalePossibleSimpleKeys()V @ 57
Event: 371,843 Thread 0x00007f026d166000 Uncommon trap: reason=unloaded action=reinterpret pc=0x00007f025d44f5b0 method=org.objectweb.asm.ClassReader.a(I[CLjava/lang/String;Lorg/objectweb/asm/AnnotationVisitor;)I @ 462
Event: 371,843 Thread 0x00007f026d166000 Uncommon trap: reason=unstable_if action=reinterpret pc=0x00007f025d6ce670 method=org.objectweb.asm.AnnotationWriter.visit(Ljava/lang/String;Ljava/lang/Object;)V @ 152
Event: 374,543 Thread 0x00007f026d166000 Uncommon trap: reason=bimorphic action=maybe_recompile pc=0x00007f025dc55eec method=org.objectweb.asm.ClassWriter.a(Ljava/lang/String;Ljava/lang/String;Lorg/objectweb/asm/Handle;[Ljava/lang/Object;)Lorg/objectweb/asm/Item; @ 102
Event: 374,544 Thread 0x00007f026d166000 Uncommon trap: reason=bimorphic action=maybe_recompile pc=0x00007f025dc55eec method=org.objectweb.asm.ClassWriter.a(Ljava/lang/String;Ljava/lang/String;Lorg/objectweb/asm/Handle;[Ljava/lang/Object;)Lorg/objectweb/asm/Item; @ 102
Event: 374,544 Thread 0x00007f026d166000 Uncommon trap: reason=bimorphic action=maybe_recompile pc=0x00007f025dc55eec method=org.objectweb.asm.ClassWriter.a(Ljava/lang/String;Ljava/lang/String;Lorg/objectweb/asm/Handle;[Ljava/lang/Object;)Lorg/objectweb/asm/Item; @ 102
Event: 374,545 Thread 0x00007f026d166000 Uncommon trap: reason=bimorphic action=maybe_recompile pc=0x00007f025dc55eec method=org.objectweb.asm.ClassWriter.a(Ljava/lang/String;Ljava/lang/String;Lorg/objectweb/asm/Handle;[Ljava/lang/Object;)Lorg/objectweb/asm/Item; @ 102

Internal exceptions (10 events):
Event: 357,547 Thread 0x00007f026d166000 Exception <a 'java/lang/NullPointerException'> (0x000000067de065b0) thrown at [/HUDSON3/workspace/8-2-build-linux-amd64/jdk8u111/7883/hotspot/src/share/vm/runtime/sharedRuntime.cpp, line 605]
Event: 357,566 Thread 0x00007f026d166000 Implicit null exception at 0x00007f025e83cd94 to 0x00007f025e83d498
Event: 357,566 Thread 0x00007f026d166000 Exception <a 'java/lang/NullPointerException'> (0x000000067de1d5b8) thrown at [/HUDSON3/workspace/8-2-build-linux-amd64/jdk8u111/7883/hotspot/src/share/vm/runtime/sharedRuntime.cpp, line 605]
Event: 357,567 Thread 0x00007f026d166000 Implicit null exception at 0x00007f025e83cd94 to 0x00007f025e83d498
Event: 357,567 Thread 0x00007f026d166000 Exception <a 'java/lang/NullPointerException'> (0x000000067de32278) thrown at [/HUDSON3/workspace/8-2-build-linux-amd64/jdk8u111/7883/hotspot/src/share/vm/runtime/sharedRuntime.cpp, line 605]
Event: 357,568 Thread 0x00007f026d166000 Implicit null exception at 0x00007f025e83cd94 to 0x00007f025e83d498
Event: 357,568 Thread 0x00007f026d166000 Exception <a 'java/lang/NullPointerException'> (0x000000067de460b0) thrown at [/HUDSON3/workspace/8-2-build-linux-amd64/jdk8u111/7883/hotspot/src/share/vm/runtime/sharedRuntime.cpp, line 605]
Event: 357,569 Thread 0x00007f026d166000 Implicit null exception at 0x00007f025e83cd94 to 0x00007f025e83d498
Event: 357,569 Thread 0x00007f026d166000 Exception <a 'java/lang/NullPointerException'> (0x000000067de59e88) thrown at [/HUDSON3/workspace/8-2-build-linux-amd64/jdk8u111/7883/hotspot/src/share/vm/runtime/sharedRuntime.cpp, line 605]
Event: 360,892 Thread 0x00007f026d166000 Exception <a 'java/lang/NoSuchMethodError': java.lang.Object.lambda$and$0(Ljava/util/function/Predicate;Ljava/lang/Object;)Z> (0x000000066f9c8430) thrown at [/HUDSON3/workspace/8-2-build-linux-amd64/jdk8u111/7883/hotspot/src/share/vm/interpreter/linkResol

Events (10 events):
Event: 375,583 loading class com/sk89q/worldedit/util/command/SimpleDispatcher
Event: 375,583 loading class com/sk89q/worldedit/util/command/SimpleDispatcher done
Event: 375,589 loading class com/sk89q/worldedit/util/command/CommandMapping
Event: 375,589 loading class com/sk89q/worldedit/util/command/CommandMapping done
Event: 375,593 loading class com/sk89q/worldedit/util/command/SimpleCommandMapping
Event: 375,593 loading class com/sk89q/worldedit/util/command/SimpleCommandMapping done
Event: 375,597 loading class com/github/luben/zstd/util/Native
Event: 375,597 loading class com/github/luben/zstd/util/Native done
Event: 375,602 Executing VM operation: RevokeBias
Event: 375,602 Executing VM operation: RevokeBias done


Dynamic libraries:
00400000-00401000 r-xp 00000000 08:02 1964420                            /opt/jre1.8.0_111/bin/java
00600000-00601000 rw-p 00000000 08:02 1964420                            /opt/jre1.8.0_111/bin/java
00ac9000-00aea000 rw-p 00000000 00:00 0                                  [heap]
640000000-680000000 rw-p 00000000 00:00 0 
680000000-7c0000000 ---p 00000000 00:00 0 
7c0000000-7c1220000 rw-p 00000000 00:00 0 
7c1220000-800000000 ---p 00000000 00:00 0 
7f01c0000000-7f01c0021000 rw-p 00000000 00:00 0 
7f01c0021000-7f01c4000000 ---p 00000000 00:00 0 
7f01c8000000-7f01c8021000 rw-p 00000000 00:00 0 
7f01c8021000-7f01cc000000 ---p 00000000 00:00 0 
7f01cc000000-7f01cc089000 rw-p 00000000 00:00 0 
7f01cc089000-7f01d0000000 ---p 00000000 00:00 0 
7f01d0923000-7f01d0a23000 rw-p 00000000 00:00 0 
7f01d0a23000-7f01d0b23000 ---p 00000000 00:00 0 
7f01d0b23000-7f01d0b26000 ---p 00000000 00:00 0 
7f01d0b26000-7f01d0c24000 rw-p 00000000 00:00 0 
7f01d0c24000-7f01d0c27000 ---p 00000000 00:00 0 
7f01d0c27000-7f01d0d25000 rw-p 00000000 00:00 0 
7f01d0d25000-7f01d0d28000 ---p 00000000 00:00 0 
7f01d0d28000-7f01d1026000 rw-p 00000000 00:00 0 
7f01d1026000-7f01d1226000 rw-p 00000000 00:00 0 
7f01d1226000-7f01d1426000 rw-p 00000000 00:00 0 
7f01d1426000-7f01d1626000 rw-p 00000000 00:00 0 
7f01d1626000-7f01d1826000 rw-p 00000000 00:00 0 
7f01d1826000-7f01d1828000 r--s 0012e000 00:28 11693719                   /data/poc/poc3/marytts/voice-cmu-slt-hsmm-5.2.jar
7f01d1828000-7f01d19c5000 r--s 01aea000 00:28 11693718                   /data/poc/poc3/marytts/marytts-runtime-5.2-jar-for-computronics.jar
7f01d19c5000-7f01d19c7000 r--s 00695000 00:28 11693717                   /data/poc/poc3/marytts/marytts-lang-en-5.2.jar
7f01d19c7000-7f01d1bc7000 rw-p 00000000 00:00 0 
7f01d1bc7000-7f01d1dc7000 rw-p 00000000 00:00 0 
7f01d1dc7000-7f01d1fc7000 rw-p 00000000 00:00 0 
7f01d1fc7000-7f01d201e000 r-xp 00000000 00:28 15851369                   /data/poc/poc3/OpenComputersMod-1.7.5.212-lua53-native.64.so (deleted)
7f01d201e000-7f01d221e000 ---p 00057000 00:28 15851369                   /data/poc/poc3/OpenComputersMod-1.7.5.212-lua53-native.64.so (deleted)
7f01d221e000-7f01d2220000 rw-p 00057000 00:28 15851369                   /data/poc/poc3/OpenComputersMod-1.7.5.212-lua53-native.64.so (deleted)
7f01d2220000-7f01d2270000 r-xp 00000000 00:28 15851368                   /data/poc/poc3/OpenComputersMod-1.7.5.212-lua52-native.64.so (deleted)
7f01d2270000-7f01d246f000 ---p 00050000 00:28 15851368                   /data/poc/poc3/OpenComputersMod-1.7.5.212-lua52-native.64.so (deleted)
7f01d246f000-7f01d2471000 rw-p 0004f000 00:28 15851368                   /data/poc/poc3/OpenComputersMod-1.7.5.212-lua52-native.64.so (deleted)
7f01d2471000-7f01d2671000 rw-p 00000000 00:00 0 
7f01d2671000-7f01d2871000 rw-p 00000000 00:00 0 
7f01d2871000-7f01d2a71000 rw-p 00000000 00:00 0 
7f01d2a71000-7f01d2c71000 rw-p 00000000 00:00 0 
7f01d2c71000-7f01d2e71000 rw-p 00000000 00:00 0 
7f01d2e71000-7f01d3071000 rw-p 00000000 00:00 0 
7f01d3071000-7f01d3271000 rw-p 00000000 00:00 0 
7f01d3271000-7f01d3471000 rw-p 00000000 00:00 0 
7f01d3471000-7f01d3671000 rw-p 00000000 00:00 0 
7f01d3671000-7f01d3871000 rw-p 00000000 00:00 0 
7f01d3871000-7f01d3874000 ---p 00000000 00:00 0 
7f01d3874000-7f01d3972000 rw-p 00000000 00:00 0 
7f01d3972000-7f01d3975000 ---p 00000000 00:00 0 
7f01d3975000-7f01d3c73000 rw-p 00000000 00:00 0 
7f01d3c73000-7f01d3c76000 r--s 00031000 00:28 13571990                   /data/poc/poc3/mods/UniDict-1.12.2-3.0.3.jar
7f01d3c76000-7f01d3c79000 r--s 00011000 00:28 11688450                   /data/poc/poc3/mods/ocsensors-1.0.4-b23.jar
7f01d3c79000-7f01d3c82000 r--s 00062000 00:28 11688455                   /data/poc/poc3/mods/OpenGlasses-MC1.12.2-2.2-50.jar
7f01d3c82000-7f01d3c8f000 r--s 00084000 00:28 11688453                   /data/poc/poc3/mods/OpenEntity-1.0.0-alpha_20191016.jar
7f01d3c8f000-7f01d3c97000 r--s 00045000 00:28 13571968                   /data/poc/poc3/mods/Commons0815-1.12.2-1.3.8.jar
7f01d3c97000-7f01d3ca6000 r--s 0016e000 00:28 11688504                   /data/poc/poc3/mods/zettaindustries-1.3-1.12.2-161.jar
7f01d3ca6000-7f01d3caa000 r--s 00038000 00:28 13571992                   /data/poc/poc3/mods/WirelessCraftingTerminal-1.12.2-3.12.97.jar
7f01d3caa000-7f01d3cac000 r--s 00015000 00:28 11688501                   /data/poc/poc3/mods/Wawla-1.12.2-2.6.275.jar
7f01d3cac000-7f01d3cb0000 r--s 00028000 00:28 13571991                   /data/poc/poc3/mods/WanionLib-1.12.2-2.5.jar
7f01d3cb0000-7f01d3cb3000 r--s 0001d000 00:28 11688498                   /data/poc/poc3/mods/VeinMiner-1.12-0.38.2.647+b31535a.jar
7f01d3cb3000-7f01d3cb5000 r--s 00016000 00:28 13055494                   /data/poc/poc3/mods/TinkerToolLeveling-1.12.2-1.1.0.jar
7f01d3cb5000-7f01d3cb8000 r--s 00014000 00:28 11688493                   /data/poc/poc3/mods/thuttech-1.12.2-6.1.6.jar
7f01d3cb8000-7f01d3cc1000 r--s 00072000 00:28 11688492                   /data/poc/poc3/mods/thutcore-1.12.2-5.21.0.jar
7f01d3cc1000-7f01d3ccc000 r--s 000a7000 00:28 13571988                   /data/poc/poc3/mods/ThermalDynamics-1.12.2-2.5.6.1-universal.jar
7f01d3ccc000-7f01d3cd9000 r--s 00169000 00:28 13055495                   /data/poc/poc3/mods/taiga-1.12.2-1.3.4.jar
7f01d3cd9000-7f01d3cdc000 r--s 0000b000 00:28 11688488                   /data/poc/poc3/mods/starterkit-1.12.2-1.0.20.1.jar
7f01d3cdc000-7f01d3cf1000 r--s 0009f000 00:28 11688497                   /data/poc/poc3/mods/valkyrielib-1.12.2-2.0.20.1.jar
7f01d3cf1000-7f01d3cf4000 r--s 00023000 00:28 11688486                   /data/poc/poc3/mods/simplefluidtanks-1.12.2-1.7.1.3.jar
7f01d3cf4000-7f01d3d08000 r--s 0077f000 00:28 13571986                   /data/poc/poc3/mods/SGCraft-2.0.5.jar
7f01d3d08000-7f01d3d21000 r--s 000c0000 00:28 13572007                   /data/poc/poc3/mods/rsgauges-1.12.2-1.2.5.jar
7f01d3d21000-7f01d3d2d000 r--s 0009e000 00:28 11688481                   /data/poc/poc3/mods/retrocomputers-3.0.2.jar
7f01d3d2d000-7f01d3d40000 r--s 000fe000 00:28 11688478                   /data/poc/poc3/mods/quacklib-2.2.5.jar
7f01d3d40000-7f01d3d49000 r--s 00072000 00:28 11688477                   /data/poc/poc3/mods/ProjectRed-1.12.2-4.9.4.120-world.jar
7f01d3d49000-7f01d3d6c000 r--s 00257000 00:28 11688476                   /data/poc/poc3/mods/ProjectRed-1.12.2-4.9.4.120-mechanical.jar
7f01d3d6c000-7f01d3d76000 r--s 000a7000 00:28 11688475                   /data/poc/poc3/mods/ProjectRed-1.12.2-4.9.4.120-lighting.jar
7f01d3d76000-7f01d3d90000 r--s 001b5000 00:28 11688473                   /data/poc/poc3/mods/ProjectRed-1.12.2-4.9.4.120-fabrication.jar
7f01d3d90000-7f01d3da7000 r--s 003a7000 00:28 11688474                   /data/poc/poc3/mods/ProjectRed-1.12.2-4.9.4.120-integration.jar
7f01d3da7000-7f01d3da9000 r--s 0000f000 00:28 11688472                   /data/poc/poc3/mods/ProjectRed-1.12.2-4.9.4.120-compat.jar
7f01d3da9000-7f01d3fa9000 rw-p 00000000 00:00 0 
7f01d3fa9000-7f01d4000000 r--s 008c1000 00:28 13572006                   /data/poc/poc3/mods/pneumaticcraft-repressurized-1.12.2-0.11.15-398.jar
7f01d4000000-7f01d40b6000 rw-p 00000000 00:00 0 
7f01d40b6000-7f01d8000000 ---p 00000000 00:00 0 
7f01d8000000-7f01d8119000 rw-p 00000000 00:00 0 
7f01d8119000-7f01dc000000 ---p 00000000 00:00 0 
7f01dc000000-7f01de472000 rw-p 00000000 00:00 0 
7f01de472000-7f01e0000000 ---p 00000000 00:00 0 
7f01e0000000-7f01e0021000 rw-p 00000000 00:00 0 
7f01e0021000-7f01e4000000 ---p 00000000 00:00 0 
7f01e4000000-7f01e4021000 rw-p 00000000 00:00 0 
7f01e4021000-7f01e8000000 ---p 00000000 00:00 0 
7f01e8000000-7f01e8009000 r--s 001e9000 00:28 11688471                   /data/poc/poc3/mods/ProjectRed-1.12.2-4.9.4.120-Base.jar
7f01e8009000-7f01e800f000 r--s 0006d000 00:28 13571985                   /data/poc/poc3/mods/Patchouli-1.0-22.jar
7f01e800f000-7f01e80a6000 r--s 00419000 00:28 11688468                   /data/poc/poc3/mods/Pam's HarvestCraft 1.12.2zg.jar
7f01e80a6000-7f01e80a8000 r--s 00000000 00:28 11743449                   /data/poc/poc3/mods/Oversaturation-1.12.2-1.0.jar
7f01e80a8000-7f01e80aa000 r--s 000a7000 00:28 11688459                   /data/poc/poc3/mods/openscreens-1.12.2-1.0.1.jar
7f01e80aa000-7f01e80b6000 r--s 000ad000 00:28 11688458                   /data/poc/poc3/mods/OpenPython-MC1.12.2-OC1.7-1.0.1.jar
7f01e80b6000-7f01e80bb000 r--s 0003d000 00:28 11688457                   /data/poc/poc3/mods/OpenPrinter-1.12.2-0.1.0.9.jar
7f01e80bb000-7f01e80cc000 r--s 000db000 00:28 11688456                   /data/poc/poc3/mods/openmodularturrets-1.12.2-3.1.9-370.jar
7f01e80cc000-7f01e80d2000 r--s 0002f000 00:28 11688451                   /data/poc/poc3/mods/omlib-1.12.2-3.1.4-249.jar
7f01e80d2000-7f01e811d000 r--s 0064b000 00:28 13571983                   /data/poc/poc3/mods/NuclearCraft-2.18y-1.12.2.jar
7f01e811d000-7f01e811f000 r--s 0000b000 00:28 13571982                   /data/poc/poc3/mods/NoMoreRecipeConflict-0.13(1.12.2).jar
7f01e811f000-7f01e8120000 r--s 0001a000 00:28 13571981                   /data/poc/poc3/mods/NetherPortalFix_1.12.1-5.3.13.jar
7f01e8120000-7f01e8121000 r--s 00006000 00:28 11688447                   /data/poc/poc3/mods/multihotbar-1.12.2-4.0.1-build-T116.jar
7f01e8121000-7f01e812c000 r--s 000ba000 00:28 11688445                   /data/poc/poc3/mods/MrTJPCore-1.12.2-2.1.4.43-universal.jar
7f01e812c000-7f01e8130000 r--s 00015000 00:28 11688439                   /data/poc/poc3/mods/ModernLights-1.0.3_1.12.jar
7f01e8130000-7f01e8132000 r--s 00007000 00:28 11688438                   /data/poc/poc3/mods/MmmMmmMmmMmm-1.12-1.14.jar
7f01e8132000-7f01e8136000 r--s 00027000 00:28 11688408                   /data/poc/poc3/mods/MCMultiPart-2.5.3.jar
7f01e8136000-7f01e8143000 r--s 0019d000 00:28 11688407                   /data/poc/poc3/mods/malisisdoors-1.12.2-7.3.0.jar
7f01e8143000-7f01e8343000 rw-p 00000000 00:00 0 
7f01e8343000-7f01e834c000 r--s 00059000 00:28 14230937                   /data/poc/poc3/mods/lazy-ae2-1.12.2-1.1.25.jar
7f01e834c000-7f01e8357000 r--s 00054000 00:28 14230938                   /data/poc/poc3/mods/libnine-1.12.2-1.2.0.jar
7f01e8357000-7f01e835b000 r--s 00022000 00:28 11688398                   /data/poc/poc3/mods/IronJetpacks-1.12-2-1.1.0.jar
7f01e835b000-7f01e836e000 r--s 000d7000 00:28 11688397                   /data/poc/poc3/mods/ironchest-1.12.2-7.0.72.847.jar
7f01e836e000-7f01e8371000 r--s 00023000 00:28 13571999                   /data/poc/poc3/mods/incontrol-1.12-3.9.18.jar
7f01e8371000-7f01e8374000 r--s 0001d000 00:28 11688393                   /data/poc/poc3/mods/gravestone-1.10.3.jar
7f01e8374000-7f01e837c000 r--s 00060000 00:28 13571979                   /data/poc/poc3/mods/FTBUtilities-5.4.1.130.jar
7f01e837c000-7f01e837e000 r--s 00009000 00:28 11688390                   /data/poc/poc3/mods/FTBBackups-1.1.0.1.jar
7f01e837e000-7f01e8392000 r--s 0012b000 00:28 11688389                   /data/poc/poc3/mods/ForgeMultipart-1.12.2-2.6.2.83-universal.jar
7f01e8392000-7f01e83ae000 r--s 0014e000 00:28 11743934                   /data/poc/poc3/mods/worldedit-forge-mc1.12.2-6.1.10-dist.jar
7f01e83ae000-7f01e83af000 r--s 00001000 00:28 11688383                   /data/poc/poc3/mods/FastLeafDecay-v14.jar
7f01e83af000-7f01e83e0000 r--s 00527000 00:28 11688337                   /data/poc/poc3/mods/FastAsyncWorldEdit-forge112-19.05.02-d89cb44-1274-22.2.0.jar
7f01e83e0000-7f01e83e6000 r--s 00037000 00:28 11688382                   /data/poc/poc3/mods/FarmingForBlockheads_1.12.2-3.1.28.jar
7f01e83e6000-7f01e8400000 r--s 0024e000 00:28 14230936                   /data/poc/poc3/mods/ExtraCells-1.12.2-2.6.5.jar
7f01e8400000-7f01e841f000 r--s 00286000 00:28 13571977                   /data/poc/poc3/mods/EnderIO-machines-1.12.2-5.2.66.jar
7f01e841f000-7f01e861f000 rw-p 00000000 00:00 0 
7f01e861f000-7f01e8630000 r--s 000d4000 00:28 13571978                   /data/poc/poc3/mods/FTBLib-5.4.7.2.jar
7f01e8630000-7f01e8632000 r--s 00010000 00:28 13571976                   /data/poc/poc3/mods/EnderIO-conduits-opencomputers-1.12.2-5.2.66.jar
7f01e8632000-7f01e8634000 r--s 0000a000 00:28 13571975                   /data/poc/poc3/mods/EnderIO-conduits-appliedenergistics-1.12.2-5.2.66.jar
7f01e8634000-7f01e8640000 r--s 000b7000 00:28 13571974                   /data/poc/poc3/mods/EnderIO-conduits-1.12.2-5.2.66.jar
7f01e8640000-7f01e8643000 r--s 00020000 00:28 11688376                   /data/poc/poc3/mods/EnchantingPlus-1.12.2-5.0.176.jar
7f01e8643000-7f01e864f000 r--s 000b8000 00:28 13571971                   /data/poc/poc3/mods/DoggyTalents-1.12.2-1.15.1.6.jar
7f01e864f000-7f01e8652000 r--s 0001c000 00:28 11688374                   /data/poc/poc3/mods/Cucumber-1.12.2-1.1.3.jar
7f01e8652000-7f01e865f000 r--s 00085000 00:28 11688369                   /data/poc/poc3/mods/CookingForBlockheads_1.12.2-6.5.0.jar
7f01e865f000-7f01e8664000 r--s 00045000 00:28 13572008                   /data/poc/poc3/mods/theoneprobe-1.12-1.4.28.jar
7f01e8664000-7f01e86c3000 r--s 004ea000 00:28 11688479                   /data/poc/poc3/mods/railcraft-12.0.0.jar
7f01e86c3000-7f01e86e0000 r--s 0011f000 00:28 11688367                   /data/poc/poc3/mods/Computronics-1.12.2-1.6.6.jar
7f01e86e0000-7f01e86ea000 r--s 0004f000 00:28 13571967                   /data/poc/poc3/mods/CommonCapabilities-1.12.2-2.4.8.jar
7f01e86ea000-7f01e8700000 r--s 000ee000 00:28 13571970                   /data/poc/poc3/mods/CyclopsCore-1.12.2-1.6.6.jar
7f01e8700000-7f01e8706000 r--s 00023000 00:28 13571997                   /data/poc/poc3/mods/comforts-1.12.2-1.4.1.3.jar
7f01e8706000-7f01e8708000 r--s 00004000 00:28 11688442                   /data/poc/poc3/mods/Morpheus-1.12.2-3.5.106.jar
7f01e8708000-7f01e870b000 r--s 00012000 00:28 11688361                   /data/poc/poc3/mods/Clipboard-1.12-1.3.0.jar
7f01e870b000-7f01e8716000 r--s 00067000 00:28 11688485                   /data/poc/poc3/mods/ShadowMC-1.12-3.8.0.jar
7f01e8716000-7f01e8718000 r--s 00001000 00:28 13836137                   /data/poc/poc3/mods/chunkgenlimiter-1.1.jar
7f01e8718000-7f01e8726000 r--s 000a7000 00:28 11688359                   /data/poc/poc3/mods/chiselsandbits-14.33.jar
7f01e8726000-7f01e873b000 r--s 00038000 00:28 11688357                   /data/poc/poc3/mods/ChestTransporter-1.12.2-2.8.8.jar
7f01e873b000-7f01e877e000 r--s 00438000 00:28 11688355                   /data/poc/poc3/mods/BiomesOPlenty-1.12.2-7.0.1.2441-universal.jar
7f01e877e000-7f01e897e000 rw-p 00000000 00:00 0 
7f01e897e000-7f01e899b000 r--s 004c6000 00:28 11688354                   /data/poc/poc3/mods/BiblioCraft[v2.4.5][MC1.12.2].jar
7f01e899b000-7f01e89c1000 r--s 001ba000 00:28 11688352                   /data/poc/poc3/mods/bdlib-1.14.3.12-mc1.12.2.jar
7f01e89c1000-7f01e89cf000 r--s 000d4000 00:28 11688350                   /data/poc/poc3/mods/architecturecraft-1.12-3.98.jar
7f01e89cf000-7f01e89fe000 r--s 00ead000 00:28 13571995                   /data/poc/poc3/mods/aliensvspredator-6.0.0.62.jar
7f01e89fe000-7f01e8a05000 r-xp 00000000 08:02 1964958                    /opt/jre1.8.0_111/lib/amd64/libawt_headless.so
7f01e8a05000-7f01e8c04000 ---p 00007000 08:02 1964958                    /opt/jre1.8.0_111/lib/amd64/libawt_headless.so
7f01e8c04000-7f01e8c05000 rw-p 00006000 08:02 1964958                    /opt/jre1.8.0_111/lib/amd64/libawt_headless.so
7f01e8c05000-7f01e8ca7000 r-xp 00000000 08:02 1964947                    /opt/jre1.8.0_111/lib/amd64/libawt.so
7f01e8ca7000-7f01e8ea7000 ---p 000a2000 08:02 1964947                    /opt/jre1.8.0_111/lib/amd64/libawt.so
7f01e8ea7000-7f01e8eb3000 rw-p 000a2000 08:02 1964947                    /opt/jre1.8.0_111/lib/amd64/libawt.so
7f01e8eb3000-7f01e8ed7000 rw-p 00000000 00:00 0 
7f01e8ed7000-7f01e8f2d000 r--s 00381000 00:28 13055493                   /data/poc/poc3/mods/TConstruct-1.12.2-2.13.0.183.jar
7f01e8f2d000-7f01e912d000 rw-p 00000000 00:00 0 
7f01e912d000-7f01e91b9000 r--s 003fd000 00:28 11688358                   /data/poc/poc3/mods/Chisel-MC1.12.2-1.0.2.45.jar
7f01e91b9000-7f01e91c7000 r--s 000c0000 00:28 13055492                   /data/poc/poc3/mods/Mantle-1.12-1.3.3.55.jar
7f01e91c7000-7f01e920b000 r--s 0046a000 00:28 13571973                   /data/poc/poc3/mods/EnderIO-base-1.12.2-5.2.66.jar
7f01e920b000-7f01e9229000 r--s 0021f000 00:28 11688490                   /data/poc/poc3/mods/ThermalExpansion-1.12.2-5.5.7.1-universal.jar
7f01e9229000-7f01e9247000 r--s 00200000 00:28 11688491                   /data/poc/poc3/mods/ThermalFoundation-1.12.2-2.6.7.1-universal.jar
7f01e9247000-7f01e9250000 r--s 00073000 00:28 11688364                   /data/poc/poc3/mods/CoFHWorld-1.12.2-1.4.0.1-universal.jar
7f01e9250000-7f01e925d000 r--s 000c3000 00:28 11688363                   /data/poc/poc3/mods/CoFHCore-1.12.2-4.6.6.1-universal.jar
7f01e925d000-7f01e945d000 rw-p 00000000 00:00 0 
7f01e945d000-7f01e965d000 rw-p 00000000 00:00 0 
7f01e965d000-7f01e985d000 rw-p 00000000 00:00 0 
7f01e985d000-7f01e9a5d000 rw-p 00000000 00:00 0 
7f01e9a5d000-7f01e9c5d000 rw-p 00000000 00:00 0 
7f01e9c5d000-7f01e9c60000 ---p 00000000 00:00 0 
7f01e9c60000-7f01e9d5e000 rw-p 00000000 00:00 0 
7f01e9d5e000-7f01e9d61000 ---p 00000000 00:00 0 
7f01e9d61000-7f01e9e5f000 rw-p 00000000 00:00 0 
7f01e9e5f000-7f01e9e62000 ---p 00000000 00:00 0 
7f01e9e62000-7f01ea160000 rw-p 00000000 00:00 0 
7f01ea160000-7f01ea163000 ---p 00000000 00:00 0 
7f01ea163000-7f01ea261000 rw-p 00000000 00:00 0 
7f01ea261000-7f01ea264000 ---p 00000000 00:00 0 
7f01ea264000-7f01ea562000 rw-p 00000000 00:00 0 
7f01ea562000-7f01ea762000 rw-p 00000000 00:00 0 
7f01ea762000-7f01ea962000 rw-p 00000000 00:00 0 
7f01ea962000-7f01eab62000 rw-p 00000000 00:00 0 
7f01eab62000-7f01ead62000 rw-p 00000000 00:00 0 
7f01ead62000-7f01eaf62000 rw-p 00000000 00:00 0 
7f01eaf62000-7f01eaf81000 r-xp 00000000 08:02 1964908                    /opt/jre1.8.0_111/lib/amd64/libunpack.so
7f01eaf81000-7f01eb181000 ---p 0001f000 08:02 1964908                    /opt/jre1.8.0_111/lib/amd64/libunpack.so
7f01eb181000-7f01eb184000 rw-p 0001f000 08:02 1964908                    /opt/jre1.8.0_111/lib/amd64/libunpack.so
7f01eb184000-7f01eb195000 rw-p 00000000 00:00 0 
7f01eb195000-7f01eb1a8000 r--s 00345000 08:02 1964900                    /opt/jre1.8.0_111/lib/resources.jar
7f01eb1a8000-7f01eb3a8000 rw-p 00000000 00:00 0 
7f01eb3a8000-7f01eb3aa000 r--s 00008000 00:28 13572003                   /data/poc/poc3/mods/memory_repo/com/enderio/core/EnderCore/1.12.2-0.5.76/EnderCore-1.12.2-0.5.76-core.jar
7f01eb3aa000-7f01eb3af000 r--s 0003d000 00:28 11688356                   /data/poc/poc3/mods/Bookshelf-1.12.2-2.3.590.jar
7f01eb3af000-7f01eb3b2000 r--s 00018000 00:28 11688351                   /data/poc/poc3/mods/AutoRegLib-1.3-32.jar
7f01eb3b2000-7f01eb3bd000 r--s 000a1000 00:28 11688362                   /data/poc/poc3/mods/CodeChickenLib-1.12.2-3.2.3.358-universal.jar
7f01eb3bd000-7f01eb3c9000 r--s 00094000 00:28 11688401                   /data/poc/poc3/mods/jei_1.12.2-4.15.0.291.jar
7f01eb3c9000-7f01eb3dd000 r--s 00130000 00:28 11688345                   /data/poc/poc3/mods/alchemistry-1.12.2-41.jar
7f01eb3dd000-7f01eb3e0000 r--s 00018000 00:28 13647040                   /data/poc/poc3/mods/TickDynamic-1.12.2-1.0.2.jar
7f01eb3e0000-7f01eb3e2000 r--s 00006000 00:28 11688441                   /data/poc/poc3/mods/Morph-o-Tool-1.2-21.jar
7f01eb3e2000-7f01eb3e4000 r--s 00007000 00:28 13571966                   /data/poc/poc3/mods/AppleSkin-mc1.12-1.0.14.jar
7f01eb3e4000-7f01eb3e6000 r--s 00009000 00:28 13055491                   /data/poc/poc3/mods/AkashicTome-1.2-12.jar
7f01eb3e6000-7f01eb3e7000 r--s 00001000 00:28 11688344                   /data/poc/poc3/mods/AIImprovements-1.12-0.0.1b3.jar
7f01eb3e7000-7f01eb3ea000 ---p 00000000 00:00 0 
7f01eb3ea000-7f01eb4e8000 rw-p 00000000 00:00 0 
7f01eb4e8000-7f01eb4ef000 r--s 00091000 00:28 13571994                   /data/poc/poc3/mods/Xaeros_Minimap_20.29.1_Forge_1.12.jar
7f01eb4ef000-7f01eb4f3000 r--s 0004a000 00:28 13571993                   /data/poc/poc3/mods/XaerosWorldMap_1.11.4_Forge_1.12.jar
7f01eb4f3000-7f01eb4f8000 r--s 00037000 00:28 13571964                   /data/poc/poc3/mods/AE2WTLib-1.12.2-1.0.34.jar
7f01eb4f8000-7f01eb505000 r--s 0006b000 00:28 11688440                   /data/poc/poc3/mods/modtweaker-4.0.18.jar
7f01eb505000-7f01eb509000 r--p 00000000 08:02 1570490                    /usr/lib/x86_64-linux-gnu/libresolv-2.28.so
7f01eb509000-7f01eb516000 r-xp 00004000 08:02 1570490                    /usr/lib/x86_64-linux-gnu/libresolv-2.28.so
7f01eb516000-7f01eb51a000 r--p 00011000 08:02 1570490                    /usr/lib/x86_64-linux-gnu/libresolv-2.28.so
7f01eb51a000-7f01eb51b000 ---p 00015000 08:02 1570490                    /usr/lib/x86_64-linux-gnu/libresolv-2.28.so
7f01eb51b000-7f01eb51c000 r--p 00015000 08:02 1570490                    /usr/lib/x86_64-linux-gnu/libresolv-2.28.so
7f01eb51c000-7f01eb51d000 rw-p 00016000 08:02 1570490                    /usr/lib/x86_64-linux-gnu/libresolv-2.28.so
7f01eb51d000-7f01eb51f000 rw-p 00000000 00:00 0 
7f01eb51f000-7f01eb520000 r--p 00000000 08:02 1570482                    /usr/lib/x86_64-linux-gnu/libnss_dns-2.28.so
7f01eb520000-7f01eb524000 r-xp 00001000 08:02 1570482                    /usr/lib/x86_64-linux-gnu/libnss_dns-2.28.so
7f01eb524000-7f01eb525000 r--p 00005000 08:02 1570482                    /usr/lib/x86_64-linux-gnu/libnss_dns-2.28.so
7f01eb525000-7f01eb526000 r--p 00005000 08:02 1570482                    /usr/lib/x86_64-linux-gnu/libnss_dns-2.28.so
7f01eb526000-7f01eb527000 rw-p 00006000 08:02 1570482                    /usr/lib/x86_64-linux-gnu/libnss_dns-2.28.so
7f01eb527000-7f01eb52c000 r--s 0004c000 00:28 13572005                   /data/poc/poc3/mods/p455w0rdslib-1.12.2-2.3.161.jar
7f01eb52c000-7f01eb532000 r--s 0003f000 08:02 1964656                    /opt/jre1.8.0_111/lib/ext/sunjce_provider.jar
7f01eb532000-7f01eb54e000 r--s 00393000 08:02 1964652                    /opt/jre1.8.0_111/lib/ext/cldrdata.jar
7f01eb54e000-7f01eb551000 ---p 00000000 00:00 0 
7f01eb551000-7f01eb64f000 rw-p 00000000 00:00 0 
7f01eb64f000-7f01eb660000 r--s 000f8000 00:28 13118465                   /data/poc/poc3/mods/phosphor-1.12.2-0.2.6+build50-universal.jar
7f01eb660000-7f01eb661000 r--s 00007000 00:28 11688480                   /data/poc/poc3/mods/RedstoneFlux-1.12-2.1.1.1-universal.jar
7f01eb661000-7f01eb663000 r--s 00006000 00:28 11688446                   /data/poc/poc3/mods/MTLib-3.0.6.jar
7f01eb663000-7f01eb67f000 r--s 00142000 00:28 11688371                   /data/poc/poc3/mods/CraftTweaker2-1.12-4.1.20.574.jar
7f01eb67f000-7f01eb681000 r--s 00011000 00:28 11688346                   /data/poc/poc3/mods/alib-1.0.12.jar
7f01eb681000-7f01eb68c000 r--s 00094000 00:28 13571972                   /data/poc/poc3/mods/EnderCore-1.12.2-0.5.76.jar
7f01eb68c000-7f01eb6e0000 r--s 00343000 00:28 13571996                   /data/poc/poc3/mods/appliedenergistics2-rv6-stable-7.jar
7f01eb6e0000-7f01eb6ea000 r--s 00048000 00:28 13571965                   /data/poc/poc3/mods/Additional-Compression-1.12.2-3.4.jar
7f01eb6ea000-7f01eb6ec000 r--s 0000e000 00:28 11688424                   /data/poc/poc3/mods/memory_repo/com/github/mcjty/mcjtytools/0.0.21/mcjtytools-0.0.21.jar
7f01eb6ec000-7f01eb6ef000 r--s 00010000 00:28 11688431                   /data/poc/poc3/mods/memory_repo/info/loenwind/autoconfig/AutoConfig/1.12.2-1.0.2/AutoConfig-1.12.2-1.0.2.jar
7f01eb6ef000-7f01eb6f2000 r--s 00014000 00:28 11688436                   /data/poc/poc3/mods/memory_repo/info/loenwind/autosave/AutoSave/1.12.2-1.0.11/AutoSave-1.12.2-1.0.11.jar
7f01eb6f2000-7f01eb6f3000 r--s 00004000 00:28 14254616                   /data/poc/poc3/mods/vorbisspi-1.0.3-1.jar
7f01eb6f3000-7f01eb6f5000 r--s 00009000 00:28 13571987                   /data/poc/poc3/mods/SoundFilters-0.12.1_for_1.12.jar
7f01eb6f5000-7f01eb6f7000 r--s 00007000 00:28 14254615                   /data/poc/poc3/mods/mp3spi-1.9.5-1.jar
7f01eb6f7000-7f01eb6f9000 r--s 00011000 00:28 11688443                   /data/poc/poc3/mods/MouseTweaks-2.10-mc1.12.2.jar
7f01eb6f9000-7f01eb6fb000 r--s 00003000 00:28 11688404                   /data/poc/poc3/mods/LLOverlayReloaded-1.1.6-mc1.12.2.jar
7f01eb6fb000-7f01eb6fd000 r--s 00005000 00:28 13572000                   /data/poc/poc3/mods/jeiintegration_1.12.2-1.6.0.jar
7f01eb6fd000-7f01eb6ff000 r--s 00006000 00:28 11688368                   /data/poc/poc3/mods/Controlling-3.0.10.jar
7f01eb6ff000-7f01eb700000 r--s 00010000 08:02 1964660                    /opt/jre1.8.0_111/lib/ext/zipfs.jar
7f01eb700000-7f01eb900000 rw-p 00000000 00:00 0 
7f01eb900000-7f01eb979000 r--s 005a3000 00:28 11689490                   /data/poc/poc3/ForgeEssentials/lib/hibernate-core-5.2.2.Final.jar
7f01eb979000-7f01eb97d000 r--s 00029000 00:28 11688402                   /data/poc/poc3/mods/LagGoggles-1.12.2-5.8-132.jar
7f01eb97d000-7f01eb97f000 r--s 00005000 00:28 11689500                   /data/poc/poc3/ForgeEssentials/lib/slf4j-api-1.7.5.jar
7f01eb97f000-7f01eb984000 r--s 0003d000 00:28 11689499                   /data/poc/poc3/ForgeEssentials/lib/pircbotx-2.0.1.jar
7f01eb984000-7f01eb98c000 r--s 000c4000 00:28 11689498                   /data/poc/poc3/ForgeEssentials/lib/mysql-connector-java-5.1.22.jar
7f01eb98c000-7f01eb98d000 r--s 00001000 00:28 11689497                   /data/poc/poc3/ForgeEssentials/lib/jsr250-api-1.0.jar
7f01eb98d000-7f01eb98f000 r--s 0000f000 00:28 11689496                   /data/poc/poc3/ForgeEssentials/lib/jboss-logging-3.3.0.Final.jar
7f01eb98f000-7f01eb990000 r--s 00001000 00:28 11689495                   /data/poc/poc3/ForgeEssentials/lib/jboss-interceptors-api_1.1_spec-1.0.0.Beta1.jar
7f01eb990000-7f01eb991000 r--s 00000000 00:28 11689494                   /data/poc/poc3/ForgeEssentials/lib/javax.inject-1.jar
7f01eb991000-7f01eb99b000 r--s 000ae000 00:28 11689493                   /data/poc/poc3/ForgeEssentials/lib/javassist-3.20.0-GA.jar
7f01eb99b000-7f01eb99e000 r--s 0002b000 00:28 11689492                   /data/poc/poc3/ForgeEssentials/lib/jandex-2.0.0.Final.jar
7f01eb99e000-7f01eb9a3000 r--s 00017000 00:28 11689491                   /data/poc/poc3/ForgeEssentials/lib/hibernate-jpa-2.1-api-1.0.0.Final.jar
7f01eb9a3000-7f01eb9b0000 r--s 00183000 00:28 11689488                   /data/poc/poc3/ForgeEssentials/lib/h2-1.3.175.jar
7f01eb9b0000-7f01eb9b5000 r--s 00048000 00:28 11689485                   /data/poc/poc3/ForgeEssentials/lib/dom4j-1.6.1.jar
7f01eb9b5000-7f01eb9b9000 r--s 0000e000 00:28 11689483                   /data/poc/poc3/ForgeEssentials/lib/cdi-api-1.1.jar
7f01eb9b9000-7f01ebbb9000 rw-p 00000000 00:00 0 
7f01ebbb9000-7f01ebbeb000 r-xp 00000000 08:02 1964919                    /opt/jre1.8.0_111/lib/amd64/libsunec.so
7f01ebbeb000-7f01ebdea000 ---p 00032000 08:02 1964919                    /opt/jre1.8.0_111/lib/amd64/libsunec.so
7f01ebdea000-7f01ebdf0000 rw-p 00031000 08:02 1964919                    /opt/jre1.8.0_111/lib/amd64/libsunec.so
7f01ebdf0000-7f01ec000000 rw-p 00000000 00:00 0 
7f01ec000000-7f01ec021000 rw-p 00000000 00:00 0 
7f01ec021000-7f01f0000000 ---p 00000000 00:00 0 
7f01f0000000-7f01f0003000 r--s 00010000 00:28 11689489                   /data/poc/poc3/ForgeEssentials/lib/hibernate-commons-annotations-5.0.1.Final.jar
7f01f0003000-7f01f0008000 r--s 00068000 00:28 11689482                   /data/poc/poc3/ForgeEssentials/lib/antlr-2.7.7.jar
7f01f0008000-7f01f0019000 r--s 000ee000 00:28 11688489                   /data/poc/poc3/mods/Surge-1.12.2-2.0.77.jar
7f01f0019000-7f01f001e000 r--s 00047000 00:28 11688483                   /data/poc/poc3/mods/sampler-1.84.jar
7f01f001e000-7f01f0029000 r--s 00085000 00:28 13571984                   /data/poc/poc3/mods/OpenSecurity-1.12.2-1.0-62.jar
7f01f0029000-7f01f0037000 r--s 000d5000 00:28 11688454                   /data/poc/poc3/mods/OpenFM-1.12.2-0.1.0.19.jar
7f01f0037000-7f01f00e1000 r--s 00e5f000 00:28 11688452                   /data/poc/poc3/mods/OpenComputers-MC1.12.2-1.7.5.212.jar
7f01f00e1000-7f01f0100000 r--s 001bb000 00:28 11688405                   /data/poc/poc3/mods/malisiscore-1.12.2-6.5.1.jar
7f01f0100000-7f01f012b000 r--s 00167000 00:28 11688403                   /data/poc/poc3/mods/LittleTiles_v1.5.0-pre199_26_mc1.12.2.jar
7f01f012b000-7f01f012e000 r--p 00000000 08:02 1569806                    /usr/lib/x86_64-linux-gnu/libgcc_s.so.1
7f01f012e000-7f01f013f000 r-xp 00003000 08:02 1569806                    /usr/lib/x86_64-linux-gnu/libgcc_s.so.1
7f01f013f000-7f01f0142000 r--p 00014000 08:02 1569806                    /usr/lib/x86_64-linux-gnu/libgcc_s.so.1
7f01f0142000-7f01f0143000 ---p 00017000 08:02 1569806                    /usr/lib/x86_64-linux-gnu/libgcc_s.so.1
7f01f0143000-7f01f0144000 r--p 00017000 08:02 1569806                    /usr/lib/x86_64-linux-gnu/libgcc_s.so.1
7f01f0144000-7f01f0145000 rw-p 00018000 08:02 1569806                    /usr/lib/x86_64-linux-gnu/libgcc_s.so.1
7f01f0145000-7f01f0146000 r--s 00003000 00:28 11689487                   /data/poc/poc3/ForgeEssentials/lib/geronimo-jta_1.1_spec-1.1.1.jar
7f01f0146000-7f01f0148000 r--s 00007000 00:28 11689486                   /data/poc/poc3/ForgeEssentials/lib/el-api-2.2.jar
7f01f0148000-7f01f0150000 r--s 00060000 00:28 13572001                   /data/poc/poc3/mods/mdxlib-3.0.0.26.jar
7f01f0150000-7f01f01b5000 r--s 00598000 00:28 11688388                   /data/poc/poc3/mods/Forgelin-1.8.4.jar
7f01f01b5000-7f01f03b5000 rw-p 00000000 00:00 0 
7f01f03b5000-7f01f05b5000 rw-p 00000000 00:00 0 
7f01f05b5000-7f01f05cd000 r-xp 00000000 08:02 915744                     /tmp/jna-3478/jna4854282659886106283.tmp (deleted)
7f01f05cd000-7f01f07cc000 ---p 00018000 08:02 915744                     /tmp/jna-3478/jna4854282659886106283.tmp (deleted)
7f01f07cc000-7f01f07ce000 rw-p 00017000 08:02 915744                     /tmp/jna-3478/jna4854282659886106283.tmp (deleted)
7f01f07ce000-7f01f07df000 r-xp 00000000 08:02 1964966                    /opt/jre1.8.0_111/lib/amd64/libnio.so
7f01f07df000-7f01f09de000 ---p 00011000 08:02 1964966                    /opt/jre1.8.0_111/lib/amd64/libnio.so
7f01f09de000-7f01f09df000 rw-p 00010000 08:02 1964966                    /opt/jre1.8.0_111/lib/amd64/libnio.so
7f01f09df000-7f01f39e0000 rw-p 00000000 00:00 0 
7f01f39e0000-7f01f39f6000 r-xp 00000000 08:02 1964952                    /opt/jre1.8.0_111/lib/amd64/libnet.so
7f01f39f6000-7f01f3bf6000 ---p 00016000 08:02 1964952                    /opt/jre1.8.0_111/lib/amd64/libnet.so
7f01f3bf6000-7f01f3bf7000 rw-p 00016000 08:02 1964952                    /opt/jre1.8.0_111/lib/amd64/libnet.so
7f01f3bf7000-7f01f3df7000 rw-p 00000000 00:00 0 
7f01f3df7000-7f01f3e00000 r-xp 00000000 08:02 1964917                    /opt/jre1.8.0_111/lib/amd64/libmanagement.so
7f01f3e00000-7f01f3fff000 ---p 00009000 08:02 1964917                    /opt/jre1.8.0_111/lib/amd64/libmanagement.so
7f01f3fff000-7f01f4000000 rw-p 00008000 08:02 1964917                    /opt/jre1.8.0_111/lib/amd64/libmanagement.so
7f01f4000000-7f01f4021000 rw-p 00000000 00:00 0 
7f01f4021000-7f01f8000000 ---p 00000000 00:00 0 
7f01f8000000-7f01f8021000 rw-p 00000000 00:00 0 
7f01f8021000-7f01fc000000 ---p 00000000 00:00 0 
7f01fc000000-7f01fdfc8000 rw-p 00000000 00:00 0 
7f01fdfc8000-7f0200000000 ---p 00000000 00:00 0 
7f0200000000-7f0200f5b000 rw-p 00000000 00:00 0 
7f0200f5b000-7f0204000000 ---p 00000000 00:00 0 
7f0204000000-7f0204021000 rw-p 00000000 00:00 0 
7f0204021000-7f0208000000 ---p 00000000 00:00 0 
7f0208000000-7f0209b4a000 rw-p 00000000 00:00 0 
7f0209b4a000-7f020c000000 ---p 00000000 00:00 0 
7f020c000000-7f020c04d000 rw-p 00000000 00:00 0 
7f020c04d000-7f0210000000 ---p 00000000 00:00 0 
7f0210000000-7f0210021000 rw-p 00000000 00:00 0 
7f0210021000-7f0214000000 ---p 00000000 00:00 0 
7f0214000000-7f021403e000 rw-p 00000000 00:00 0 
7f021403e000-7f0218000000 ---p 00000000 00:00 0 
7f0218000000-7f0218021000 rw-p 00000000 00:00 0 
7f0218021000-7f021c000000 ---p 00000000 00:00 0 
7f021c000000-7f021c021000 rw-p 00000000 00:00 0 
7f021c021000-7f0220000000 ---p 00000000 00:00 0 
7f0220000000-7f0220002000 r--s 0000e000 00:28 11689484                   /data/poc/poc3/ForgeEssentials/lib/classmate-1.3.0.jar
7f0220002000-7f0220004000 r--s 0000c000 00:28 13571989                   /data/poc/poc3/mods/TickCentral-3.2.jar
7f0220004000-7f0220005000 r--s 00002000 00:28 11688448                   /data/poc/poc3/mods/multihotbarcore-1.12.2-1.0.1-build-T22.jar
7f0220005000-7f0220007000 r--s 00009000 08:02 1964650                    /opt/jre1.8.0_111/lib/ext/sunec.jar
7f0220007000-7f022000b000 r--s 0003d000 00:28 11688396                   /data/poc/poc3/mods/InventoryTweaks-1.63.jar
7f022000b000-7f022000c000 r--s 0000b000 00:28 13110203                   /data/poc/poc3/mods/gottagofast-1.1.jar
7f022000c000-7f0220032000 r--s 00c0d000 00:28 11777560                   /data/poc/poc3/mods/forgeessentials-1.12.2-12.3.82-server.jar
7f0220032000-7f022003b000 r--s 000de000 00:28 13571980                   /data/poc/poc3/mods/ForgeEndertech-1.12.2-4.5.5.0-build.0561.jar
7f022003b000-7f0220040000 r--s 0002f000 00:28 13571998                   /data/poc/poc3/mods/foamfix-0.10.11-1.12.2.jar
7f0220040000-7f0220044000 r--s 0002d000 00:28 11688373                   /data/poc/poc3/mods/CTM-MC1.12.2-1.0.2.31.jar
7f0220044000-7f0220059000 r--s 0010b000 00:28 13571969                   /data/poc/poc3/mods/CreativeCore_v1.10.34_mc1.12.2.jar
7f0220059000-7f022005b000 r--s 00005000 00:28 11688360                   /data/poc/poc3/mods/ChunkAnimator-MC1.12-1.2.jar
7f022005b000-7f022005d000 r--s 0000c000 00:28 11688342                   /data/poc/poc3/mods/1.12.2/ChickenASM-1.12-1.0.2.7.jar
7f022005d000-7f0220060000 r--s 00023000 00:28 11688353                   /data/poc/poc3/mods/BetterFps-1.4.8.jar
7f0220060000-7f0220067000 r--s 00000000 08:02 1572818                    /usr/lib/x86_64-linux-gnu/gconv/gconv-modules.cache
7f0220067000-7f022008d000 r--p 00000000 08:02 1575657                    /usr/share/locale/de/LC_MESSAGES/libc.mo
7f022008d000-7f0220090000 ---p 00000000 00:00 0 
7f0220090000-7f02200c6000 rw-p 00000000 00:00 0 
7f02200c6000-7f02200d0000 r--s 00116000 08:02 1964655                    /opt/jre1.8.0_111/lib/ext/localedata.jar
7f02200d0000-7f02202d2000 r--s 01ad1000 00:28 11688239                   /data/poc/poc3/minecraft_server.1.12.2.jar
7f02202d2000-7f02202fa000 r--s 00241000 00:28 11688286                   /data/poc/poc3/libraries/net/sf/trove4j/trove4j/3.0.3/trove4j-3.0.3.jar
7f02202fa000-7f0220345000 r--s 003eb000 00:28 11688324                   /data/poc/poc3/libraries/org/scala-lang/scala-reflect/2.11.1/scala-reflect-2.11.1.jar
7f0220345000-7f0220435000 r--s 00c03000 00:28 11688315                   /data/poc/poc3/libraries/org/scala-lang/scala-compiler/2.11.1/scala-compiler-2.11.1.jar
7f0220435000-7f0220436000 ---p 00000000 00:00 0 
7f0220436000-7f0220536000 rw-p 00000000 00:00 0 
7f0220536000-7f0220539000 ---p 00000000 00:00 0 
7f0220539000-7f0220637000 rw-p 00000000 00:00 0 
7f0220637000-7f0220638000 ---p 00000000 00:00 0 
7f0220638000-7f022063b000 ---p 00000000 00:00 0 
7f022063b000-7f0220738000 rw-p 00000000 00:00 0 
7f0220738000-7f0220739000 ---p 00000000 00:00 0 
7f0220739000-7f022073c000 ---p 00000000 00:00 0 
7f022073c000-7f0220839000 rw-p 00000000 00:00 0 
7f0220839000-7f022083a000 ---p 00000000 00:00 0 
7f022083a000-7f022083d000 ---p 00000000 00:00 0 
7f022083d000-7f022093a000 rw-p 00000000 00:00 0 
7f022093a000-7f022093d000 ---p 00000000 00:00 0 
7f022093d000-7f0220a3b000 rw-p 00000000 00:00 0 
7f0220a3b000-7f0220a3e000 ---p 00000000 00:00 0 
7f0220a3e000-7f0220b3c000 rw-p 00000000 00:00 0 
7f0220b3c000-7f0220e21000 r--p 00000000 08:02 1570239                    /usr/lib/locale/locale-archive
7f0220e21000-7f0220e24000 ---p 00000000 00:00 0 
7f0220e24000-7f0220f22000 rw-p 00000000 00:00 0 
7f0220f22000-7f0220f25000 ---p 00000000 00:00 0 
7f0220f25000-7f0221023000 rw-p 00000000 00:00 0 
7f0221023000-7f0221024000 ---p 00000000 00:00 0 
7f0221024000-7f0221124000 rw-p 00000000 00:00 0 
7f0221124000-7f02212fc000 r--s 03d2a000 08:02 1969575                    /opt/jre1.8.0_111/lib/rt.jar
7f02212fc000-7f0221afc000 rw-p 00000000 00:00 0 
7f0221afc000-7f0224000000 rw-p 00000000 00:00 0 
7f0224000000-7f0224266000 rw-p 00000000 00:00 0 
7f0224266000-7f0228000000 ---p 00000000 00:00 0 
7f0228000000-7f0228021000 rw-p 00000000 00:00 0 
7f0228021000-7f022c000000 ---p 00000000 00:00 0 
7f022c000000-7f022d000000 rw-p 00000000 00:00 0 
7f022d000000-7f0232000000 ---p 00000000 00:00 0 
7f0232000000-7f0233000000 rw-p 00000000 00:00 0 
7f0233000000-7f0238000000 ---p 00000000 00:00 0 
7f0238000000-7f02380fc000 rw-p 00000000 00:00 0 
7f02380fc000-7f023c000000 ---p 00000000 00:00 0 
7f023c000000-7f023c169000 rw-p 00000000 00:00 0 
7f023c169000-7f0240000000 ---p 00000000 00:00 0 
7f0240000000-7f0240021000 rw-p 00000000 00:00 0 
7f0240021000-7f0244000000 ---p 00000000 00:00 0 
7f0244000000-7f02440d5000 rw-p 00000000 00:00 0 
7f02440d5000-7f0248000000 ---p 00000000 00:00 0 
7f0248000000-7f02480f2000 rw-p 00000000 00:00 0 
7f02480f2000-7f024c000000 ---p 00000000 00:00 0 
7f024c000000-7f024c001000 r--s 00005000 00:28 14230935                   /data/poc/poc3/mods/CrashToMainMenu-client-1.12.2-1.0.0.jar
7f024c001000-7f024c004000 r--s 0001a000 08:02 1964882                    /opt/jre1.8.0_111/lib/jce.jar
7f024c004000-7f024c008000 r--s 00097000 08:02 1964802                    /opt/jre1.8.0_111/lib/jsse.jar
7f024c008000-7f024c00a000 r--s 0000c000 00:28 11688292                   /data/poc/poc3/libraries/org/apache/maven/maven-artifact/3.5.3/maven-artifact-3.5.3.jar
7f024c00a000-7f024c00c000 r--s 0004c000 00:28 11688262                   /data/poc/poc3/libraries/java3d/vecmath/1.5.2/vecmath-1.5.2.jar
7f024c00c000-7f024c00f000 r--s 00011000 00:28 11688282                   /data/poc/poc3/libraries/net/sf/jopt-simple/jopt-simple/5.0.3/jopt-simple-5.0.3.jar
7f024c00f000-7f024c019000 r--s 00098000 00:28 11688330                   /data/poc/poc3/libraries/org/scala-lang/scala-xml_2.11/1.0.2/scala-xml_2.11-1.0.2.jar
7f024c019000-7f024c072000 r--s 00502000 00:28 11688318                   /data/poc/poc3/libraries/org/scala-lang/scala-library/2.11.1/scala-library-2.11.1.jar
7f024c072000-7f024c576000 rw-p 00000000 00:00 0 
7f024c576000-7f024c577000 ---p 00000000 00:00 0 
7f024c577000-7f024c677000 rw-p 00000000 00:00 0 
7f024c677000-7f024c678000 ---p 00000000 00:00 0 
7f024c678000-7f024caf9000 rw-p 00000000 00:00 0 
7f024caf9000-7f024d4f9000 ---p 00000000 00:00 0 
7f024d4f9000-7f024d6f9000 rw-p 00000000 00:00 0 
7f024d6f9000-7f024ecf9000 ---p 00000000 00:00 0 
7f024ecf9000-7f024eef9000 rw-p 00000000 00:00 0 
7f024eef9000-7f024f8f9000 ---p 00000000 00:00 0 
7f024f8f9000-7f024f8fa000 ---p 00000000 00:00 0 
7f024f8fa000-7f024f9fa000 rw-p 00000000 00:00 0 
7f024f9fa000-7f024f9fb000 ---p 00000000 00:00 0 
7f024f9fb000-7f024fafb000 rw-p 00000000 00:00 0 
7f024fafb000-7f024fafc000 ---p 00000000 00:00 0 
7f024fafc000-7f024fbfc000 rw-p 00000000 00:00 0 
7f024fbfc000-7f024fbfd000 ---p 00000000 00:00 0 
7f024fbfd000-7f024fcfd000 rw-p 00000000 00:00 0 
7f024fcfd000-7f024fcfe000 ---p 00000000 00:00 0 
7f024fcfe000-7f0250000000 rw-p 00000000 00:00 0 
7f0250000000-7f02500b5000 rw-p 00000000 00:00 0 
7f02500b5000-7f0254000000 ---p 00000000 00:00 0 
7f0254000000-7f0254103000 rw-p 00000000 00:00 0 
7f0254103000-7f0258000000 ---p 00000000 00:00 0 
7f0258000000-7f02580d0000 rw-p 00000000 00:00 0 
7f02580d0000-7f025c000000 ---p 00000000 00:00 0 
7f025c000000-7f025c001000 r--s 00001000 00:28 13844581                   /data/poc/poc3/mods/1.12.2/chunkgenlimiter-1.1-core.jar
7f025c001000-7f025c00c000 r--s 000a9000 00:28 11688327                   /data/poc/poc3/libraries/org/scala-lang/scala-swing_2.11/1.0.1/scala-swing_2.11-1.0.1.jar
7f025c00c000-7f025c017000 r--s 0005f000 00:28 11688321                   /data/poc/poc3/libraries/org/scala-lang/scala-parser-combinators_2.11/1.0.1/scala-parser-combinators_2.11-1.0.1.jar
7f025c017000-7f025c01d000 r--s 0002e000 00:28 11688309                   /data/poc/poc3/libraries/org/scala-lang/plugins/scala-continuations-plugin_2.11.1/1.0.2/scala-continuations-plugin_2.11.1-1.0.2.jar
7f025c01d000-7f025c01f000 r--s 00005000 00:28 11688306                   /data/poc/poc3/libraries/org/scala-lang/plugins/scala-continuations-library_2.11/1.0.2/scala-continuations-library_2.11-1.0.2.jar
7f025c01f000-7f025c021000 r--s 0000d000 00:28 11688312                   /data/poc/poc3/libraries/org/scala-lang/scala-actors-migration_2.11/1.1.0/scala-actors-migration_2.11-1.1.0.jar
7f025c021000-7f025c025000 r--s 00032000 00:28 11688258                   /data/poc/poc3/libraries/com/typesafe/config/1.2.1/config-1.2.1.jar
7f025c025000-7f025c04a000 r--s 0024b000 00:28 11688255                   /data/poc/poc3/libraries/com/typesafe/akka/akka-actor_2.11/2.3.3/akka-actor_2.11-2.3.3.jar
7f025c04a000-7f025c052000 r--s 0008f000 00:28 11688296                   /data/poc/poc3/libraries/org/jline/jline/3.5.1/jline-3.5.1.jar
7f025c052000-7f025c082000 r--s 00479000 00:28 11688238                   /data/poc/poc3/forge-1.12.2-14.23.5.2847-universal.jar
7f025c082000-7f025c085000 r--p 00000000 08:02 1570483                    /usr/lib/x86_64-linux-gnu/libnss_files-2.28.so
7f025c085000-7f025c08c000 r-xp 00003000 08:02 1570483                    /usr/lib/x86_64-linux-gnu/libnss_files-2.28.so
7f025c08c000-7f025c08e000 r--p 0000a000 08:02 1570483                    /usr/lib/x86_64-linux-gnu/libnss_files-2.28.so
7f025c08e000-7f025c08f000 ---p 0000c000 08:02 1570483                    /usr/lib/x86_64-linux-gnu/libnss_files-2.28.so
7f025c08f000-7f025c090000 r--p 0000c000 08:02 1570483                    /usr/lib/x86_64-linux-gnu/libnss_files-2.28.so
7f025c090000-7f025c091000 rw-p 0000d000 08:02 1570483                    /usr/lib/x86_64-linux-gnu/libnss_files-2.28.so
7f025c091000-7f025c2e8000 rw-p 00000000 00:00 0 
7f025c2e8000-7f025c2e9000 ---p 00000000 00:00 0 
7f025c2e9000-7f025c3e9000 rw-p 00000000 00:00 0 
7f025c3e9000-7f025c3ea000 ---p 00000000 00:00 0 
7f025c3ea000-7f025c4ea000 rw-p 00000000 00:00 0 
7f025c4ea000-7f025c4eb000 ---p 00000000 00:00 0 
7f025c4eb000-7f025c66f000 rw-p 00000000 00:00 0 
7f025c66f000-7f025c9ab000 ---p 00000000 00:00 0 
7f025c9ab000-7f025eaab000 rwxp 00000000 00:00 0 
7f025eaab000-7f026b9ab000 ---p 00000000 00:00 0 
7f026b9ab000-7f026b9c5000 r-xp 00000000 08:02 1964937                    /opt/jre1.8.0_111/lib/amd64/libzip.so
7f026b9c5000-7f026bbc5000 ---p 0001a000 08:02 1964937                    /opt/jre1.8.0_111/lib/amd64/libzip.so
7f026bbc5000-7f026bbc6000 rw-p 0001a000 08:02 1964937                    /opt/jre1.8.0_111/lib/amd64/libzip.so
7f026bbc6000-7f026bbf1000 r-xp 00000000 08:02 1964932                    /opt/jre1.8.0_111/lib/amd64/libjava.so
7f026bbf1000-7f026bdf0000 ---p 0002b000 08:02 1964932                    /opt/jre1.8.0_111/lib/amd64/libjava.so
7f026bdf0000-7f026bdf2000 rw-p 0002a000 08:02 1964932                    /opt/jre1.8.0_111/lib/amd64/libjava.so
7f026bdf2000-7f026bdff000 r-xp 00000000 08:02 1964948                    /opt/jre1.8.0_111/lib/amd64/libverify.so
7f026bdff000-7f026bffe000 ---p 0000d000 08:02 1964948                    /opt/jre1.8.0_111/lib/amd64/libverify.so
7f026bffe000-7f026c000000 rw-p 0000c000 08:02 1964948                    /opt/jre1.8.0_111/lib/amd64/libverify.so
7f026c000000-7f026d4dd000 rw-p 00000000 00:00 0 
7f026d4dd000-7f0270000000 ---p 00000000 00:00 0 
7f0270000000-7f0270001000 r--p 00000000 00:00 0 
7f0270001000-7f0270005000 r--s 00107000 00:28 11688273                   /data/poc/poc3/libraries/net/java/dev/jna/jna/4.4.0/jna-4.4.0.jar
7f0270005000-7f027000a000 r--s 00038000 00:28 11688301                   /data/poc/poc3/libraries/org/ow2/asm/asm-all/5.2/asm-all-5.2.jar
7f027000a000-7f027000c000 r--s 00007000 00:28 11688277                   /data/poc/poc3/libraries/net/minecraft/launchwrapper/1.12/launchwrapper-1.12.jar
7f027000c000-7f02700dd000 rw-p 00000000 00:00 0 
7f02700dd000-7f02700de000 ---p 00000000 00:00 0 
7f02700de000-7f02701de000 rw-p 00000000 00:00 0 
7f02701de000-7f02701e0000 r--p 00000000 08:02 1570491                    /usr/lib/x86_64-linux-gnu/librt-2.28.so
7f02701e0000-7f02701e4000 r-xp 00002000 08:02 1570491                    /usr/lib/x86_64-linux-gnu/librt-2.28.so
7f02701e4000-7f02701e6000 r--p 00006000 08:02 1570491                    /usr/lib/x86_64-linux-gnu/librt-2.28.so
7f02701e6000-7f02701e7000 r--p 00007000 08:02 1570491                    /usr/lib/x86_64-linux-gnu/librt-2.28.so
7f02701e7000-7f02701e8000 rw-p 00008000 08:02 1570491                    /usr/lib/x86_64-linux-gnu/librt-2.28.so
7f02701e8000-7f02701e9000 ---p 00000000 00:00 0 
7f02701e9000-7f02701ec000 ---p 00000000 00:00 0 
7f02701ec000-7f02702e9000 rw-p 00000000 00:00 0 
7f02702e9000-7f02702f6000 r--p 00000000 08:02 1570474                    /usr/lib/x86_64-linux-gnu/libm-2.28.so
7f02702f6000-7f0270395000 r-xp 0000d000 08:02 1570474                    /usr/lib/x86_64-linux-gnu/libm-2.28.so
7f0270395000-7f027046a000 r--p 000ac000 08:02 1570474                    /usr/lib/x86_64-linux-gnu/libm-2.28.so
7f027046a000-7f027046b000 r--p 00180000 08:02 1570474                    /usr/lib/x86_64-linux-gnu/libm-2.28.so
7f027046b000-7f027046c000 rw-p 00181000 08:02 1570474                    /usr/lib/x86_64-linux-gnu/libm-2.28.so
7f027046c000-7f0271139000 r-xp 00000000 08:02 1964960                    /opt/jre1.8.0_111/lib/amd64/server/libjvm.so
7f0271139000-7f0271338000 ---p 00ccd000 08:02 1964960                    /opt/jre1.8.0_111/lib/amd64/server/libjvm.so
7f0271338000-7f0271411000 rw-p 00ccc000 08:02 1964960                    /opt/jre1.8.0_111/lib/amd64/server/libjvm.so
7f0271411000-7f027145e000 rw-p 00000000 00:00 0 
7f027145e000-7f0271480000 r--p 00000000 08:02 1570471                    /usr/lib/x86_64-linux-gnu/libc-2.28.so
7f0271480000-7f02715c8000 r-xp 00022000 08:02 1570471                    /usr/lib/x86_64-linux-gnu/libc-2.28.so
7f02715c8000-7f0271614000 r--p 0016a000 08:02 1570471                    /usr/lib/x86_64-linux-gnu/libc-2.28.so
7f0271614000-7f0271615000 ---p 001b6000 08:02 1570471                    /usr/lib/x86_64-linux-gnu/libc-2.28.so
7f0271615000-7f0271619000 r--p 001b6000 08:02 1570471                    /usr/lib/x86_64-linux-gnu/libc-2.28.so
7f0271619000-7f027161b000 rw-p 001ba000 08:02 1570471                    /usr/lib/x86_64-linux-gnu/libc-2.28.so
7f027161b000-7f027161f000 rw-p 00000000 00:00 0 
7f027161f000-7f0271620000 r--p 00000000 08:02 1570473                    /usr/lib/x86_64-linux-gnu/libdl-2.28.so
7f0271620000-7f0271621000 r-xp 00001000 08:02 1570473                    /usr/lib/x86_64-linux-gnu/libdl-2.28.so
7f0271621000-7f0271622000 r--p 00002000 08:02 1570473                    /usr/lib/x86_64-linux-gnu/libdl-2.28.so
7f0271622000-7f0271623000 r--p 00002000 08:02 1570473                    /usr/lib/x86_64-linux-gnu/libdl-2.28.so
7f0271623000-7f0271624000 rw-p 00003000 08:02 1570473                    /usr/lib/x86_64-linux-gnu/libdl-2.28.so
7f0271624000-7f0271639000 r-xp 00000000 08:02 1964473                    /opt/jre1.8.0_111/lib/amd64/jli/libjli.so
7f0271639000-7f0271839000 ---p 00015000 08:02 1964473                    /opt/jre1.8.0_111/lib/amd64/jli/libjli.so
7f0271839000-7f027183a000 rw-p 00015000 08:02 1964473                    /opt/jre1.8.0_111/lib/amd64/jli/libjli.so
7f027183a000-7f0271840000 r--p 00000000 08:02 1570489                    /usr/lib/x86_64-linux-gnu/libpthread-2.28.so
7f0271840000-7f027184f000 r-xp 00006000 08:02 1570489                    /usr/lib/x86_64-linux-gnu/libpthread-2.28.so
7f027184f000-7f0271855000 r--p 00015000 08:02 1570489                    /usr/lib/x86_64-linux-gnu/libpthread-2.28.so
7f0271855000-7f0271856000 r--p 0001a000 08:02 1570489                    /usr/lib/x86_64-linux-gnu/libpthread-2.28.so
7f0271856000-7f0271857000 rw-p 0001b000 08:02 1570489                    /usr/lib/x86_64-linux-gnu/libpthread-2.28.so
7f0271857000-7f027185d000 rw-p 00000000 00:00 0 
7f027185d000-7f027185e000 r--s 00001000 00:28 11688266                   /data/poc/poc3/libraries/lzma/lzma/0.0.1/lzma-0.0.1.jar
7f027185e000-7f0271867000 rw-p 00000000 00:00 0 
7f0271867000-7f0271868000 r--p 00000000 00:00 0 
7f0271868000-7f0271869000 r--p 00000000 08:02 1569808                    /usr/lib/x86_64-linux-gnu/ld-2.28.so
7f0271869000-7f0271887000 r-xp 00001000 08:02 1569808                    /usr/lib/x86_64-linux-gnu/ld-2.28.so
7f0271887000-7f027188f000 r--p 0001f000 08:02 1569808                    /usr/lib/x86_64-linux-gnu/ld-2.28.so
7f027188f000-7f0271890000 r--p 00026000 08:02 1569808                    /usr/lib/x86_64-linux-gnu/ld-2.28.so
7f0271890000-7f0271891000 rw-p 00027000 08:02 1569808                    /usr/lib/x86_64-linux-gnu/ld-2.28.so
7f0271891000-7f0271892000 rw-p 00000000 00:00 0 
7ffdee3df000-7ffdee400000 rw-p 00000000 00:00 0                          [stack]
7ffdee407000-7ffdee40a000 r--p 00000000 00:00 0                          [vvar]
7ffdee40a000-7ffdee40c000 r-xp 00000000 00:00 0                          [vdso]

VM Arguments:
jvm_args: -Xms1024M -Xmx6144M -XX:+UseG1GC -XX:+ParallelRefProcEnabled -XX:MaxGCPauseMillis=200 -XX:+UnlockExperimentalVMOptions -XX:+DisableExplicitGC -XX:+AlwaysPreTouch -XX:G1NewSizePercent=30 -XX:G1MaxNewSizePercent=40 -XX:G1HeapRegionSize=8M -XX:G1ReservePercent=20 -XX:G1HeapWastePercent=5 -XX:G1MixedGCCountTarget=4 -XX:InitiatingHeapOccupancyPercent=15 -XX:G1MixedGCLiveThresholdPercent=90 -XX:G1RSetUpdatingPauseTimePercent=5 -XX:SurvivorRatio=32 -XX:+PerfDisableSharedMem -XX:MaxTenuringThreshold=1 -Dusing.aikars.flags=https://mcflags.emc.gs -Daikars.new.flags=true 
java_command: /data/poc/poc3/forge-1.12.2-14.23.5.2847-universal.jar nogui
java_class_path (initial): /data/poc/poc3/forge-1.12.2-14.23.5.2847-universal.jar
Launcher Type: SUN_STANDARD

Environment Variables:
PATH=/home/mc:/opt/jre/bin:/usr/local/sbin:/usr/local/bin:/usr/sbin:/usr/bin:/sbin:/bin
SHELL=/bin/bash

Signal Handlers:
SIGSEGV: [libjvm.so+0xac64b0], sa_mask[0]=11111111011111111101111111111110, sa_flags=SA_RESTART|SA_SIGINFO
SIGBUS: [libjvm.so+0xac64b0], sa_mask[0]=11111111011111111101111111111110, sa_flags=SA_RESTART|SA_SIGINFO
SIGFPE: [libjvm.so+0x91f950], sa_mask[0]=11111111011111111101111111111110, sa_flags=SA_RESTART|SA_SIGINFO
SIGPIPE: [libjvm.so+0x91f950], sa_mask[0]=11111111011111111101111111111110, sa_flags=SA_RESTART|SA_SIGINFO
SIGXFSZ: [libjvm.so+0x91f950], sa_mask[0]=11111111011111111101111111111110, sa_flags=SA_RESTART|SA_SIGINFO
SIGILL: [libjvm.so+0x91f950], sa_mask[0]=11111111011111111101111111111110, sa_flags=SA_RESTART|SA_SIGINFO
SIGUSR1: SIG_DFL, sa_mask[0]=00000000000000000000000000000000, sa_flags=none
SIGUSR2: [libjvm.so+0x920f80], sa_mask[0]=00000000000000000000000000000000, sa_flags=SA_RESTART|SA_SIGINFO
SIGHUP: [libjvm.so+0x922380], sa_mask[0]=11111111011111111101111111111110, sa_flags=SA_RESTART|SA_SIGINFO
SIGINT: [libjvm.so+0x922380], sa_mask[0]=11111111011111111101111111111110, sa_flags=SA_RESTART|SA_SIGINFO
SIGTERM: [libjvm.so+0x922380], sa_mask[0]=11111111011111111101111111111110, sa_flags=SA_RESTART|SA_SIGINFO
SIGQUIT: [libjvm.so+0x922380], sa_mask[0]=11111111011111111101111111111110, sa_flags=SA_RESTART|SA_SIGINFO


---------------  S Y S T E M  ---------------

OS:PRETTY_NAME="Debian GNU/Linux 10 (buster)"
NAME="Debian GNU/Linux"
VERSION_ID="10"
VERSION="10 (buster)"
VERSION_CODENAME=buster
ID=debian
HOME_URL="https://www.debian.org/"
SUPPORT_URL="https://www.debian.org/support"
BUG_REPORT_URL="https://bugs.debian.org/"

uname:Linux 4.19.0-14-amd64 #1 SMP Debian 4.19.171-2 (2021-01-30) x86_64
libc:glibc 2.28 NPTL 2.28 
rlimit: STACK 8192k, CORE 0k, NPROC 64035, NOFILE 1048576, AS infinity
load average:12,40 10,34 5,71

/proc/meminfo:
MemTotal:       16490348 kB
MemFree:         6062908 kB
MemAvailable:    7507900 kB
Buffers:           38732 kB
Cached:          1663336 kB
SwapCached:            0 kB
Active:          9437108 kB
Inactive:         697720 kB
Active(anon):    8433060 kB
Inactive(anon):    34456 kB
Active(file):    1004048 kB
Inactive(file):   663264 kB
Unevictable:           0 kB
Mlocked:               0 kB
SwapTotal:      26214396 kB
SwapFree:       26214396 kB
Dirty:              5804 kB
Writeback:             0 kB
AnonPages:       8430532 kB
Mapped:           151880 kB
Shmem:             34860 kB
Slab:             194016 kB
SReclaimable:     116932 kB
SUnreclaim:        77084 kB
KernelStack:        6592 kB
PageTables:        22848 kB
NFS_Unstable:          0 kB
Bounce:                0 kB
WritebackTmp:          0 kB
CommitLimit:    34459568 kB
Committed_AS:    8805056 kB
VmallocTotal:   34359738367 kB
VmallocUsed:           0 kB
VmallocChunk:          0 kB
Percpu:             2656 kB
HardwareCorrupted:     0 kB
AnonHugePages:   6457344 kB
ShmemHugePages:        0 kB
ShmemPmdMapped:        0 kB
HugePages_Total:       0
HugePages_Free:        0
HugePages_Rsvd:        0
HugePages_Surp:        0
Hugepagesize:       2048 kB
Hugetlb:               0 kB
DirectMap4k:       85760 kB
DirectMap2M:    16756736 kB


CPU:total 4 (2 cores per cpu, 1 threads per core) family 15 model 65 stepping 3, cmov, cx8, fxsr, mmx, sse, sse2, sse3, mmxext, 3dnowpref, tsc

/proc/cpuinfo:
processor	: 0
vendor_id	: AuthenticAMD
cpu family	: 15
model		: 65
model name	: Dual-Core AMD Opteron(tm) Processor 2218
stepping	: 3
cpu MHz		: 2600.000
cache size	: 1024 KB
physical id	: 0
siblings	: 2
core id		: 0
cpu cores	: 2
apicid		: 0
initial apicid	: 0
fpu		: yes
fpu_exception	: yes
cpuid level	: 1
wp		: yes
flags		: fpu vme de pse tsc msr pae mce cx8 apic sep mtrr pge mca cmov pat pse36 clflush mmx fxsr sse sse2 ht syscall nx mmxext fxsr_opt rdtscp lm 3dnowext 3dnow rep_good nopl cpuid extd_apicid pni cx16 lahf_lm cmp_legacy svm extapic cr8_legacy 3dnowprefetch vmmcall
bugs		: fxsave_leak sysret_ss_attrs null_seg swapgs_fence amd_e400 spectre_v1 spectre_v2
bogomips	: 5226.59
TLB size	: 1024 4K pages
clflush size	: 64
cache_alignment	: 64
address sizes	: 40 bits physical, 48 bits virtual
power management: ts fid vid ttp tm stc

processor	: 1
vendor_id	: AuthenticAMD
cpu family	: 15
model		: 65
model name	: Dual-Core AMD Opteron(tm) Processor 2218
stepping	: 3
cpu MHz		: 2600.000
cache size	: 1024 KB
physical id	: 0
siblings	: 2
core id		: 1
cpu cores	: 2
apicid		: 1
initial apicid	: 1
fpu		: yes
fpu_exception	: yes
cpuid level	: 1
wp		: yes
flags		: fpu vme de pse tsc msr pae mce cx8 apic sep mtrr pge mca cmov pat pse36 clflush mmx fxsr sse sse2 ht syscall nx mmxext fxsr_opt rdtscp lm 3dnowext 3dnow rep_good nopl cpuid extd_apicid pni cx16 lahf_lm cmp_legacy svm extapic cr8_legacy 3dnowprefetch vmmcall
bugs		: fxsave_leak sysret_ss_attrs null_seg swapgs_fence amd_e400 spectre_v1 spectre_v2
bogomips	: 5226.59
TLB size	: 1024 4K pages
clflush size	: 64
cache_alignment	: 64
address sizes	: 40 bits physical, 48 bits virtual
power management: ts fid vid ttp tm stc

processor	: 2
vendor_id	: AuthenticAMD
cpu family	: 15
model		: 65
model name	: Dual-Core AMD Opteron(tm) Processor 2218
stepping	: 3
cpu MHz		: 2600.000
cache size	: 1024 KB
physical id	: 1
siblings	: 2
core id		: 0
cpu cores	: 2
apicid		: 2
initial apicid	: 2
fpu		: yes
fpu_exception	: yes
cpuid level	: 1
wp		: yes
flags		: fpu vme de pse tsc msr pae mce cx8 apic sep mtrr pge mca cmov pat pse36 clflush mmx fxsr sse sse2 ht syscall nx mmxext fxsr_opt rdtscp lm 3dnowext 3dnow rep_good nopl cpuid extd_apicid pni cx16 lahf_lm cmp_legacy svm extapic cr8_legacy 3dnowprefetch vmmcall
bugs		: fxsave_leak sysret_ss_attrs null_seg swapgs_fence amd_e400 spectre_v1 spectre_v2
bogomips	: 5226.59
TLB size	: 1024 4K pages
clflush size	: 64
cache_alignment	: 64
address sizes	: 40 bits physical, 48 bits virtual
power management: ts fid vid ttp tm stc

processor	: 3
vendor_id	: AuthenticAMD
cpu family	: 15
model		: 65
model name	: Dual-Core AMD Opteron(tm) Processor 2218
stepping	: 3
cpu MHz		: 2600.000
cache size	: 1024 KB
physical id	: 1
siblings	: 2
core id		: 1
cpu cores	: 2
apicid		: 3
initial apicid	: 3
fpu		: yes
fpu_exception	: yes
cpuid level	: 1
wp		: yes
flags		: fpu vme de pse tsc msr pae mce cx8 apic sep mtrr pge mca cmov pat pse36 clflush mmx fxsr sse sse2 ht syscall nx mmxext fxsr_opt rdtscp lm 3dnowext 3dnow rep_good nopl cpuid extd_apicid pni cx16 lahf_lm cmp_legacy svm extapic cr8_legacy 3dnowprefetch vmmcall
bugs		: fxsave_leak sysret_ss_attrs null_seg swapgs_fence amd_e400 spectre_v1 spectre_v2
bogomips	: 5226.59
TLB size	: 1024 4K pages
clflush size	: 64
cache_alignment	: 64
address sizes	: 40 bits physical, 48 bits virtual
power management: ts fid vid ttp tm stc



Memory: 4k page, physical 16490348k(6062908k free), swap 26214396k(26214396k free)

vm_info: Java HotSpot(TM) 64-Bit Server VM (25.111-b14) for linux-amd64 JRE (1.8.0_111-b14), built on Sep 22 2016 16:14:03 by "java_re" with gcc 4.3.0 20080428 (Red Hat 4.3.0-8)

time: Mon Mar 29 19:41:50 2021
elapsed time: 375 seconds (0d 0h 6m 15s)

